E:\OPENJDK-JDK8U-JDK8U\HOTSPOT\BUILD\VS-AMD64\COMPILER2\FASTDEBUG\ABSTRACTCOMPILER.OBJ
E:\OPENJDK-JDK8U-JDK8U\HOTSPOT\BUILD\VS-AMD64\COMPILER2\FASTDEBUG\ABSTRACTCOMPILER.SBR
E:\OPENJDK-JDK8U-JDK8U\HOTSPOT\BUILD\VS-AMD64\COMPILER2\FASTDEBUG\ACCESSFLAGS.OBJ
E:\OPENJDK-JDK8U-JDK8U\HOTSPOT\BUILD\VS-AMD64\COMPILER2\FASTDEBUG\ACCESSFLAGS.SBR
E:\OPENJDK-JDK8U-JDK8U\HOTSPOT\BUILD\VS-AMD64\COMPILER2\FASTDEBUG\AD_X86_64.OBJ
E:\OPENJDK-JDK8U-JDK8U\HOTSPOT\BUILD\VS-AMD64\COMPILER2\FASTDEBUG\AD_X86_64.SBR
E:\OPENJDK-JDK8U-JDK8U\HOTSPOT\BUILD\VS-AMD64\COMPILER2\FASTDEBUG\AD_X86_64_CLONE.OBJ
E:\OPENJDK-JDK8U-JDK8U\HOTSPOT\BUILD\VS-AMD64\COMPILER2\FASTDEBUG\AD_X86_64_CLONE.SBR
E:\OPENJDK-JDK8U-JDK8U\HOTSPOT\BUILD\VS-AMD64\COMPILER2\FASTDEBUG\AD_X86_64_EXPAND.OBJ
E:\OPENJDK-JDK8U-JDK8U\HOTSPOT\BUILD\VS-AMD64\COMPILER2\FASTDEBUG\AD_X86_64_EXPAND.SBR
E:\OPENJDK-JDK8U-JDK8U\HOTSPOT\BUILD\VS-AMD64\COMPILER2\FASTDEBUG\AD_X86_64_FORMAT.OBJ
E:\OPENJDK-JDK8U-JDK8U\HOTSPOT\BUILD\VS-AMD64\COMPILER2\FASTDEBUG\AD_X86_64_FORMAT.SBR
E:\OPENJDK-JDK8U-JDK8U\HOTSPOT\BUILD\VS-AMD64\COMPILER2\FASTDEBUG\AD_X86_64_GEN.OBJ
E:\OPENJDK-JDK8U-JDK8U\HOTSPOT\BUILD\VS-AMD64\COMPILER2\FASTDEBUG\AD_X86_64_GEN.SBR
E:\OPENJDK-JDK8U-JDK8U\HOTSPOT\BUILD\VS-AMD64\COMPILER2\FASTDEBUG\AD_X86_64_MISC.OBJ
E:\OPENJDK-JDK8U-JDK8U\HOTSPOT\BUILD\VS-AMD64\COMPILER2\FASTDEBUG\AD_X86_64_MISC.SBR
E:\OPENJDK-JDK8U-JDK8U\HOTSPOT\BUILD\VS-AMD64\COMPILER2\FASTDEBUG\AD_X86_64_PEEPHOLE.OBJ
E:\OPENJDK-JDK8U-JDK8U\HOTSPOT\BUILD\VS-AMD64\COMPILER2\FASTDEBUG\AD_X86_64_PEEPHOLE.SBR
E:\OPENJDK-JDK8U-JDK8U\HOTSPOT\BUILD\VS-AMD64\COMPILER2\FASTDEBUG\AD_X86_64_PIPELINE.OBJ
E:\OPENJDK-JDK8U-JDK8U\HOTSPOT\BUILD\VS-AMD64\COMPILER2\FASTDEBUG\AD_X86_64_PIPELINE.SBR
E:\OPENJDK-JDK8U-JDK8U\HOTSPOT\BUILD\VS-AMD64\COMPILER2\FASTDEBUG\ADAPTIVEFREELIST.OBJ
E:\OPENJDK-JDK8U-JDK8U\HOTSPOT\BUILD\VS-AMD64\COMPILER2\FASTDEBUG\ADAPTIVEFREELIST.SBR
E:\OPENJDK-JDK8U-JDK8U\HOTSPOT\BUILD\VS-AMD64\COMPILER2\FASTDEBUG\ADAPTIVESIZEPOLICY.OBJ
E:\OPENJDK-JDK8U-JDK8U\HOTSPOT\BUILD\VS-AMD64\COMPILER2\FASTDEBUG\ADAPTIVESIZEPOLICY.SBR
E:\OPENJDK-JDK8U-JDK8U\HOTSPOT\BUILD\VS-AMD64\COMPILER2\FASTDEBUG\ADDNODE.OBJ
E:\OPENJDK-JDK8U-JDK8U\HOTSPOT\BUILD\VS-AMD64\COMPILER2\FASTDEBUG\ADDNODE.SBR
E:\OPENJDK-JDK8U-JDK8U\HOTSPOT\BUILD\VS-AMD64\COMPILER2\FASTDEBUG\ADJOININGGENERATIONS.OBJ
E:\OPENJDK-JDK8U-JDK8U\HOTSPOT\BUILD\VS-AMD64\COMPILER2\FASTDEBUG\ADJOININGGENERATIONS.SBR
E:\OPENJDK-JDK8U-JDK8U\HOTSPOT\BUILD\VS-AMD64\COMPILER2\FASTDEBUG\ADJOININGVIRTUALSPACES.OBJ
E:\OPENJDK-JDK8U-JDK8U\HOTSPOT\BUILD\VS-AMD64\COMPILER2\FASTDEBUG\ADJOININGVIRTUALSPACES.SBR
E:\OPENJDK-JDK8U-JDK8U\HOTSPOT\BUILD\VS-AMD64\COMPILER2\FASTDEBUG\ADVANCEDTHRESHOLDPOLICY.OBJ
E:\OPENJDK-JDK8U-JDK8U\HOTSPOT\BUILD\VS-AMD64\COMPILER2\FASTDEBUG\ADVANCEDTHRESHOLDPOLICY.SBR
E:\OPENJDK-JDK8U-JDK8U\HOTSPOT\BUILD\VS-AMD64\COMPILER2\FASTDEBUG\AGETABLE.OBJ
E:\OPENJDK-JDK8U-JDK8U\HOTSPOT\BUILD\VS-AMD64\COMPILER2\FASTDEBUG\AGETABLE.SBR
E:\OPENJDK-JDK8U-JDK8U\HOTSPOT\BUILD\VS-AMD64\COMPILER2\FASTDEBUG\ALLOCATION.OBJ
E:\OPENJDK-JDK8U-JDK8U\HOTSPOT\BUILD\VS-AMD64\COMPILER2\FASTDEBUG\ALLOCATION.SBR
E:\OPENJDK-JDK8U-JDK8U\HOTSPOT\BUILD\VS-AMD64\COMPILER2\FASTDEBUG\ALLOCATIONSTATS.OBJ
E:\OPENJDK-JDK8U-JDK8U\HOTSPOT\BUILD\VS-AMD64\COMPILER2\FASTDEBUG\ALLOCATIONSTATS.SBR
E:\OPENJDK-JDK8U-JDK8U\HOTSPOT\BUILD\VS-AMD64\COMPILER2\FASTDEBUG\ALLOCTRACER.OBJ
E:\OPENJDK-JDK8U-JDK8U\HOTSPOT\BUILD\VS-AMD64\COMPILER2\FASTDEBUG\ALLOCTRACER.SBR
E:\OPENJDK-JDK8U-JDK8U\HOTSPOT\BUILD\VS-AMD64\COMPILER2\FASTDEBUG\ALTHASHING.OBJ
E:\OPENJDK-JDK8U-JDK8U\HOTSPOT\BUILD\VS-AMD64\COMPILER2\FASTDEBUG\ALTHASHING.SBR
E:\OPENJDK-JDK8U-JDK8U\HOTSPOT\BUILD\VS-AMD64\COMPILER2\FASTDEBUG\ANNOTATIONS.OBJ
E:\OPENJDK-JDK8U-JDK8U\HOTSPOT\BUILD\VS-AMD64\COMPILER2\FASTDEBUG\ANNOTATIONS.SBR
E:\OPENJDK-JDK8U-JDK8U\HOTSPOT\BUILD\VS-AMD64\COMPILER2\FASTDEBUG\ARGUMENTS.OBJ
E:\OPENJDK-JDK8U-JDK8U\HOTSPOT\BUILD\VS-AMD64\COMPILER2\FASTDEBUG\ARGUMENTS.SBR
E:\OPENJDK-JDK8U-JDK8U\HOTSPOT\BUILD\VS-AMD64\COMPILER2\FASTDEBUG\ARRAY.OBJ
E:\OPENJDK-JDK8U-JDK8U\HOTSPOT\BUILD\VS-AMD64\COMPILER2\FASTDEBUG\ARRAY.SBR
E:\OPENJDK-JDK8U-JDK8U\HOTSPOT\BUILD\VS-AMD64\COMPILER2\FASTDEBUG\ARRAYKLASS.OBJ
E:\OPENJDK-JDK8U-JDK8U\HOTSPOT\BUILD\VS-AMD64\COMPILER2\FASTDEBUG\ARRAYKLASS.SBR
E:\OPENJDK-JDK8U-JDK8U\HOTSPOT\BUILD\VS-AMD64\COMPILER2\FASTDEBUG\ARRAYOOP.OBJ
E:\OPENJDK-JDK8U-JDK8U\HOTSPOT\BUILD\VS-AMD64\COMPILER2\FASTDEBUG\ARRAYOOP.SBR
E:\OPENJDK-JDK8U-JDK8U\HOTSPOT\BUILD\VS-AMD64\COMPILER2\FASTDEBUG\ASPARNEWGENERATION.OBJ
E:\OPENJDK-JDK8U-JDK8U\HOTSPOT\BUILD\VS-AMD64\COMPILER2\FASTDEBUG\ASPARNEWGENERATION.SBR
E:\OPENJDK-JDK8U-JDK8U\HOTSPOT\BUILD\VS-AMD64\COMPILER2\FASTDEBUG\ASPSOLDGEN.OBJ
E:\OPENJDK-JDK8U-JDK8U\HOTSPOT\BUILD\VS-AMD64\COMPILER2\FASTDEBUG\ASPSOLDGEN.SBR
E:\OPENJDK-JDK8U-JDK8U\HOTSPOT\BUILD\VS-AMD64\COMPILER2\FASTDEBUG\ASPSYOUNGGEN.OBJ
E:\OPENJDK-JDK8U-JDK8U\HOTSPOT\BUILD\VS-AMD64\COMPILER2\FASTDEBUG\ASPSYOUNGGEN.SBR
E:\OPENJDK-JDK8U-JDK8U\HOTSPOT\BUILD\VS-AMD64\COMPILER2\FASTDEBUG\ASSEMBLER.OBJ
E:\OPENJDK-JDK8U-JDK8U\HOTSPOT\BUILD\VS-AMD64\COMPILER2\FASTDEBUG\ASSEMBLER.SBR
E:\OPENJDK-JDK8U-JDK8U\HOTSPOT\BUILD\VS-AMD64\COMPILER2\FASTDEBUG\ASSEMBLER_WINDOWS_X86.OBJ
E:\OPENJDK-JDK8U-JDK8U\HOTSPOT\BUILD\VS-AMD64\COMPILER2\FASTDEBUG\ASSEMBLER_WINDOWS_X86.SBR
E:\OPENJDK-JDK8U-JDK8U\HOTSPOT\BUILD\VS-AMD64\COMPILER2\FASTDEBUG\ASSEMBLER_X86.OBJ
E:\OPENJDK-JDK8U-JDK8U\HOTSPOT\BUILD\VS-AMD64\COMPILER2\FASTDEBUG\ASSEMBLER_X86.SBR
E:\OPENJDK-JDK8U-JDK8U\HOTSPOT\BUILD\VS-AMD64\COMPILER2\FASTDEBUG\ATOMIC.OBJ
E:\OPENJDK-JDK8U-JDK8U\HOTSPOT\BUILD\VS-AMD64\COMPILER2\FASTDEBUG\ATOMIC.SBR
E:\OPENJDK-JDK8U-JDK8U\HOTSPOT\BUILD\VS-AMD64\COMPILER2\FASTDEBUG\ATTACHLISTENER.OBJ
E:\OPENJDK-JDK8U-JDK8U\HOTSPOT\BUILD\VS-AMD64\COMPILER2\FASTDEBUG\ATTACHLISTENER.SBR
E:\OPENJDK-JDK8U-JDK8U\HOTSPOT\BUILD\VS-AMD64\COMPILER2\FASTDEBUG\ATTACHLISTENER_WINDOWS.OBJ
E:\OPENJDK-JDK8U-JDK8U\HOTSPOT\BUILD\VS-AMD64\COMPILER2\FASTDEBUG\ATTACHLISTENER_WINDOWS.SBR
E:\OPENJDK-JDK8U-JDK8U\HOTSPOT\BUILD\VS-AMD64\COMPILER2\FASTDEBUG\BARRIERSET.OBJ
E:\OPENJDK-JDK8U-JDK8U\HOTSPOT\BUILD\VS-AMD64\COMPILER2\FASTDEBUG\BARRIERSET.SBR
E:\OPENJDK-JDK8U-JDK8U\HOTSPOT\BUILD\VS-AMD64\COMPILER2\FASTDEBUG\BASICLOCK.OBJ
E:\OPENJDK-JDK8U-JDK8U\HOTSPOT\BUILD\VS-AMD64\COMPILER2\FASTDEBUG\BASICLOCK.SBR
E:\OPENJDK-JDK8U-JDK8U\HOTSPOT\BUILD\VS-AMD64\COMPILER2\FASTDEBUG\BCESCAPEANALYZER.OBJ
E:\OPENJDK-JDK8U-JDK8U\HOTSPOT\BUILD\VS-AMD64\COMPILER2\FASTDEBUG\BCESCAPEANALYZER.SBR
E:\OPENJDK-JDK8U-JDK8U\HOTSPOT\BUILD\VS-AMD64\COMPILER2\FASTDEBUG\BIASEDLOCKING.OBJ
E:\OPENJDK-JDK8U-JDK8U\HOTSPOT\BUILD\VS-AMD64\COMPILER2\FASTDEBUG\BIASEDLOCKING.SBR
E:\OPENJDK-JDK8U-JDK8U\HOTSPOT\BUILD\VS-AMD64\COMPILER2\FASTDEBUG\BINARYTREEDICTIONARY.OBJ
E:\OPENJDK-JDK8U-JDK8U\HOTSPOT\BUILD\VS-AMD64\COMPILER2\FASTDEBUG\BINARYTREEDICTIONARY.SBR
E:\OPENJDK-JDK8U-JDK8U\HOTSPOT\BUILD\VS-AMD64\COMPILER2\FASTDEBUG\BITMAP.OBJ
E:\OPENJDK-JDK8U-JDK8U\HOTSPOT\BUILD\VS-AMD64\COMPILER2\FASTDEBUG\BITMAP.SBR
E:\OPENJDK-JDK8U-JDK8U\HOTSPOT\BUILD\VS-AMD64\COMPILER2\FASTDEBUG\BLOCK.OBJ
E:\OPENJDK-JDK8U-JDK8U\HOTSPOT\BUILD\VS-AMD64\COMPILER2\FASTDEBUG\BLOCK.SBR
E:\OPENJDK-JDK8U-JDK8U\HOTSPOT\BUILD\VS-AMD64\COMPILER2\FASTDEBUG\BLOCKOFFSETTABLE.OBJ
E:\OPENJDK-JDK8U-JDK8U\HOTSPOT\BUILD\VS-AMD64\COMPILER2\FASTDEBUG\BLOCKOFFSETTABLE.SBR
E:\openjdk-jdk8u-jdk8u\hotspot\build\vs-amd64\compiler2\fastdebug\BscMake.command.1.tlog
E:\openjdk-jdk8u-jdk8u\hotspot\build\vs-amd64\compiler2\fastdebug\bscmake.read.1.tlog
E:\openjdk-jdk8u-jdk8u\hotspot\build\vs-amd64\compiler2\fastdebug\bscmake.write.1.tlog
E:\OPENJDK-JDK8U-JDK8U\HOTSPOT\BUILD\VS-AMD64\COMPILER2\FASTDEBUG\BUFFERINGOOPCLOSURE.OBJ
E:\OPENJDK-JDK8U-JDK8U\HOTSPOT\BUILD\VS-AMD64\COMPILER2\FASTDEBUG\BUFFERINGOOPCLOSURE.SBR
E:\OPENJDK-JDK8U-JDK8U\HOTSPOT\BUILD\VS-AMD64\COMPILER2\FASTDEBUG\BUILDOOPMAP.OBJ
E:\OPENJDK-JDK8U-JDK8U\HOTSPOT\BUILD\VS-AMD64\COMPILER2\FASTDEBUG\BUILDOOPMAP.SBR
E:\OPENJDK-JDK8U-JDK8U\HOTSPOT\BUILD\VS-AMD64\COMPILER2\FASTDEBUG\BYTECODE.OBJ
E:\OPENJDK-JDK8U-JDK8U\HOTSPOT\BUILD\VS-AMD64\COMPILER2\FASTDEBUG\BYTECODE.SBR
E:\OPENJDK-JDK8U-JDK8U\HOTSPOT\BUILD\VS-AMD64\COMPILER2\FASTDEBUG\BYTECODEASSEMBLER.OBJ
E:\OPENJDK-JDK8U-JDK8U\HOTSPOT\BUILD\VS-AMD64\COMPILER2\FASTDEBUG\BYTECODEASSEMBLER.SBR
E:\OPENJDK-JDK8U-JDK8U\HOTSPOT\BUILD\VS-AMD64\COMPILER2\FASTDEBUG\BYTECODEHISTOGRAM.OBJ
E:\OPENJDK-JDK8U-JDK8U\HOTSPOT\BUILD\VS-AMD64\COMPILER2\FASTDEBUG\BYTECODEHISTOGRAM.SBR
E:\OPENJDK-JDK8U-JDK8U\HOTSPOT\BUILD\VS-AMD64\COMPILER2\FASTDEBUG\BYTECODEINFO.OBJ
E:\OPENJDK-JDK8U-JDK8U\HOTSPOT\BUILD\VS-AMD64\COMPILER2\FASTDEBUG\BYTECODEINFO.SBR
E:\OPENJDK-JDK8U-JDK8U\HOTSPOT\BUILD\VS-AMD64\COMPILER2\FASTDEBUG\BYTECODEINTERPRETER.OBJ
E:\OPENJDK-JDK8U-JDK8U\HOTSPOT\BUILD\VS-AMD64\COMPILER2\FASTDEBUG\BYTECODEINTERPRETER.SBR
E:\OPENJDK-JDK8U-JDK8U\HOTSPOT\BUILD\VS-AMD64\COMPILER2\FASTDEBUG\BYTECODEINTERPRETER_X86.OBJ
E:\OPENJDK-JDK8U-JDK8U\HOTSPOT\BUILD\VS-AMD64\COMPILER2\FASTDEBUG\BYTECODEINTERPRETER_X86.SBR
E:\OPENJDK-JDK8U-JDK8U\HOTSPOT\BUILD\VS-AMD64\COMPILER2\FASTDEBUG\BYTECODEINTERPRETERWITHCHECKS.OBJ
E:\OPENJDK-JDK8U-JDK8U\HOTSPOT\BUILD\VS-AMD64\COMPILER2\FASTDEBUG\BYTECODEINTERPRETERWITHCHECKS.SBR
E:\OPENJDK-JDK8U-JDK8U\HOTSPOT\BUILD\VS-AMD64\COMPILER2\FASTDEBUG\BYTECODES.OBJ
E:\OPENJDK-JDK8U-JDK8U\HOTSPOT\BUILD\VS-AMD64\COMPILER2\FASTDEBUG\BYTECODES.SBR
E:\OPENJDK-JDK8U-JDK8U\HOTSPOT\BUILD\VS-AMD64\COMPILER2\FASTDEBUG\BYTECODES_X86.OBJ
E:\OPENJDK-JDK8U-JDK8U\HOTSPOT\BUILD\VS-AMD64\COMPILER2\FASTDEBUG\BYTECODES_X86.SBR
E:\OPENJDK-JDK8U-JDK8U\HOTSPOT\BUILD\VS-AMD64\COMPILER2\FASTDEBUG\BYTECODESTREAM.OBJ
E:\OPENJDK-JDK8U-JDK8U\HOTSPOT\BUILD\VS-AMD64\COMPILER2\FASTDEBUG\BYTECODESTREAM.SBR
E:\OPENJDK-JDK8U-JDK8U\HOTSPOT\BUILD\VS-AMD64\COMPILER2\FASTDEBUG\BYTECODETRACER.OBJ
E:\OPENJDK-JDK8U-JDK8U\HOTSPOT\BUILD\VS-AMD64\COMPILER2\FASTDEBUG\BYTECODETRACER.SBR
E:\OPENJDK-JDK8U-JDK8U\HOTSPOT\BUILD\VS-AMD64\COMPILER2\FASTDEBUG\C2_GLOBALS.OBJ
E:\OPENJDK-JDK8U-JDK8U\HOTSPOT\BUILD\VS-AMD64\COMPILER2\FASTDEBUG\C2_GLOBALS.SBR
E:\OPENJDK-JDK8U-JDK8U\HOTSPOT\BUILD\VS-AMD64\COMPILER2\FASTDEBUG\C2_INIT_X86.OBJ
E:\OPENJDK-JDK8U-JDK8U\HOTSPOT\BUILD\VS-AMD64\COMPILER2\FASTDEBUG\C2_INIT_X86.SBR
E:\OPENJDK-JDK8U-JDK8U\HOTSPOT\BUILD\VS-AMD64\COMPILER2\FASTDEBUG\C2COMPILER.OBJ
E:\OPENJDK-JDK8U-JDK8U\HOTSPOT\BUILD\VS-AMD64\COMPILER2\FASTDEBUG\C2COMPILER.SBR
E:\OPENJDK-JDK8U-JDK8U\HOTSPOT\BUILD\VS-AMD64\COMPILER2\FASTDEBUG\CALLGENERATOR.OBJ
E:\OPENJDK-JDK8U-JDK8U\HOTSPOT\BUILD\VS-AMD64\COMPILER2\FASTDEBUG\CALLGENERATOR.SBR
E:\OPENJDK-JDK8U-JDK8U\HOTSPOT\BUILD\VS-AMD64\COMPILER2\FASTDEBUG\CALLNODE.OBJ
E:\OPENJDK-JDK8U-JDK8U\HOTSPOT\BUILD\VS-AMD64\COMPILER2\FASTDEBUG\CALLNODE.SBR
E:\OPENJDK-JDK8U-JDK8U\HOTSPOT\BUILD\VS-AMD64\COMPILER2\FASTDEBUG\CARDTABLEEXTENSION.OBJ
E:\OPENJDK-JDK8U-JDK8U\HOTSPOT\BUILD\VS-AMD64\COMPILER2\FASTDEBUG\CARDTABLEEXTENSION.SBR
E:\OPENJDK-JDK8U-JDK8U\HOTSPOT\BUILD\VS-AMD64\COMPILER2\FASTDEBUG\CARDTABLEMODREFBS.OBJ
E:\OPENJDK-JDK8U-JDK8U\HOTSPOT\BUILD\VS-AMD64\COMPILER2\FASTDEBUG\CARDTABLEMODREFBS.SBR
E:\OPENJDK-JDK8U-JDK8U\HOTSPOT\BUILD\VS-AMD64\COMPILER2\FASTDEBUG\CARDTABLERS.OBJ
E:\OPENJDK-JDK8U-JDK8U\HOTSPOT\BUILD\VS-AMD64\COMPILER2\FASTDEBUG\CARDTABLERS.SBR
E:\OPENJDK-JDK8U-JDK8U\HOTSPOT\BUILD\VS-AMD64\COMPILER2\FASTDEBUG\CFGNODE.OBJ
E:\OPENJDK-JDK8U-JDK8U\HOTSPOT\BUILD\VS-AMD64\COMPILER2\FASTDEBUG\CFGNODE.SBR
E:\OPENJDK-JDK8U-JDK8U\HOTSPOT\BUILD\VS-AMD64\COMPILER2\FASTDEBUG\CHAITIN.OBJ
E:\OPENJDK-JDK8U-JDK8U\HOTSPOT\BUILD\VS-AMD64\COMPILER2\FASTDEBUG\CHAITIN.SBR
E:\OPENJDK-JDK8U-JDK8U\HOTSPOT\BUILD\VS-AMD64\COMPILER2\FASTDEBUG\CHUNKEDLIST.OBJ
E:\OPENJDK-JDK8U-JDK8U\HOTSPOT\BUILD\VS-AMD64\COMPILER2\FASTDEBUG\CHUNKEDLIST.SBR
E:\OPENJDK-JDK8U-JDK8U\HOTSPOT\BUILD\VS-AMD64\COMPILER2\FASTDEBUG\CIARRAY.OBJ
E:\OPENJDK-JDK8U-JDK8U\HOTSPOT\BUILD\VS-AMD64\COMPILER2\FASTDEBUG\CIARRAY.SBR
E:\OPENJDK-JDK8U-JDK8U\HOTSPOT\BUILD\VS-AMD64\COMPILER2\FASTDEBUG\CIARRAYKLASS.OBJ
E:\OPENJDK-JDK8U-JDK8U\HOTSPOT\BUILD\VS-AMD64\COMPILER2\FASTDEBUG\CIARRAYKLASS.SBR
E:\OPENJDK-JDK8U-JDK8U\HOTSPOT\BUILD\VS-AMD64\COMPILER2\FASTDEBUG\CIBASEOBJECT.OBJ
E:\OPENJDK-JDK8U-JDK8U\HOTSPOT\BUILD\VS-AMD64\COMPILER2\FASTDEBUG\CIBASEOBJECT.SBR
E:\OPENJDK-JDK8U-JDK8U\HOTSPOT\BUILD\VS-AMD64\COMPILER2\FASTDEBUG\CICALLSITE.OBJ
E:\OPENJDK-JDK8U-JDK8U\HOTSPOT\BUILD\VS-AMD64\COMPILER2\FASTDEBUG\CICALLSITE.SBR
E:\OPENJDK-JDK8U-JDK8U\HOTSPOT\BUILD\VS-AMD64\COMPILER2\FASTDEBUG\CICONSTANT.OBJ
E:\OPENJDK-JDK8U-JDK8U\HOTSPOT\BUILD\VS-AMD64\COMPILER2\FASTDEBUG\CICONSTANT.SBR
E:\OPENJDK-JDK8U-JDK8U\HOTSPOT\BUILD\VS-AMD64\COMPILER2\FASTDEBUG\CICONSTANTPOOLCACHE.OBJ
E:\OPENJDK-JDK8U-JDK8U\HOTSPOT\BUILD\VS-AMD64\COMPILER2\FASTDEBUG\CICONSTANTPOOLCACHE.SBR
E:\OPENJDK-JDK8U-JDK8U\HOTSPOT\BUILD\VS-AMD64\COMPILER2\FASTDEBUG\CIENV.OBJ
E:\OPENJDK-JDK8U-JDK8U\HOTSPOT\BUILD\VS-AMD64\COMPILER2\FASTDEBUG\CIENV.SBR
E:\OPENJDK-JDK8U-JDK8U\HOTSPOT\BUILD\VS-AMD64\COMPILER2\FASTDEBUG\CIEXCEPTIONHANDLER.OBJ
E:\OPENJDK-JDK8U-JDK8U\HOTSPOT\BUILD\VS-AMD64\COMPILER2\FASTDEBUG\CIEXCEPTIONHANDLER.SBR
E:\OPENJDK-JDK8U-JDK8U\HOTSPOT\BUILD\VS-AMD64\COMPILER2\FASTDEBUG\CIFIELD.OBJ
E:\OPENJDK-JDK8U-JDK8U\HOTSPOT\BUILD\VS-AMD64\COMPILER2\FASTDEBUG\CIFIELD.SBR
E:\OPENJDK-JDK8U-JDK8U\HOTSPOT\BUILD\VS-AMD64\COMPILER2\FASTDEBUG\CIFLAGS.OBJ
E:\OPENJDK-JDK8U-JDK8U\HOTSPOT\BUILD\VS-AMD64\COMPILER2\FASTDEBUG\CIFLAGS.SBR
E:\OPENJDK-JDK8U-JDK8U\HOTSPOT\BUILD\VS-AMD64\COMPILER2\FASTDEBUG\CIINSTANCE.OBJ
E:\OPENJDK-JDK8U-JDK8U\HOTSPOT\BUILD\VS-AMD64\COMPILER2\FASTDEBUG\CIINSTANCE.SBR
E:\OPENJDK-JDK8U-JDK8U\HOTSPOT\BUILD\VS-AMD64\COMPILER2\FASTDEBUG\CIINSTANCEKLASS.OBJ
E:\OPENJDK-JDK8U-JDK8U\HOTSPOT\BUILD\VS-AMD64\COMPILER2\FASTDEBUG\CIINSTANCEKLASS.SBR
E:\OPENJDK-JDK8U-JDK8U\HOTSPOT\BUILD\VS-AMD64\COMPILER2\FASTDEBUG\CIKLASS.OBJ
E:\OPENJDK-JDK8U-JDK8U\HOTSPOT\BUILD\VS-AMD64\COMPILER2\FASTDEBUG\CIKLASS.SBR
E:\OPENJDK-JDK8U-JDK8U\HOTSPOT\BUILD\VS-AMD64\COMPILER2\FASTDEBUG\CIMEMBERNAME.OBJ
E:\OPENJDK-JDK8U-JDK8U\HOTSPOT\BUILD\VS-AMD64\COMPILER2\FASTDEBUG\CIMEMBERNAME.SBR
E:\OPENJDK-JDK8U-JDK8U\HOTSPOT\BUILD\VS-AMD64\COMPILER2\FASTDEBUG\CIMETADATA.OBJ
E:\OPENJDK-JDK8U-JDK8U\HOTSPOT\BUILD\VS-AMD64\COMPILER2\FASTDEBUG\CIMETADATA.SBR
E:\OPENJDK-JDK8U-JDK8U\HOTSPOT\BUILD\VS-AMD64\COMPILER2\FASTDEBUG\CIMETHOD.OBJ
E:\OPENJDK-JDK8U-JDK8U\HOTSPOT\BUILD\VS-AMD64\COMPILER2\FASTDEBUG\CIMETHOD.SBR
E:\OPENJDK-JDK8U-JDK8U\HOTSPOT\BUILD\VS-AMD64\COMPILER2\FASTDEBUG\CIMETHODBLOCKS.OBJ
E:\OPENJDK-JDK8U-JDK8U\HOTSPOT\BUILD\VS-AMD64\COMPILER2\FASTDEBUG\CIMETHODBLOCKS.SBR
E:\OPENJDK-JDK8U-JDK8U\HOTSPOT\BUILD\VS-AMD64\COMPILER2\FASTDEBUG\CIMETHODDATA.OBJ
E:\OPENJDK-JDK8U-JDK8U\HOTSPOT\BUILD\VS-AMD64\COMPILER2\FASTDEBUG\CIMETHODDATA.SBR
E:\OPENJDK-JDK8U-JDK8U\HOTSPOT\BUILD\VS-AMD64\COMPILER2\FASTDEBUG\CIMETHODHANDLE.OBJ
E:\OPENJDK-JDK8U-JDK8U\HOTSPOT\BUILD\VS-AMD64\COMPILER2\FASTDEBUG\CIMETHODHANDLE.SBR
E:\OPENJDK-JDK8U-JDK8U\HOTSPOT\BUILD\VS-AMD64\COMPILER2\FASTDEBUG\CINULLOBJECT.OBJ
E:\OPENJDK-JDK8U-JDK8U\HOTSPOT\BUILD\VS-AMD64\COMPILER2\FASTDEBUG\CINULLOBJECT.SBR
E:\OPENJDK-JDK8U-JDK8U\HOTSPOT\BUILD\VS-AMD64\COMPILER2\FASTDEBUG\CIOBJARRAY.OBJ
E:\OPENJDK-JDK8U-JDK8U\HOTSPOT\BUILD\VS-AMD64\COMPILER2\FASTDEBUG\CIOBJARRAY.SBR
E:\OPENJDK-JDK8U-JDK8U\HOTSPOT\BUILD\VS-AMD64\COMPILER2\FASTDEBUG\CIOBJARRAYKLASS.OBJ
E:\OPENJDK-JDK8U-JDK8U\HOTSPOT\BUILD\VS-AMD64\COMPILER2\FASTDEBUG\CIOBJARRAYKLASS.SBR
E:\OPENJDK-JDK8U-JDK8U\HOTSPOT\BUILD\VS-AMD64\COMPILER2\FASTDEBUG\CIOBJECT.OBJ
E:\OPENJDK-JDK8U-JDK8U\HOTSPOT\BUILD\VS-AMD64\COMPILER2\FASTDEBUG\CIOBJECT.SBR
E:\OPENJDK-JDK8U-JDK8U\HOTSPOT\BUILD\VS-AMD64\COMPILER2\FASTDEBUG\CIOBJECTFACTORY.OBJ
E:\OPENJDK-JDK8U-JDK8U\HOTSPOT\BUILD\VS-AMD64\COMPILER2\FASTDEBUG\CIOBJECTFACTORY.SBR
E:\OPENJDK-JDK8U-JDK8U\HOTSPOT\BUILD\VS-AMD64\COMPILER2\FASTDEBUG\CIREPLAY.OBJ
E:\OPENJDK-JDK8U-JDK8U\HOTSPOT\BUILD\VS-AMD64\COMPILER2\FASTDEBUG\CIREPLAY.SBR
E:\OPENJDK-JDK8U-JDK8U\HOTSPOT\BUILD\VS-AMD64\COMPILER2\FASTDEBUG\CISIGNATURE.OBJ
E:\OPENJDK-JDK8U-JDK8U\HOTSPOT\BUILD\VS-AMD64\COMPILER2\FASTDEBUG\CISIGNATURE.SBR
E:\OPENJDK-JDK8U-JDK8U\HOTSPOT\BUILD\VS-AMD64\COMPILER2\FASTDEBUG\CISTREAMS.OBJ
E:\OPENJDK-JDK8U-JDK8U\HOTSPOT\BUILD\VS-AMD64\COMPILER2\FASTDEBUG\CISTREAMS.SBR
E:\OPENJDK-JDK8U-JDK8U\HOTSPOT\BUILD\VS-AMD64\COMPILER2\FASTDEBUG\CISYMBOL.OBJ
E:\OPENJDK-JDK8U-JDK8U\HOTSPOT\BUILD\VS-AMD64\COMPILER2\FASTDEBUG\CISYMBOL.SBR
E:\OPENJDK-JDK8U-JDK8U\HOTSPOT\BUILD\VS-AMD64\COMPILER2\FASTDEBUG\CITYPE.OBJ
E:\OPENJDK-JDK8U-JDK8U\HOTSPOT\BUILD\VS-AMD64\COMPILER2\FASTDEBUG\CITYPE.SBR
E:\OPENJDK-JDK8U-JDK8U\HOTSPOT\BUILD\VS-AMD64\COMPILER2\FASTDEBUG\CITYPEARRAY.OBJ
E:\OPENJDK-JDK8U-JDK8U\HOTSPOT\BUILD\VS-AMD64\COMPILER2\FASTDEBUG\CITYPEARRAY.SBR
E:\OPENJDK-JDK8U-JDK8U\HOTSPOT\BUILD\VS-AMD64\COMPILER2\FASTDEBUG\CITYPEARRAYKLASS.OBJ
E:\OPENJDK-JDK8U-JDK8U\HOTSPOT\BUILD\VS-AMD64\COMPILER2\FASTDEBUG\CITYPEARRAYKLASS.SBR
E:\OPENJDK-JDK8U-JDK8U\HOTSPOT\BUILD\VS-AMD64\COMPILER2\FASTDEBUG\CITYPEFLOW.OBJ
E:\OPENJDK-JDK8U-JDK8U\HOTSPOT\BUILD\VS-AMD64\COMPILER2\FASTDEBUG\CITYPEFLOW.SBR
E:\OPENJDK-JDK8U-JDK8U\HOTSPOT\BUILD\VS-AMD64\COMPILER2\FASTDEBUG\CIUTILITIES.OBJ
E:\OPENJDK-JDK8U-JDK8U\HOTSPOT\BUILD\VS-AMD64\COMPILER2\FASTDEBUG\CIUTILITIES.SBR
E:\openjdk-jdk8u-jdk8u\hotspot\build\vs-amd64\compiler2\fastdebug\CL.13700.read.1.tlog
E:\openjdk-jdk8u-jdk8u\hotspot\build\vs-amd64\compiler2\fastdebug\CL.13700.write.1.tlog
E:\openjdk-jdk8u-jdk8u\hotspot\build\vs-amd64\compiler2\fastdebug\CL.15764.read.1.tlog
E:\openjdk-jdk8u-jdk8u\hotspot\build\vs-amd64\compiler2\fastdebug\CL.15764.write.1.tlog
E:\openjdk-jdk8u-jdk8u\hotspot\build\vs-amd64\compiler2\fastdebug\CL.16676.read.1.tlog
E:\openjdk-jdk8u-jdk8u\hotspot\build\vs-amd64\compiler2\fastdebug\CL.16676.write.1.tlog
E:\openjdk-jdk8u-jdk8u\hotspot\build\vs-amd64\compiler2\fastdebug\CL.25436.read.1.tlog
E:\openjdk-jdk8u-jdk8u\hotspot\build\vs-amd64\compiler2\fastdebug\CL.25436.write.1.tlog
E:\openjdk-jdk8u-jdk8u\hotspot\build\vs-amd64\compiler2\fastdebug\CL.31976.read.1.tlog
E:\openjdk-jdk8u-jdk8u\hotspot\build\vs-amd64\compiler2\fastdebug\CL.31976.write.1.tlog
E:\openjdk-jdk8u-jdk8u\hotspot\build\vs-amd64\compiler2\fastdebug\CL.35124.read.1.tlog
E:\openjdk-jdk8u-jdk8u\hotspot\build\vs-amd64\compiler2\fastdebug\CL.35124.write.1.tlog
E:\openjdk-jdk8u-jdk8u\hotspot\build\vs-amd64\compiler2\fastdebug\CL.42208.read.1.tlog
E:\openjdk-jdk8u-jdk8u\hotspot\build\vs-amd64\compiler2\fastdebug\CL.42208.write.1.tlog
E:\openjdk-jdk8u-jdk8u\hotspot\build\vs-amd64\compiler2\fastdebug\CL.46532.read.1.tlog
E:\openjdk-jdk8u-jdk8u\hotspot\build\vs-amd64\compiler2\fastdebug\CL.46532.write.1.tlog
E:\openjdk-jdk8u-jdk8u\hotspot\build\vs-amd64\compiler2\fastdebug\cl.command.1.tlog
E:\openjdk-jdk8u-jdk8u\hotspot\build\vs-amd64\compiler2\fastdebug\CL.read.1.tlog
E:\openjdk-jdk8u-jdk8u\hotspot\build\vs-amd64\compiler2\fastdebug\CL.write.1.tlog
E:\OPENJDK-JDK8U-JDK8U\HOTSPOT\BUILD\VS-AMD64\COMPILER2\FASTDEBUG\CLASSES.OBJ
E:\OPENJDK-JDK8U-JDK8U\HOTSPOT\BUILD\VS-AMD64\COMPILER2\FASTDEBUG\CLASSES.SBR
E:\OPENJDK-JDK8U-JDK8U\HOTSPOT\BUILD\VS-AMD64\COMPILER2\FASTDEBUG\CLASSFILEERROR.OBJ
E:\OPENJDK-JDK8U-JDK8U\HOTSPOT\BUILD\VS-AMD64\COMPILER2\FASTDEBUG\CLASSFILEERROR.SBR
E:\OPENJDK-JDK8U-JDK8U\HOTSPOT\BUILD\VS-AMD64\COMPILER2\FASTDEBUG\CLASSFILEPARSER.OBJ
E:\OPENJDK-JDK8U-JDK8U\HOTSPOT\BUILD\VS-AMD64\COMPILER2\FASTDEBUG\CLASSFILEPARSER.SBR
E:\OPENJDK-JDK8U-JDK8U\HOTSPOT\BUILD\VS-AMD64\COMPILER2\FASTDEBUG\CLASSFILESTREAM.OBJ
E:\OPENJDK-JDK8U-JDK8U\HOTSPOT\BUILD\VS-AMD64\COMPILER2\FASTDEBUG\CLASSFILESTREAM.SBR
E:\OPENJDK-JDK8U-JDK8U\HOTSPOT\BUILD\VS-AMD64\COMPILER2\FASTDEBUG\CLASSLOADER.OBJ
E:\OPENJDK-JDK8U-JDK8U\HOTSPOT\BUILD\VS-AMD64\COMPILER2\FASTDEBUG\CLASSLOADER.SBR
E:\OPENJDK-JDK8U-JDK8U\HOTSPOT\BUILD\VS-AMD64\COMPILER2\FASTDEBUG\CLASSLOADERDATA.OBJ
E:\OPENJDK-JDK8U-JDK8U\HOTSPOT\BUILD\VS-AMD64\COMPILER2\FASTDEBUG\CLASSLOADERDATA.SBR
E:\OPENJDK-JDK8U-JDK8U\HOTSPOT\BUILD\VS-AMD64\COMPILER2\FASTDEBUG\CLASSLOADINGSERVICE.OBJ
E:\OPENJDK-JDK8U-JDK8U\HOTSPOT\BUILD\VS-AMD64\COMPILER2\FASTDEBUG\CLASSLOADINGSERVICE.SBR
E:\OPENJDK-JDK8U-JDK8U\HOTSPOT\BUILD\VS-AMD64\COMPILER2\FASTDEBUG\CMSADAPTIVESIZEPOLICY.OBJ
E:\OPENJDK-JDK8U-JDK8U\HOTSPOT\BUILD\VS-AMD64\COMPILER2\FASTDEBUG\CMSADAPTIVESIZEPOLICY.SBR
E:\OPENJDK-JDK8U-JDK8U\HOTSPOT\BUILD\VS-AMD64\COMPILER2\FASTDEBUG\CMSCOLLECTORPOLICY.OBJ
E:\OPENJDK-JDK8U-JDK8U\HOTSPOT\BUILD\VS-AMD64\COMPILER2\FASTDEBUG\CMSCOLLECTORPOLICY.SBR
E:\OPENJDK-JDK8U-JDK8U\HOTSPOT\BUILD\VS-AMD64\COMPILER2\FASTDEBUG\CMSGCADAPTIVEPOLICYCOUNTERS.OBJ
E:\OPENJDK-JDK8U-JDK8U\HOTSPOT\BUILD\VS-AMD64\COMPILER2\FASTDEBUG\CMSGCADAPTIVEPOLICYCOUNTERS.SBR
E:\OPENJDK-JDK8U-JDK8U\HOTSPOT\BUILD\VS-AMD64\COMPILER2\FASTDEBUG\CMSLOCKVERIFIER.OBJ
E:\OPENJDK-JDK8U-JDK8U\HOTSPOT\BUILD\VS-AMD64\COMPILER2\FASTDEBUG\CMSLOCKVERIFIER.SBR
E:\OPENJDK-JDK8U-JDK8U\HOTSPOT\BUILD\VS-AMD64\COMPILER2\FASTDEBUG\COALESCE.OBJ
E:\OPENJDK-JDK8U-JDK8U\HOTSPOT\BUILD\VS-AMD64\COMPILER2\FASTDEBUG\COALESCE.SBR
E:\OPENJDK-JDK8U-JDK8U\HOTSPOT\BUILD\VS-AMD64\COMPILER2\FASTDEBUG\CODEBLOB.OBJ
E:\OPENJDK-JDK8U-JDK8U\HOTSPOT\BUILD\VS-AMD64\COMPILER2\FASTDEBUG\CODEBLOB.SBR
E:\OPENJDK-JDK8U-JDK8U\HOTSPOT\BUILD\VS-AMD64\COMPILER2\FASTDEBUG\CODEBUFFER.OBJ
E:\OPENJDK-JDK8U-JDK8U\HOTSPOT\BUILD\VS-AMD64\COMPILER2\FASTDEBUG\CODEBUFFER.SBR
E:\OPENJDK-JDK8U-JDK8U\HOTSPOT\BUILD\VS-AMD64\COMPILER2\FASTDEBUG\CODECACHE.OBJ
E:\OPENJDK-JDK8U-JDK8U\HOTSPOT\BUILD\VS-AMD64\COMPILER2\FASTDEBUG\CODECACHE.SBR
E:\OPENJDK-JDK8U-JDK8U\HOTSPOT\BUILD\VS-AMD64\COMPILER2\FASTDEBUG\COLLECTEDHEAP.OBJ
E:\OPENJDK-JDK8U-JDK8U\HOTSPOT\BUILD\VS-AMD64\COMPILER2\FASTDEBUG\COLLECTEDHEAP.SBR
E:\OPENJDK-JDK8U-JDK8U\HOTSPOT\BUILD\VS-AMD64\COMPILER2\FASTDEBUG\COLLECTIONSETCHOOSER.OBJ
E:\OPENJDK-JDK8U-JDK8U\HOTSPOT\BUILD\VS-AMD64\COMPILER2\FASTDEBUG\COLLECTIONSETCHOOSER.SBR
E:\OPENJDK-JDK8U-JDK8U\HOTSPOT\BUILD\VS-AMD64\COMPILER2\FASTDEBUG\COLLECTORCOUNTERS.OBJ
E:\OPENJDK-JDK8U-JDK8U\HOTSPOT\BUILD\VS-AMD64\COMPILER2\FASTDEBUG\COLLECTORCOUNTERS.SBR
E:\OPENJDK-JDK8U-JDK8U\HOTSPOT\BUILD\VS-AMD64\COMPILER2\FASTDEBUG\COLLECTORPOLICY.OBJ
E:\OPENJDK-JDK8U-JDK8U\HOTSPOT\BUILD\VS-AMD64\COMPILER2\FASTDEBUG\COLLECTORPOLICY.SBR
E:\OPENJDK-JDK8U-JDK8U\HOTSPOT\BUILD\VS-AMD64\COMPILER2\FASTDEBUG\COMPACTIBLEFREELISTSPACE.OBJ
E:\OPENJDK-JDK8U-JDK8U\HOTSPOT\BUILD\VS-AMD64\COMPILER2\FASTDEBUG\COMPACTIBLEFREELISTSPACE.SBR
E:\OPENJDK-JDK8U-JDK8U\HOTSPOT\BUILD\VS-AMD64\COMPILER2\FASTDEBUG\COMPILATIONPOLICY.OBJ
E:\OPENJDK-JDK8U-JDK8U\HOTSPOT\BUILD\VS-AMD64\COMPILER2\FASTDEBUG\COMPILATIONPOLICY.SBR
E:\OPENJDK-JDK8U-JDK8U\HOTSPOT\BUILD\VS-AMD64\COMPILER2\FASTDEBUG\COMPILE.OBJ
E:\OPENJDK-JDK8U-JDK8U\HOTSPOT\BUILD\VS-AMD64\COMPILER2\FASTDEBUG\COMPILE.SBR
E:\OPENJDK-JDK8U-JDK8U\HOTSPOT\BUILD\VS-AMD64\COMPILER2\FASTDEBUG\COMPILEBROKER.OBJ
E:\OPENJDK-JDK8U-JDK8U\HOTSPOT\BUILD\VS-AMD64\COMPILER2\FASTDEBUG\COMPILEBROKER.SBR
E:\OPENJDK-JDK8U-JDK8U\HOTSPOT\BUILD\VS-AMD64\COMPILER2\FASTDEBUG\COMPILEDIC.OBJ
E:\OPENJDK-JDK8U-JDK8U\HOTSPOT\BUILD\VS-AMD64\COMPILER2\FASTDEBUG\COMPILEDIC.SBR
E:\OPENJDK-JDK8U-JDK8U\HOTSPOT\BUILD\VS-AMD64\COMPILER2\FASTDEBUG\COMPILEDIC_X86.OBJ
E:\OPENJDK-JDK8U-JDK8U\HOTSPOT\BUILD\VS-AMD64\COMPILER2\FASTDEBUG\COMPILEDIC_X86.SBR
E:\OPENJDK-JDK8U-JDK8U\HOTSPOT\BUILD\VS-AMD64\COMPILER2\FASTDEBUG\COMPILEDICHOLDER.OBJ
E:\OPENJDK-JDK8U-JDK8U\HOTSPOT\BUILD\VS-AMD64\COMPILER2\FASTDEBUG\COMPILEDICHOLDER.SBR
E:\OPENJDK-JDK8U-JDK8U\HOTSPOT\BUILD\VS-AMD64\COMPILER2\FASTDEBUG\COMPILELOG.OBJ
E:\OPENJDK-JDK8U-JDK8U\HOTSPOT\BUILD\VS-AMD64\COMPILER2\FASTDEBUG\COMPILELOG.SBR
E:\OPENJDK-JDK8U-JDK8U\HOTSPOT\BUILD\VS-AMD64\COMPILER2\FASTDEBUG\COMPILERORACLE.OBJ
E:\OPENJDK-JDK8U-JDK8U\HOTSPOT\BUILD\VS-AMD64\COMPILER2\FASTDEBUG\COMPILERORACLE.SBR
E:\OPENJDK-JDK8U-JDK8U\HOTSPOT\BUILD\VS-AMD64\COMPILER2\FASTDEBUG\COMPRESSEDSTREAM.OBJ
E:\OPENJDK-JDK8U-JDK8U\HOTSPOT\BUILD\VS-AMD64\COMPILER2\FASTDEBUG\COMPRESSEDSTREAM.SBR
E:\OPENJDK-JDK8U-JDK8U\HOTSPOT\BUILD\VS-AMD64\COMPILER2\FASTDEBUG\CONCURRENTG1REFINE.OBJ
E:\OPENJDK-JDK8U-JDK8U\HOTSPOT\BUILD\VS-AMD64\COMPILER2\FASTDEBUG\CONCURRENTG1REFINE.SBR
E:\OPENJDK-JDK8U-JDK8U\HOTSPOT\BUILD\VS-AMD64\COMPILER2\FASTDEBUG\CONCURRENTG1REFINETHREAD.OBJ
E:\OPENJDK-JDK8U-JDK8U\HOTSPOT\BUILD\VS-AMD64\COMPILER2\FASTDEBUG\CONCURRENTG1REFINETHREAD.SBR
E:\OPENJDK-JDK8U-JDK8U\HOTSPOT\BUILD\VS-AMD64\COMPILER2\FASTDEBUG\CONCURRENTGCTHREAD.OBJ
E:\OPENJDK-JDK8U-JDK8U\HOTSPOT\BUILD\VS-AMD64\COMPILER2\FASTDEBUG\CONCURRENTGCTHREAD.SBR
E:\OPENJDK-JDK8U-JDK8U\HOTSPOT\BUILD\VS-AMD64\COMPILER2\FASTDEBUG\CONCURRENTMARK.OBJ
E:\OPENJDK-JDK8U-JDK8U\HOTSPOT\BUILD\VS-AMD64\COMPILER2\FASTDEBUG\CONCURRENTMARK.SBR
E:\OPENJDK-JDK8U-JDK8U\HOTSPOT\BUILD\VS-AMD64\COMPILER2\FASTDEBUG\CONCURRENTMARKSWEEPGENERATION.OBJ
E:\OPENJDK-JDK8U-JDK8U\HOTSPOT\BUILD\VS-AMD64\COMPILER2\FASTDEBUG\CONCURRENTMARKSWEEPGENERATION.SBR
E:\OPENJDK-JDK8U-JDK8U\HOTSPOT\BUILD\VS-AMD64\COMPILER2\FASTDEBUG\CONCURRENTMARKSWEEPTHREAD.OBJ
E:\OPENJDK-JDK8U-JDK8U\HOTSPOT\BUILD\VS-AMD64\COMPILER2\FASTDEBUG\CONCURRENTMARKSWEEPTHREAD.SBR
E:\OPENJDK-JDK8U-JDK8U\HOTSPOT\BUILD\VS-AMD64\COMPILER2\FASTDEBUG\CONCURRENTMARKTHREAD.OBJ
E:\OPENJDK-JDK8U-JDK8U\HOTSPOT\BUILD\VS-AMD64\COMPILER2\FASTDEBUG\CONCURRENTMARKTHREAD.SBR
E:\OPENJDK-JDK8U-JDK8U\HOTSPOT\BUILD\VS-AMD64\COMPILER2\FASTDEBUG\CONNODE.OBJ
E:\OPENJDK-JDK8U-JDK8U\HOTSPOT\BUILD\VS-AMD64\COMPILER2\FASTDEBUG\CONNODE.SBR
E:\OPENJDK-JDK8U-JDK8U\HOTSPOT\BUILD\VS-AMD64\COMPILER2\FASTDEBUG\CONSTANTPOOL.OBJ
E:\OPENJDK-JDK8U-JDK8U\HOTSPOT\BUILD\VS-AMD64\COMPILER2\FASTDEBUG\CONSTANTPOOL.SBR
E:\OPENJDK-JDK8U-JDK8U\HOTSPOT\BUILD\VS-AMD64\COMPILER2\FASTDEBUG\CONSTANTTAG.OBJ
E:\OPENJDK-JDK8U-JDK8U\HOTSPOT\BUILD\VS-AMD64\COMPILER2\FASTDEBUG\CONSTANTTAG.SBR
E:\OPENJDK-JDK8U-JDK8U\HOTSPOT\BUILD\VS-AMD64\COMPILER2\FASTDEBUG\CONSTMETHOD.OBJ
E:\OPENJDK-JDK8U-JDK8U\HOTSPOT\BUILD\VS-AMD64\COMPILER2\FASTDEBUG\CONSTMETHOD.SBR
E:\OPENJDK-JDK8U-JDK8U\HOTSPOT\BUILD\VS-AMD64\COMPILER2\FASTDEBUG\COPY.OBJ
E:\OPENJDK-JDK8U-JDK8U\HOTSPOT\BUILD\VS-AMD64\COMPILER2\FASTDEBUG\COPY.SBR
E:\OPENJDK-JDK8U-JDK8U\HOTSPOT\BUILD\VS-AMD64\COMPILER2\FASTDEBUG\CPCACHE.OBJ
E:\OPENJDK-JDK8U-JDK8U\HOTSPOT\BUILD\VS-AMD64\COMPILER2\FASTDEBUG\CPCACHE.SBR
E:\OPENJDK-JDK8U-JDK8U\HOTSPOT\BUILD\VS-AMD64\COMPILER2\FASTDEBUG\CPPINTERPRETER.OBJ
E:\OPENJDK-JDK8U-JDK8U\HOTSPOT\BUILD\VS-AMD64\COMPILER2\FASTDEBUG\CPPINTERPRETER.SBR
E:\OPENJDK-JDK8U-JDK8U\HOTSPOT\BUILD\VS-AMD64\COMPILER2\FASTDEBUG\CPPINTERPRETER_X86.OBJ
E:\OPENJDK-JDK8U-JDK8U\HOTSPOT\BUILD\VS-AMD64\COMPILER2\FASTDEBUG\CPPINTERPRETER_X86.SBR
E:\OPENJDK-JDK8U-JDK8U\HOTSPOT\BUILD\VS-AMD64\COMPILER2\FASTDEBUG\CSPACECOUNTERS.OBJ
E:\OPENJDK-JDK8U-JDK8U\HOTSPOT\BUILD\VS-AMD64\COMPILER2\FASTDEBUG\CSPACECOUNTERS.SBR
E:\OPENJDK-JDK8U-JDK8U\HOTSPOT\BUILD\VS-AMD64\COMPILER2\FASTDEBUG\DEBUG.OBJ
E:\OPENJDK-JDK8U-JDK8U\HOTSPOT\BUILD\VS-AMD64\COMPILER2\FASTDEBUG\DEBUG.SBR
E:\OPENJDK-JDK8U-JDK8U\HOTSPOT\BUILD\VS-AMD64\COMPILER2\FASTDEBUG\DEBUG_X86.OBJ
E:\OPENJDK-JDK8U-JDK8U\HOTSPOT\BUILD\VS-AMD64\COMPILER2\FASTDEBUG\DEBUG_X86.SBR
E:\OPENJDK-JDK8U-JDK8U\HOTSPOT\BUILD\VS-AMD64\COMPILER2\FASTDEBUG\DEBUGINFO.OBJ
E:\OPENJDK-JDK8U-JDK8U\HOTSPOT\BUILD\VS-AMD64\COMPILER2\FASTDEBUG\DEBUGINFO.SBR
E:\OPENJDK-JDK8U-JDK8U\HOTSPOT\BUILD\VS-AMD64\COMPILER2\FASTDEBUG\DEBUGINFOREC.OBJ
E:\OPENJDK-JDK8U-JDK8U\HOTSPOT\BUILD\VS-AMD64\COMPILER2\FASTDEBUG\DEBUGINFOREC.SBR
E:\OPENJDK-JDK8U-JDK8U\HOTSPOT\BUILD\VS-AMD64\COMPILER2\FASTDEBUG\DECODER.OBJ
E:\OPENJDK-JDK8U-JDK8U\HOTSPOT\BUILD\VS-AMD64\COMPILER2\FASTDEBUG\DECODER.SBR
E:\OPENJDK-JDK8U-JDK8U\HOTSPOT\BUILD\VS-AMD64\COMPILER2\FASTDEBUG\DECODER_ELF.OBJ
E:\OPENJDK-JDK8U-JDK8U\HOTSPOT\BUILD\VS-AMD64\COMPILER2\FASTDEBUG\DECODER_ELF.SBR
E:\OPENJDK-JDK8U-JDK8U\HOTSPOT\BUILD\VS-AMD64\COMPILER2\FASTDEBUG\DECODER_WINDOWS.OBJ
E:\OPENJDK-JDK8U-JDK8U\HOTSPOT\BUILD\VS-AMD64\COMPILER2\FASTDEBUG\DECODER_WINDOWS.SBR
E:\OPENJDK-JDK8U-JDK8U\HOTSPOT\BUILD\VS-AMD64\COMPILER2\FASTDEBUG\DEFAULTMETHODS.OBJ
E:\OPENJDK-JDK8U-JDK8U\HOTSPOT\BUILD\VS-AMD64\COMPILER2\FASTDEBUG\DEFAULTMETHODS.SBR
E:\OPENJDK-JDK8U-JDK8U\HOTSPOT\BUILD\VS-AMD64\COMPILER2\FASTDEBUG\DEFNEWGENERATION.OBJ
E:\OPENJDK-JDK8U-JDK8U\HOTSPOT\BUILD\VS-AMD64\COMPILER2\FASTDEBUG\DEFNEWGENERATION.SBR
E:\OPENJDK-JDK8U-JDK8U\HOTSPOT\BUILD\VS-AMD64\COMPILER2\FASTDEBUG\DEOPTIMIZATION.OBJ
E:\OPENJDK-JDK8U-JDK8U\HOTSPOT\BUILD\VS-AMD64\COMPILER2\FASTDEBUG\DEOPTIMIZATION.SBR
E:\OPENJDK-JDK8U-JDK8U\HOTSPOT\BUILD\VS-AMD64\COMPILER2\FASTDEBUG\DEPCHECKER_X86.OBJ
E:\OPENJDK-JDK8U-JDK8U\HOTSPOT\BUILD\VS-AMD64\COMPILER2\FASTDEBUG\DEPCHECKER_X86.SBR
E:\OPENJDK-JDK8U-JDK8U\HOTSPOT\BUILD\VS-AMD64\COMPILER2\FASTDEBUG\DEPENDENCIES.OBJ
E:\OPENJDK-JDK8U-JDK8U\HOTSPOT\BUILD\VS-AMD64\COMPILER2\FASTDEBUG\DEPENDENCIES.SBR
E:\OPENJDK-JDK8U-JDK8U\HOTSPOT\BUILD\VS-AMD64\COMPILER2\FASTDEBUG\DFA_X86_64.OBJ
E:\OPENJDK-JDK8U-JDK8U\HOTSPOT\BUILD\VS-AMD64\COMPILER2\FASTDEBUG\DFA_X86_64.SBR
E:\OPENJDK-JDK8U-JDK8U\HOTSPOT\BUILD\VS-AMD64\COMPILER2\FASTDEBUG\DIAGNOSTICARGUMENT.OBJ
E:\OPENJDK-JDK8U-JDK8U\HOTSPOT\BUILD\VS-AMD64\COMPILER2\FASTDEBUG\DIAGNOSTICARGUMENT.SBR
E:\OPENJDK-JDK8U-JDK8U\HOTSPOT\BUILD\VS-AMD64\COMPILER2\FASTDEBUG\DIAGNOSTICCOMMAND.OBJ
E:\OPENJDK-JDK8U-JDK8U\HOTSPOT\BUILD\VS-AMD64\COMPILER2\FASTDEBUG\DIAGNOSTICCOMMAND.SBR
E:\OPENJDK-JDK8U-JDK8U\HOTSPOT\BUILD\VS-AMD64\COMPILER2\FASTDEBUG\DIAGNOSTICFRAMEWORK.OBJ
E:\OPENJDK-JDK8U-JDK8U\HOTSPOT\BUILD\VS-AMD64\COMPILER2\FASTDEBUG\DIAGNOSTICFRAMEWORK.SBR
E:\OPENJDK-JDK8U-JDK8U\HOTSPOT\BUILD\VS-AMD64\COMPILER2\FASTDEBUG\DICT.OBJ
E:\OPENJDK-JDK8U-JDK8U\HOTSPOT\BUILD\VS-AMD64\COMPILER2\FASTDEBUG\DICT.SBR
E:\OPENJDK-JDK8U-JDK8U\HOTSPOT\BUILD\VS-AMD64\COMPILER2\FASTDEBUG\DICTIONARY.OBJ
E:\OPENJDK-JDK8U-JDK8U\HOTSPOT\BUILD\VS-AMD64\COMPILER2\FASTDEBUG\DICTIONARY.SBR
E:\OPENJDK-JDK8U-JDK8U\HOTSPOT\BUILD\VS-AMD64\COMPILER2\FASTDEBUG\DIRTYCARDQUEUE.OBJ
E:\OPENJDK-JDK8U-JDK8U\HOTSPOT\BUILD\VS-AMD64\COMPILER2\FASTDEBUG\DIRTYCARDQUEUE.SBR
E:\OPENJDK-JDK8U-JDK8U\HOTSPOT\BUILD\VS-AMD64\COMPILER2\FASTDEBUG\DISASSEMBLER.OBJ
E:\OPENJDK-JDK8U-JDK8U\HOTSPOT\BUILD\VS-AMD64\COMPILER2\FASTDEBUG\DISASSEMBLER.SBR
E:\OPENJDK-JDK8U-JDK8U\HOTSPOT\BUILD\VS-AMD64\COMPILER2\FASTDEBUG\DIVNODE.OBJ
E:\OPENJDK-JDK8U-JDK8U\HOTSPOT\BUILD\VS-AMD64\COMPILER2\FASTDEBUG\DIVNODE.SBR
E:\OPENJDK-JDK8U-JDK8U\HOTSPOT\BUILD\VS-AMD64\COMPILER2\FASTDEBUG\DOCALL.OBJ
E:\OPENJDK-JDK8U-JDK8U\HOTSPOT\BUILD\VS-AMD64\COMPILER2\FASTDEBUG\DOCALL.SBR
E:\OPENJDK-JDK8U-JDK8U\HOTSPOT\BUILD\VS-AMD64\COMPILER2\FASTDEBUG\DOMGRAPH.OBJ
E:\OPENJDK-JDK8U-JDK8U\HOTSPOT\BUILD\VS-AMD64\COMPILER2\FASTDEBUG\DOMGRAPH.SBR
E:\OPENJDK-JDK8U-JDK8U\HOTSPOT\BUILD\VS-AMD64\COMPILER2\FASTDEBUG\DTRACEATTACHER.OBJ
E:\OPENJDK-JDK8U-JDK8U\HOTSPOT\BUILD\VS-AMD64\COMPILER2\FASTDEBUG\DTRACEATTACHER.SBR
E:\OPENJDK-JDK8U-JDK8U\HOTSPOT\BUILD\VS-AMD64\COMPILER2\FASTDEBUG\DTRACEJSDT.OBJ
E:\OPENJDK-JDK8U-JDK8U\HOTSPOT\BUILD\VS-AMD64\COMPILER2\FASTDEBUG\DTRACEJSDT.SBR
E:\OPENJDK-JDK8U-JDK8U\HOTSPOT\BUILD\VS-AMD64\COMPILER2\FASTDEBUG\DTRACEJSDT_WINDOWS.OBJ
E:\OPENJDK-JDK8U-JDK8U\HOTSPOT\BUILD\VS-AMD64\COMPILER2\FASTDEBUG\DTRACEJSDT_WINDOWS.SBR
E:\OPENJDK-JDK8U-JDK8U\HOTSPOT\BUILD\VS-AMD64\COMPILER2\FASTDEBUG\ELFFILE.OBJ
E:\OPENJDK-JDK8U-JDK8U\HOTSPOT\BUILD\VS-AMD64\COMPILER2\FASTDEBUG\ELFFILE.SBR
E:\OPENJDK-JDK8U-JDK8U\HOTSPOT\BUILD\VS-AMD64\COMPILER2\FASTDEBUG\ELFFUNCDESCTABLE.OBJ
E:\OPENJDK-JDK8U-JDK8U\HOTSPOT\BUILD\VS-AMD64\COMPILER2\FASTDEBUG\ELFFUNCDESCTABLE.SBR
E:\OPENJDK-JDK8U-JDK8U\HOTSPOT\BUILD\VS-AMD64\COMPILER2\FASTDEBUG\ELFSTRINGTABLE.OBJ
E:\OPENJDK-JDK8U-JDK8U\HOTSPOT\BUILD\VS-AMD64\COMPILER2\FASTDEBUG\ELFSTRINGTABLE.SBR
E:\OPENJDK-JDK8U-JDK8U\HOTSPOT\BUILD\VS-AMD64\COMPILER2\FASTDEBUG\ELFSYMBOLTABLE.OBJ
E:\OPENJDK-JDK8U-JDK8U\HOTSPOT\BUILD\VS-AMD64\COMPILER2\FASTDEBUG\ELFSYMBOLTABLE.SBR
E:\OPENJDK-JDK8U-JDK8U\HOTSPOT\BUILD\VS-AMD64\COMPILER2\FASTDEBUG\ERRORREPORTER.OBJ
E:\OPENJDK-JDK8U-JDK8U\HOTSPOT\BUILD\VS-AMD64\COMPILER2\FASTDEBUG\ERRORREPORTER.SBR
E:\OPENJDK-JDK8U-JDK8U\HOTSPOT\BUILD\VS-AMD64\COMPILER2\FASTDEBUG\ESCAPE.OBJ
E:\OPENJDK-JDK8U-JDK8U\HOTSPOT\BUILD\VS-AMD64\COMPILER2\FASTDEBUG\ESCAPE.SBR
E:\OPENJDK-JDK8U-JDK8U\HOTSPOT\BUILD\VS-AMD64\COMPILER2\FASTDEBUG\EVENTS.OBJ
E:\OPENJDK-JDK8U-JDK8U\HOTSPOT\BUILD\VS-AMD64\COMPILER2\FASTDEBUG\EVENTS.SBR
E:\OPENJDK-JDK8U-JDK8U\HOTSPOT\BUILD\VS-AMD64\COMPILER2\FASTDEBUG\EVMCOMPAT.OBJ
E:\OPENJDK-JDK8U-JDK8U\HOTSPOT\BUILD\VS-AMD64\COMPILER2\FASTDEBUG\EVMCOMPAT.SBR
E:\OPENJDK-JDK8U-JDK8U\HOTSPOT\BUILD\VS-AMD64\COMPILER2\FASTDEBUG\EXCEPTIONHANDLERTABLE.OBJ
E:\OPENJDK-JDK8U-JDK8U\HOTSPOT\BUILD\VS-AMD64\COMPILER2\FASTDEBUG\EXCEPTIONHANDLERTABLE.SBR
E:\OPENJDK-JDK8U-JDK8U\HOTSPOT\BUILD\VS-AMD64\COMPILER2\FASTDEBUG\EXCEPTIONS.OBJ
E:\OPENJDK-JDK8U-JDK8U\HOTSPOT\BUILD\VS-AMD64\COMPILER2\FASTDEBUG\EXCEPTIONS.SBR
E:\OPENJDK-JDK8U-JDK8U\HOTSPOT\BUILD\VS-AMD64\COMPILER2\FASTDEBUG\FIELDDESCRIPTOR.OBJ
E:\OPENJDK-JDK8U-JDK8U\HOTSPOT\BUILD\VS-AMD64\COMPILER2\FASTDEBUG\FIELDDESCRIPTOR.SBR
E:\OPENJDK-JDK8U-JDK8U\HOTSPOT\BUILD\VS-AMD64\COMPILER2\FASTDEBUG\FIELDTYPE.OBJ
E:\OPENJDK-JDK8U-JDK8U\HOTSPOT\BUILD\VS-AMD64\COMPILER2\FASTDEBUG\FIELDTYPE.SBR
E:\OPENJDK-JDK8U-JDK8U\HOTSPOT\BUILD\VS-AMD64\COMPILER2\FASTDEBUG\FILEMAP.OBJ
E:\OPENJDK-JDK8U-JDK8U\HOTSPOT\BUILD\VS-AMD64\COMPILER2\FASTDEBUG\FILEMAP.SBR
E:\OPENJDK-JDK8U-JDK8U\HOTSPOT\BUILD\VS-AMD64\COMPILER2\FASTDEBUG\FORTE.OBJ
E:\OPENJDK-JDK8U-JDK8U\HOTSPOT\BUILD\VS-AMD64\COMPILER2\FASTDEBUG\FORTE.SBR
E:\OPENJDK-JDK8U-JDK8U\HOTSPOT\BUILD\VS-AMD64\COMPILER2\FASTDEBUG\FPROFILER.OBJ
E:\OPENJDK-JDK8U-JDK8U\HOTSPOT\BUILD\VS-AMD64\COMPILER2\FASTDEBUG\FPROFILER.SBR
E:\OPENJDK-JDK8U-JDK8U\HOTSPOT\BUILD\VS-AMD64\COMPILER2\FASTDEBUG\FRAME.OBJ
E:\OPENJDK-JDK8U-JDK8U\HOTSPOT\BUILD\VS-AMD64\COMPILER2\FASTDEBUG\FRAME.SBR
E:\OPENJDK-JDK8U-JDK8U\HOTSPOT\BUILD\VS-AMD64\COMPILER2\FASTDEBUG\FRAME_X86.OBJ
E:\OPENJDK-JDK8U-JDK8U\HOTSPOT\BUILD\VS-AMD64\COMPILER2\FASTDEBUG\FRAME_X86.SBR
E:\OPENJDK-JDK8U-JDK8U\HOTSPOT\BUILD\VS-AMD64\COMPILER2\FASTDEBUG\FREEBLOCKDICTIONARY.OBJ
E:\OPENJDK-JDK8U-JDK8U\HOTSPOT\BUILD\VS-AMD64\COMPILER2\FASTDEBUG\FREEBLOCKDICTIONARY.SBR
E:\OPENJDK-JDK8U-JDK8U\HOTSPOT\BUILD\VS-AMD64\COMPILER2\FASTDEBUG\FREECHUNK.OBJ
E:\OPENJDK-JDK8U-JDK8U\HOTSPOT\BUILD\VS-AMD64\COMPILER2\FASTDEBUG\FREECHUNK.SBR
E:\OPENJDK-JDK8U-JDK8U\HOTSPOT\BUILD\VS-AMD64\COMPILER2\FASTDEBUG\FREELIST.OBJ
E:\OPENJDK-JDK8U-JDK8U\HOTSPOT\BUILD\VS-AMD64\COMPILER2\FASTDEBUG\FREELIST.SBR
E:\OPENJDK-JDK8U-JDK8U\HOTSPOT\BUILD\VS-AMD64\COMPILER2\FASTDEBUG\G1_GLOBALS.OBJ
E:\OPENJDK-JDK8U-JDK8U\HOTSPOT\BUILD\VS-AMD64\COMPILER2\FASTDEBUG\G1_GLOBALS.SBR
E:\OPENJDK-JDK8U-JDK8U\HOTSPOT\BUILD\VS-AMD64\COMPILER2\FASTDEBUG\G1ALLOCATOR.OBJ
E:\OPENJDK-JDK8U-JDK8U\HOTSPOT\BUILD\VS-AMD64\COMPILER2\FASTDEBUG\G1ALLOCATOR.SBR
E:\OPENJDK-JDK8U-JDK8U\HOTSPOT\BUILD\VS-AMD64\COMPILER2\FASTDEBUG\G1ALLOCATOR_EXT.OBJ
E:\OPENJDK-JDK8U-JDK8U\HOTSPOT\BUILD\VS-AMD64\COMPILER2\FASTDEBUG\G1ALLOCATOR_EXT.SBR
E:\OPENJDK-JDK8U-JDK8U\HOTSPOT\BUILD\VS-AMD64\COMPILER2\FASTDEBUG\G1ALLOCREGION.OBJ
E:\OPENJDK-JDK8U-JDK8U\HOTSPOT\BUILD\VS-AMD64\COMPILER2\FASTDEBUG\G1ALLOCREGION.SBR
E:\OPENJDK-JDK8U-JDK8U\HOTSPOT\BUILD\VS-AMD64\COMPILER2\FASTDEBUG\G1BIASEDARRAY.OBJ
E:\OPENJDK-JDK8U-JDK8U\HOTSPOT\BUILD\VS-AMD64\COMPILER2\FASTDEBUG\G1BIASEDARRAY.SBR
E:\OPENJDK-JDK8U-JDK8U\HOTSPOT\BUILD\VS-AMD64\COMPILER2\FASTDEBUG\G1BLOCKOFFSETTABLE.OBJ
E:\OPENJDK-JDK8U-JDK8U\HOTSPOT\BUILD\VS-AMD64\COMPILER2\FASTDEBUG\G1BLOCKOFFSETTABLE.SBR
E:\OPENJDK-JDK8U-JDK8U\HOTSPOT\BUILD\VS-AMD64\COMPILER2\FASTDEBUG\G1CARDCOUNTS.OBJ
E:\OPENJDK-JDK8U-JDK8U\HOTSPOT\BUILD\VS-AMD64\COMPILER2\FASTDEBUG\G1CARDCOUNTS.SBR
E:\OPENJDK-JDK8U-JDK8U\HOTSPOT\BUILD\VS-AMD64\COMPILER2\FASTDEBUG\G1CODECACHEREMSET.OBJ
E:\OPENJDK-JDK8U-JDK8U\HOTSPOT\BUILD\VS-AMD64\COMPILER2\FASTDEBUG\G1CODECACHEREMSET.SBR
E:\OPENJDK-JDK8U-JDK8U\HOTSPOT\BUILD\VS-AMD64\COMPILER2\FASTDEBUG\G1COLLECTEDHEAP.OBJ
E:\OPENJDK-JDK8U-JDK8U\HOTSPOT\BUILD\VS-AMD64\COMPILER2\FASTDEBUG\G1COLLECTEDHEAP.SBR
E:\OPENJDK-JDK8U-JDK8U\HOTSPOT\BUILD\VS-AMD64\COMPILER2\FASTDEBUG\G1COLLECTEDHEAP_EXT.OBJ
E:\OPENJDK-JDK8U-JDK8U\HOTSPOT\BUILD\VS-AMD64\COMPILER2\FASTDEBUG\G1COLLECTEDHEAP_EXT.SBR
E:\OPENJDK-JDK8U-JDK8U\HOTSPOT\BUILD\VS-AMD64\COMPILER2\FASTDEBUG\G1COLLECTORPOLICY.OBJ
E:\OPENJDK-JDK8U-JDK8U\HOTSPOT\BUILD\VS-AMD64\COMPILER2\FASTDEBUG\G1COLLECTORPOLICY.SBR
E:\OPENJDK-JDK8U-JDK8U\HOTSPOT\BUILD\VS-AMD64\COMPILER2\FASTDEBUG\G1ERGOVERBOSE.OBJ
E:\OPENJDK-JDK8U-JDK8U\HOTSPOT\BUILD\VS-AMD64\COMPILER2\FASTDEBUG\G1ERGOVERBOSE.SBR
E:\OPENJDK-JDK8U-JDK8U\HOTSPOT\BUILD\VS-AMD64\COMPILER2\FASTDEBUG\G1GCPHASETIMES.OBJ
E:\OPENJDK-JDK8U-JDK8U\HOTSPOT\BUILD\VS-AMD64\COMPILER2\FASTDEBUG\G1GCPHASETIMES.SBR
E:\OPENJDK-JDK8U-JDK8U\HOTSPOT\BUILD\VS-AMD64\COMPILER2\FASTDEBUG\G1HOTCARDCACHE.OBJ
E:\OPENJDK-JDK8U-JDK8U\HOTSPOT\BUILD\VS-AMD64\COMPILER2\FASTDEBUG\G1HOTCARDCACHE.SBR
E:\OPENJDK-JDK8U-JDK8U\HOTSPOT\BUILD\VS-AMD64\COMPILER2\FASTDEBUG\G1HRPRINTER.OBJ
E:\OPENJDK-JDK8U-JDK8U\HOTSPOT\BUILD\VS-AMD64\COMPILER2\FASTDEBUG\G1HRPRINTER.SBR
E:\OPENJDK-JDK8U-JDK8U\HOTSPOT\BUILD\VS-AMD64\COMPILER2\FASTDEBUG\G1LOG.OBJ
E:\OPENJDK-JDK8U-JDK8U\HOTSPOT\BUILD\VS-AMD64\COMPILER2\FASTDEBUG\G1LOG.SBR
E:\OPENJDK-JDK8U-JDK8U\HOTSPOT\BUILD\VS-AMD64\COMPILER2\FASTDEBUG\G1MARKSWEEP.OBJ
E:\OPENJDK-JDK8U-JDK8U\HOTSPOT\BUILD\VS-AMD64\COMPILER2\FASTDEBUG\G1MARKSWEEP.SBR
E:\OPENJDK-JDK8U-JDK8U\HOTSPOT\BUILD\VS-AMD64\COMPILER2\FASTDEBUG\G1MARKSWEEP_EXT.OBJ
E:\OPENJDK-JDK8U-JDK8U\HOTSPOT\BUILD\VS-AMD64\COMPILER2\FASTDEBUG\G1MARKSWEEP_EXT.SBR
E:\OPENJDK-JDK8U-JDK8U\HOTSPOT\BUILD\VS-AMD64\COMPILER2\FASTDEBUG\G1MEMORYPOOL.OBJ
E:\OPENJDK-JDK8U-JDK8U\HOTSPOT\BUILD\VS-AMD64\COMPILER2\FASTDEBUG\G1MEMORYPOOL.SBR
E:\OPENJDK-JDK8U-JDK8U\HOTSPOT\BUILD\VS-AMD64\COMPILER2\FASTDEBUG\G1MMUTRACKER.OBJ
E:\OPENJDK-JDK8U-JDK8U\HOTSPOT\BUILD\VS-AMD64\COMPILER2\FASTDEBUG\G1MMUTRACKER.SBR
E:\OPENJDK-JDK8U-JDK8U\HOTSPOT\BUILD\VS-AMD64\COMPILER2\FASTDEBUG\G1MONITORINGSUPPORT.OBJ
E:\OPENJDK-JDK8U-JDK8U\HOTSPOT\BUILD\VS-AMD64\COMPILER2\FASTDEBUG\G1MONITORINGSUPPORT.SBR
E:\OPENJDK-JDK8U-JDK8U\HOTSPOT\BUILD\VS-AMD64\COMPILER2\FASTDEBUG\G1OOPCLOSURES.OBJ
E:\OPENJDK-JDK8U-JDK8U\HOTSPOT\BUILD\VS-AMD64\COMPILER2\FASTDEBUG\G1OOPCLOSURES.SBR
E:\OPENJDK-JDK8U-JDK8U\HOTSPOT\BUILD\VS-AMD64\COMPILER2\FASTDEBUG\G1PAGEBASEDVIRTUALSPACE.OBJ
E:\OPENJDK-JDK8U-JDK8U\HOTSPOT\BUILD\VS-AMD64\COMPILER2\FASTDEBUG\G1PAGEBASEDVIRTUALSPACE.SBR
E:\OPENJDK-JDK8U-JDK8U\HOTSPOT\BUILD\VS-AMD64\COMPILER2\FASTDEBUG\G1PARSCANTHREADSTATE.OBJ
E:\OPENJDK-JDK8U-JDK8U\HOTSPOT\BUILD\VS-AMD64\COMPILER2\FASTDEBUG\G1PARSCANTHREADSTATE.SBR
E:\OPENJDK-JDK8U-JDK8U\HOTSPOT\BUILD\VS-AMD64\COMPILER2\FASTDEBUG\G1REGIONTOSPACEMAPPER.OBJ
E:\OPENJDK-JDK8U-JDK8U\HOTSPOT\BUILD\VS-AMD64\COMPILER2\FASTDEBUG\G1REGIONTOSPACEMAPPER.SBR
E:\OPENJDK-JDK8U-JDK8U\HOTSPOT\BUILD\VS-AMD64\COMPILER2\FASTDEBUG\G1REMSET.OBJ
E:\OPENJDK-JDK8U-JDK8U\HOTSPOT\BUILD\VS-AMD64\COMPILER2\FASTDEBUG\G1REMSET.SBR
E:\OPENJDK-JDK8U-JDK8U\HOTSPOT\BUILD\VS-AMD64\COMPILER2\FASTDEBUG\G1REMSETSUMMARY.OBJ
E:\OPENJDK-JDK8U-JDK8U\HOTSPOT\BUILD\VS-AMD64\COMPILER2\FASTDEBUG\G1REMSETSUMMARY.SBR
E:\OPENJDK-JDK8U-JDK8U\HOTSPOT\BUILD\VS-AMD64\COMPILER2\FASTDEBUG\G1ROOTPROCESSOR.OBJ
E:\OPENJDK-JDK8U-JDK8U\HOTSPOT\BUILD\VS-AMD64\COMPILER2\FASTDEBUG\G1ROOTPROCESSOR.SBR
E:\OPENJDK-JDK8U-JDK8U\HOTSPOT\BUILD\VS-AMD64\COMPILER2\FASTDEBUG\G1SATBCARDTABLEMODREFBS.OBJ
E:\OPENJDK-JDK8U-JDK8U\HOTSPOT\BUILD\VS-AMD64\COMPILER2\FASTDEBUG\G1SATBCARDTABLEMODREFBS.SBR
E:\OPENJDK-JDK8U-JDK8U\HOTSPOT\BUILD\VS-AMD64\COMPILER2\FASTDEBUG\G1STRINGDEDUP.OBJ
E:\OPENJDK-JDK8U-JDK8U\HOTSPOT\BUILD\VS-AMD64\COMPILER2\FASTDEBUG\G1STRINGDEDUP.SBR
E:\OPENJDK-JDK8U-JDK8U\HOTSPOT\BUILD\VS-AMD64\COMPILER2\FASTDEBUG\G1STRINGDEDUPQUEUE.OBJ
E:\OPENJDK-JDK8U-JDK8U\HOTSPOT\BUILD\VS-AMD64\COMPILER2\FASTDEBUG\G1STRINGDEDUPQUEUE.SBR
E:\OPENJDK-JDK8U-JDK8U\HOTSPOT\BUILD\VS-AMD64\COMPILER2\FASTDEBUG\G1STRINGDEDUPSTAT.OBJ
E:\OPENJDK-JDK8U-JDK8U\HOTSPOT\BUILD\VS-AMD64\COMPILER2\FASTDEBUG\G1STRINGDEDUPSTAT.SBR
E:\OPENJDK-JDK8U-JDK8U\HOTSPOT\BUILD\VS-AMD64\COMPILER2\FASTDEBUG\G1STRINGDEDUPTABLE.OBJ
E:\OPENJDK-JDK8U-JDK8U\HOTSPOT\BUILD\VS-AMD64\COMPILER2\FASTDEBUG\G1STRINGDEDUPTABLE.SBR
E:\OPENJDK-JDK8U-JDK8U\HOTSPOT\BUILD\VS-AMD64\COMPILER2\FASTDEBUG\G1STRINGDEDUPTHREAD.OBJ
E:\OPENJDK-JDK8U-JDK8U\HOTSPOT\BUILD\VS-AMD64\COMPILER2\FASTDEBUG\G1STRINGDEDUPTHREAD.SBR
E:\OPENJDK-JDK8U-JDK8U\HOTSPOT\BUILD\VS-AMD64\COMPILER2\FASTDEBUG\GCADAPTIVEPOLICYCOUNTERS.OBJ
E:\OPENJDK-JDK8U-JDK8U\HOTSPOT\BUILD\VS-AMD64\COMPILER2\FASTDEBUG\GCADAPTIVEPOLICYCOUNTERS.SBR
E:\OPENJDK-JDK8U-JDK8U\HOTSPOT\BUILD\VS-AMD64\COMPILER2\FASTDEBUG\GCCAUSE.OBJ
E:\OPENJDK-JDK8U-JDK8U\HOTSPOT\BUILD\VS-AMD64\COMPILER2\FASTDEBUG\GCCAUSE.SBR
E:\OPENJDK-JDK8U-JDK8U\HOTSPOT\BUILD\VS-AMD64\COMPILER2\FASTDEBUG\GCID.OBJ
E:\OPENJDK-JDK8U-JDK8U\HOTSPOT\BUILD\VS-AMD64\COMPILER2\FASTDEBUG\GCID.SBR
E:\OPENJDK-JDK8U-JDK8U\HOTSPOT\BUILD\VS-AMD64\COMPILER2\FASTDEBUG\GCLOCKER.OBJ
E:\OPENJDK-JDK8U-JDK8U\HOTSPOT\BUILD\VS-AMD64\COMPILER2\FASTDEBUG\GCLOCKER.SBR
E:\OPENJDK-JDK8U-JDK8U\HOTSPOT\BUILD\VS-AMD64\COMPILER2\FASTDEBUG\GCM.OBJ
E:\OPENJDK-JDK8U-JDK8U\HOTSPOT\BUILD\VS-AMD64\COMPILER2\FASTDEBUG\GCM.SBR
E:\OPENJDK-JDK8U-JDK8U\HOTSPOT\BUILD\VS-AMD64\COMPILER2\FASTDEBUG\GCNOTIFIER.OBJ
E:\OPENJDK-JDK8U-JDK8U\HOTSPOT\BUILD\VS-AMD64\COMPILER2\FASTDEBUG\GCNOTIFIER.SBR
E:\OPENJDK-JDK8U-JDK8U\HOTSPOT\BUILD\VS-AMD64\COMPILER2\FASTDEBUG\GCPOLICYCOUNTERS.OBJ
E:\OPENJDK-JDK8U-JDK8U\HOTSPOT\BUILD\VS-AMD64\COMPILER2\FASTDEBUG\GCPOLICYCOUNTERS.SBR
E:\OPENJDK-JDK8U-JDK8U\HOTSPOT\BUILD\VS-AMD64\COMPILER2\FASTDEBUG\GCSTATS.OBJ
E:\OPENJDK-JDK8U-JDK8U\HOTSPOT\BUILD\VS-AMD64\COMPILER2\FASTDEBUG\GCSTATS.SBR
E:\OPENJDK-JDK8U-JDK8U\HOTSPOT\BUILD\VS-AMD64\COMPILER2\FASTDEBUG\GCTASKMANAGER.OBJ
E:\OPENJDK-JDK8U-JDK8U\HOTSPOT\BUILD\VS-AMD64\COMPILER2\FASTDEBUG\GCTASKMANAGER.SBR
E:\OPENJDK-JDK8U-JDK8U\HOTSPOT\BUILD\VS-AMD64\COMPILER2\FASTDEBUG\GCTASKTHREAD.OBJ
E:\OPENJDK-JDK8U-JDK8U\HOTSPOT\BUILD\VS-AMD64\COMPILER2\FASTDEBUG\GCTASKTHREAD.SBR
E:\OPENJDK-JDK8U-JDK8U\HOTSPOT\BUILD\VS-AMD64\COMPILER2\FASTDEBUG\GCTIMER.OBJ
E:\OPENJDK-JDK8U-JDK8U\HOTSPOT\BUILD\VS-AMD64\COMPILER2\FASTDEBUG\GCTIMER.SBR
E:\OPENJDK-JDK8U-JDK8U\HOTSPOT\BUILD\VS-AMD64\COMPILER2\FASTDEBUG\GCTRACE.OBJ
E:\OPENJDK-JDK8U-JDK8U\HOTSPOT\BUILD\VS-AMD64\COMPILER2\FASTDEBUG\GCTRACE.SBR
E:\OPENJDK-JDK8U-JDK8U\HOTSPOT\BUILD\VS-AMD64\COMPILER2\FASTDEBUG\GCTRACESEND.OBJ
E:\OPENJDK-JDK8U-JDK8U\HOTSPOT\BUILD\VS-AMD64\COMPILER2\FASTDEBUG\GCTRACESEND.SBR
E:\OPENJDK-JDK8U-JDK8U\HOTSPOT\BUILD\VS-AMD64\COMPILER2\FASTDEBUG\GCTRACETIME.OBJ
E:\OPENJDK-JDK8U-JDK8U\HOTSPOT\BUILD\VS-AMD64\COMPILER2\FASTDEBUG\GCTRACETIME.SBR
E:\OPENJDK-JDK8U-JDK8U\HOTSPOT\BUILD\VS-AMD64\COMPILER2\FASTDEBUG\GCUTIL.OBJ
E:\OPENJDK-JDK8U-JDK8U\HOTSPOT\BUILD\VS-AMD64\COMPILER2\FASTDEBUG\GCUTIL.SBR
E:\OPENJDK-JDK8U-JDK8U\HOTSPOT\BUILD\VS-AMD64\COMPILER2\FASTDEBUG\GENCOLLECTEDHEAP.OBJ
E:\OPENJDK-JDK8U-JDK8U\HOTSPOT\BUILD\VS-AMD64\COMPILER2\FASTDEBUG\GENCOLLECTEDHEAP.SBR
E:\OPENJDK-JDK8U-JDK8U\HOTSPOT\BUILD\VS-AMD64\COMPILER2\FASTDEBUG\GENERATEOOPMAP.OBJ
E:\OPENJDK-JDK8U-JDK8U\HOTSPOT\BUILD\VS-AMD64\COMPILER2\FASTDEBUG\GENERATEOOPMAP.SBR
E:\OPENJDK-JDK8U-JDK8U\HOTSPOT\BUILD\VS-AMD64\COMPILER2\FASTDEBUG\GENERATEOPTOSTUB.OBJ
E:\OPENJDK-JDK8U-JDK8U\HOTSPOT\BUILD\VS-AMD64\COMPILER2\FASTDEBUG\GENERATEOPTOSTUB.SBR
E:\OPENJDK-JDK8U-JDK8U\HOTSPOT\BUILD\VS-AMD64\COMPILER2\FASTDEBUG\GENERATION.OBJ
E:\OPENJDK-JDK8U-JDK8U\HOTSPOT\BUILD\VS-AMD64\COMPILER2\FASTDEBUG\GENERATION.SBR
E:\OPENJDK-JDK8U-JDK8U\HOTSPOT\BUILD\VS-AMD64\COMPILER2\FASTDEBUG\GENERATIONCOUNTERS.OBJ
E:\OPENJDK-JDK8U-JDK8U\HOTSPOT\BUILD\VS-AMD64\COMPILER2\FASTDEBUG\GENERATIONCOUNTERS.SBR
E:\OPENJDK-JDK8U-JDK8U\HOTSPOT\BUILD\VS-AMD64\COMPILER2\FASTDEBUG\GENERATIONSIZER.OBJ
E:\OPENJDK-JDK8U-JDK8U\HOTSPOT\BUILD\VS-AMD64\COMPILER2\FASTDEBUG\GENERATIONSIZER.SBR
E:\OPENJDK-JDK8U-JDK8U\HOTSPOT\BUILD\VS-AMD64\COMPILER2\FASTDEBUG\GENERATIONSPEC.OBJ
E:\OPENJDK-JDK8U-JDK8U\HOTSPOT\BUILD\VS-AMD64\COMPILER2\FASTDEBUG\GENERATIONSPEC.SBR
E:\OPENJDK-JDK8U-JDK8U\HOTSPOT\BUILD\VS-AMD64\COMPILER2\FASTDEBUG\GENMARKSWEEP.OBJ
E:\OPENJDK-JDK8U-JDK8U\HOTSPOT\BUILD\VS-AMD64\COMPILER2\FASTDEBUG\GENMARKSWEEP.SBR
E:\OPENJDK-JDK8U-JDK8U\HOTSPOT\BUILD\VS-AMD64\COMPILER2\FASTDEBUG\GENREMSET.OBJ
E:\OPENJDK-JDK8U-JDK8U\HOTSPOT\BUILD\VS-AMD64\COMPILER2\FASTDEBUG\GENREMSET.SBR
E:\OPENJDK-JDK8U-JDK8U\HOTSPOT\BUILD\VS-AMD64\COMPILER2\FASTDEBUG\GLOBALDEFINITIONS.OBJ
E:\OPENJDK-JDK8U-JDK8U\HOTSPOT\BUILD\VS-AMD64\COMPILER2\FASTDEBUG\GLOBALDEFINITIONS.SBR
E:\OPENJDK-JDK8U-JDK8U\HOTSPOT\BUILD\VS-AMD64\COMPILER2\FASTDEBUG\GLOBALS.OBJ
E:\OPENJDK-JDK8U-JDK8U\HOTSPOT\BUILD\VS-AMD64\COMPILER2\FASTDEBUG\GLOBALS.SBR
E:\OPENJDK-JDK8U-JDK8U\HOTSPOT\BUILD\VS-AMD64\COMPILER2\FASTDEBUG\GRAPHKIT.OBJ
E:\OPENJDK-JDK8U-JDK8U\HOTSPOT\BUILD\VS-AMD64\COMPILER2\FASTDEBUG\GRAPHKIT.SBR
E:\OPENJDK-JDK8U-JDK8U\HOTSPOT\BUILD\VS-AMD64\COMPILER2\FASTDEBUG\GROWABLEARRAY.OBJ
E:\OPENJDK-JDK8U-JDK8U\HOTSPOT\BUILD\VS-AMD64\COMPILER2\FASTDEBUG\GROWABLEARRAY.SBR
E:\OPENJDK-JDK8U-JDK8U\HOTSPOT\BUILD\VS-AMD64\COMPILER2\FASTDEBUG\GSPACECOUNTERS.OBJ
E:\OPENJDK-JDK8U-JDK8U\HOTSPOT\BUILD\VS-AMD64\COMPILER2\FASTDEBUG\GSPACECOUNTERS.SBR
E:\OPENJDK-JDK8U-JDK8U\HOTSPOT\BUILD\VS-AMD64\COMPILER2\FASTDEBUG\GUARDEDMEMORY.OBJ
E:\OPENJDK-JDK8U-JDK8U\HOTSPOT\BUILD\VS-AMD64\COMPILER2\FASTDEBUG\GUARDEDMEMORY.SBR
E:\OPENJDK-JDK8U-JDK8U\HOTSPOT\BUILD\VS-AMD64\COMPILER2\FASTDEBUG\HANDLES.OBJ
E:\OPENJDK-JDK8U-JDK8U\HOTSPOT\BUILD\VS-AMD64\COMPILER2\FASTDEBUG\HANDLES.SBR
E:\OPENJDK-JDK8U-JDK8U\HOTSPOT\BUILD\VS-AMD64\COMPILER2\FASTDEBUG\HASHTABLE.OBJ
E:\OPENJDK-JDK8U-JDK8U\HOTSPOT\BUILD\VS-AMD64\COMPILER2\FASTDEBUG\HASHTABLE.SBR
E:\OPENJDK-JDK8U-JDK8U\HOTSPOT\BUILD\VS-AMD64\COMPILER2\FASTDEBUG\HEAP.OBJ
E:\OPENJDK-JDK8U-JDK8U\HOTSPOT\BUILD\VS-AMD64\COMPILER2\FASTDEBUG\HEAP.SBR
E:\OPENJDK-JDK8U-JDK8U\HOTSPOT\BUILD\VS-AMD64\COMPILER2\FASTDEBUG\HEAPDUMPER.OBJ
E:\OPENJDK-JDK8U-JDK8U\HOTSPOT\BUILD\VS-AMD64\COMPILER2\FASTDEBUG\HEAPDUMPER.SBR
E:\OPENJDK-JDK8U-JDK8U\HOTSPOT\BUILD\VS-AMD64\COMPILER2\FASTDEBUG\HEAPINSPECTION.OBJ
E:\OPENJDK-JDK8U-JDK8U\HOTSPOT\BUILD\VS-AMD64\COMPILER2\FASTDEBUG\HEAPINSPECTION.SBR
E:\OPENJDK-JDK8U-JDK8U\HOTSPOT\BUILD\VS-AMD64\COMPILER2\FASTDEBUG\HEAPREGION.OBJ
E:\OPENJDK-JDK8U-JDK8U\HOTSPOT\BUILD\VS-AMD64\COMPILER2\FASTDEBUG\HEAPREGION.SBR
E:\OPENJDK-JDK8U-JDK8U\HOTSPOT\BUILD\VS-AMD64\COMPILER2\FASTDEBUG\HEAPREGIONMANAGER.OBJ
E:\OPENJDK-JDK8U-JDK8U\HOTSPOT\BUILD\VS-AMD64\COMPILER2\FASTDEBUG\HEAPREGIONMANAGER.SBR
E:\OPENJDK-JDK8U-JDK8U\HOTSPOT\BUILD\VS-AMD64\COMPILER2\FASTDEBUG\HEAPREGIONREMSET.OBJ
E:\OPENJDK-JDK8U-JDK8U\HOTSPOT\BUILD\VS-AMD64\COMPILER2\FASTDEBUG\HEAPREGIONREMSET.SBR
E:\OPENJDK-JDK8U-JDK8U\HOTSPOT\BUILD\VS-AMD64\COMPILER2\FASTDEBUG\HEAPREGIONSET.OBJ
E:\OPENJDK-JDK8U-JDK8U\HOTSPOT\BUILD\VS-AMD64\COMPILER2\FASTDEBUG\HEAPREGIONSET.SBR
E:\OPENJDK-JDK8U-JDK8U\HOTSPOT\BUILD\VS-AMD64\COMPILER2\FASTDEBUG\HEAPREGIONTYPE.OBJ
E:\OPENJDK-JDK8U-JDK8U\HOTSPOT\BUILD\VS-AMD64\COMPILER2\FASTDEBUG\HEAPREGIONTYPE.SBR
E:\OPENJDK-JDK8U-JDK8U\HOTSPOT\BUILD\VS-AMD64\COMPILER2\FASTDEBUG\HISTOGRAM.OBJ
E:\OPENJDK-JDK8U-JDK8U\HOTSPOT\BUILD\VS-AMD64\COMPILER2\FASTDEBUG\HISTOGRAM.SBR
E:\OPENJDK-JDK8U-JDK8U\HOTSPOT\BUILD\VS-AMD64\COMPILER2\FASTDEBUG\HSPACECOUNTERS.OBJ
E:\OPENJDK-JDK8U-JDK8U\HOTSPOT\BUILD\VS-AMD64\COMPILER2\FASTDEBUG\HSPACECOUNTERS.SBR
E:\OPENJDK-JDK8U-JDK8U\HOTSPOT\BUILD\VS-AMD64\COMPILER2\FASTDEBUG\ICACHE.OBJ
E:\OPENJDK-JDK8U-JDK8U\HOTSPOT\BUILD\VS-AMD64\COMPILER2\FASTDEBUG\ICACHE.SBR
E:\OPENJDK-JDK8U-JDK8U\HOTSPOT\BUILD\VS-AMD64\COMPILER2\FASTDEBUG\ICACHE_X86.OBJ
E:\OPENJDK-JDK8U-JDK8U\HOTSPOT\BUILD\VS-AMD64\COMPILER2\FASTDEBUG\ICACHE_X86.SBR
E:\OPENJDK-JDK8U-JDK8U\HOTSPOT\BUILD\VS-AMD64\COMPILER2\FASTDEBUG\ICBUFFER.OBJ
E:\OPENJDK-JDK8U-JDK8U\HOTSPOT\BUILD\VS-AMD64\COMPILER2\FASTDEBUG\ICBUFFER.SBR
E:\OPENJDK-JDK8U-JDK8U\HOTSPOT\BUILD\VS-AMD64\COMPILER2\FASTDEBUG\ICBUFFER_X86.OBJ
E:\OPENJDK-JDK8U-JDK8U\HOTSPOT\BUILD\VS-AMD64\COMPILER2\FASTDEBUG\ICBUFFER_X86.SBR
E:\OPENJDK-JDK8U-JDK8U\HOTSPOT\BUILD\VS-AMD64\COMPILER2\FASTDEBUG\IDEALGRAPHPRINTER.OBJ
E:\OPENJDK-JDK8U-JDK8U\HOTSPOT\BUILD\VS-AMD64\COMPILER2\FASTDEBUG\IDEALGRAPHPRINTER.SBR
E:\OPENJDK-JDK8U-JDK8U\HOTSPOT\BUILD\VS-AMD64\COMPILER2\FASTDEBUG\IDEALKIT.OBJ
E:\OPENJDK-JDK8U-JDK8U\HOTSPOT\BUILD\VS-AMD64\COMPILER2\FASTDEBUG\IDEALKIT.SBR
E:\OPENJDK-JDK8U-JDK8U\HOTSPOT\BUILD\VS-AMD64\COMPILER2\FASTDEBUG\IFG.OBJ
E:\OPENJDK-JDK8U-JDK8U\HOTSPOT\BUILD\VS-AMD64\COMPILER2\FASTDEBUG\IFG.SBR
E:\OPENJDK-JDK8U-JDK8U\HOTSPOT\BUILD\VS-AMD64\COMPILER2\FASTDEBUG\IFNODE.OBJ
E:\OPENJDK-JDK8U-JDK8U\HOTSPOT\BUILD\VS-AMD64\COMPILER2\FASTDEBUG\IFNODE.SBR
E:\OPENJDK-JDK8U-JDK8U\HOTSPOT\BUILD\VS-AMD64\COMPILER2\FASTDEBUG\IMMUTABLESPACE.OBJ
E:\OPENJDK-JDK8U-JDK8U\HOTSPOT\BUILD\VS-AMD64\COMPILER2\FASTDEBUG\IMMUTABLESPACE.SBR
E:\OPENJDK-JDK8U-JDK8U\HOTSPOT\BUILD\VS-AMD64\COMPILER2\FASTDEBUG\INDEXSET.OBJ
E:\OPENJDK-JDK8U-JDK8U\HOTSPOT\BUILD\VS-AMD64\COMPILER2\FASTDEBUG\INDEXSET.SBR
E:\OPENJDK-JDK8U-JDK8U\HOTSPOT\BUILD\VS-AMD64\COMPILER2\FASTDEBUG\INIT.OBJ
E:\OPENJDK-JDK8U-JDK8U\HOTSPOT\BUILD\VS-AMD64\COMPILER2\FASTDEBUG\INIT.SBR
E:\OPENJDK-JDK8U-JDK8U\HOTSPOT\BUILD\VS-AMD64\COMPILER2\FASTDEBUG\INSTANCECLASSLOADERKLASS.OBJ
E:\OPENJDK-JDK8U-JDK8U\HOTSPOT\BUILD\VS-AMD64\COMPILER2\FASTDEBUG\INSTANCECLASSLOADERKLASS.SBR
E:\OPENJDK-JDK8U-JDK8U\HOTSPOT\BUILD\VS-AMD64\COMPILER2\FASTDEBUG\INSTANCEKLASS.OBJ
E:\OPENJDK-JDK8U-JDK8U\HOTSPOT\BUILD\VS-AMD64\COMPILER2\FASTDEBUG\INSTANCEKLASS.SBR
E:\OPENJDK-JDK8U-JDK8U\HOTSPOT\BUILD\VS-AMD64\COMPILER2\FASTDEBUG\INSTANCEMIRRORKLASS.OBJ
E:\OPENJDK-JDK8U-JDK8U\HOTSPOT\BUILD\VS-AMD64\COMPILER2\FASTDEBUG\INSTANCEMIRRORKLASS.SBR
E:\OPENJDK-JDK8U-JDK8U\HOTSPOT\BUILD\VS-AMD64\COMPILER2\FASTDEBUG\INSTANCEOOP.OBJ
E:\OPENJDK-JDK8U-JDK8U\HOTSPOT\BUILD\VS-AMD64\COMPILER2\FASTDEBUG\INSTANCEOOP.SBR
E:\OPENJDK-JDK8U-JDK8U\HOTSPOT\BUILD\VS-AMD64\COMPILER2\FASTDEBUG\INSTANCEREFKLASS.OBJ
E:\OPENJDK-JDK8U-JDK8U\HOTSPOT\BUILD\VS-AMD64\COMPILER2\FASTDEBUG\INSTANCEREFKLASS.SBR
E:\OPENJDK-JDK8U-JDK8U\HOTSPOT\BUILD\VS-AMD64\COMPILER2\FASTDEBUG\INTERFACESUPPORT.OBJ
E:\OPENJDK-JDK8U-JDK8U\HOTSPOT\BUILD\VS-AMD64\COMPILER2\FASTDEBUG\INTERFACESUPPORT.SBR
E:\OPENJDK-JDK8U-JDK8U\HOTSPOT\BUILD\VS-AMD64\COMPILER2\FASTDEBUG\INTERP_MASM_X86.OBJ
E:\OPENJDK-JDK8U-JDK8U\HOTSPOT\BUILD\VS-AMD64\COMPILER2\FASTDEBUG\INTERP_MASM_X86.SBR
E:\OPENJDK-JDK8U-JDK8U\HOTSPOT\BUILD\VS-AMD64\COMPILER2\FASTDEBUG\INTERP_MASM_X86_64.OBJ
E:\OPENJDK-JDK8U-JDK8U\HOTSPOT\BUILD\VS-AMD64\COMPILER2\FASTDEBUG\INTERP_MASM_X86_64.SBR
E:\OPENJDK-JDK8U-JDK8U\HOTSPOT\BUILD\VS-AMD64\COMPILER2\FASTDEBUG\INTERPRETER.OBJ
E:\OPENJDK-JDK8U-JDK8U\HOTSPOT\BUILD\VS-AMD64\COMPILER2\FASTDEBUG\INTERPRETER.SBR
E:\OPENJDK-JDK8U-JDK8U\HOTSPOT\BUILD\VS-AMD64\COMPILER2\FASTDEBUG\INTERPRETER_X86_64.OBJ
E:\OPENJDK-JDK8U-JDK8U\HOTSPOT\BUILD\VS-AMD64\COMPILER2\FASTDEBUG\INTERPRETER_X86_64.SBR
E:\OPENJDK-JDK8U-JDK8U\HOTSPOT\BUILD\VS-AMD64\COMPILER2\FASTDEBUG\INTERPRETERRT_X86_64.OBJ
E:\OPENJDK-JDK8U-JDK8U\HOTSPOT\BUILD\VS-AMD64\COMPILER2\FASTDEBUG\INTERPRETERRT_X86_64.SBR
E:\OPENJDK-JDK8U-JDK8U\HOTSPOT\BUILD\VS-AMD64\COMPILER2\FASTDEBUG\INTERPRETERRUNTIME.OBJ
E:\OPENJDK-JDK8U-JDK8U\HOTSPOT\BUILD\VS-AMD64\COMPILER2\FASTDEBUG\INTERPRETERRUNTIME.SBR
E:\OPENJDK-JDK8U-JDK8U\HOTSPOT\BUILD\VS-AMD64\COMPILER2\FASTDEBUG\INTHISTO.OBJ
E:\OPENJDK-JDK8U-JDK8U\HOTSPOT\BUILD\VS-AMD64\COMPILER2\FASTDEBUG\INTHISTO.SBR
E:\OPENJDK-JDK8U-JDK8U\HOTSPOT\BUILD\VS-AMD64\COMPILER2\FASTDEBUG\INVOCATIONCOUNTER.OBJ
E:\OPENJDK-JDK8U-JDK8U\HOTSPOT\BUILD\VS-AMD64\COMPILER2\FASTDEBUG\INVOCATIONCOUNTER.SBR
E:\OPENJDK-JDK8U-JDK8U\HOTSPOT\BUILD\VS-AMD64\COMPILER2\FASTDEBUG\ITERATOR.OBJ
E:\OPENJDK-JDK8U-JDK8U\HOTSPOT\BUILD\VS-AMD64\COMPILER2\FASTDEBUG\ITERATOR.SBR
E:\OPENJDK-JDK8U-JDK8U\HOTSPOT\BUILD\VS-AMD64\COMPILER2\FASTDEBUG\JAVA.OBJ
E:\OPENJDK-JDK8U-JDK8U\HOTSPOT\BUILD\VS-AMD64\COMPILER2\FASTDEBUG\JAVA.SBR
E:\OPENJDK-JDK8U-JDK8U\HOTSPOT\BUILD\VS-AMD64\COMPILER2\FASTDEBUG\JAVAASSERTIONS.OBJ
E:\OPENJDK-JDK8U-JDK8U\HOTSPOT\BUILD\VS-AMD64\COMPILER2\FASTDEBUG\JAVAASSERTIONS.SBR
E:\OPENJDK-JDK8U-JDK8U\HOTSPOT\BUILD\VS-AMD64\COMPILER2\FASTDEBUG\JAVACALLS.OBJ
E:\OPENJDK-JDK8U-JDK8U\HOTSPOT\BUILD\VS-AMD64\COMPILER2\FASTDEBUG\JAVACALLS.SBR
E:\OPENJDK-JDK8U-JDK8U\HOTSPOT\BUILD\VS-AMD64\COMPILER2\FASTDEBUG\JAVACLASSES.OBJ
E:\OPENJDK-JDK8U-JDK8U\HOTSPOT\BUILD\VS-AMD64\COMPILER2\FASTDEBUG\JAVACLASSES.SBR
E:\OPENJDK-JDK8U-JDK8U\HOTSPOT\BUILD\VS-AMD64\COMPILER2\FASTDEBUG\JNI.OBJ
E:\OPENJDK-JDK8U-JDK8U\HOTSPOT\BUILD\VS-AMD64\COMPILER2\FASTDEBUG\JNI.SBR
E:\OPENJDK-JDK8U-JDK8U\HOTSPOT\BUILD\VS-AMD64\COMPILER2\FASTDEBUG\JNICHECK.OBJ
E:\OPENJDK-JDK8U-JDK8U\HOTSPOT\BUILD\VS-AMD64\COMPILER2\FASTDEBUG\JNICHECK.SBR
E:\OPENJDK-JDK8U-JDK8U\HOTSPOT\BUILD\VS-AMD64\COMPILER2\FASTDEBUG\JNIFASTGETFIELD.OBJ
E:\OPENJDK-JDK8U-JDK8U\HOTSPOT\BUILD\VS-AMD64\COMPILER2\FASTDEBUG\JNIFASTGETFIELD.SBR
E:\OPENJDK-JDK8U-JDK8U\HOTSPOT\BUILD\VS-AMD64\COMPILER2\FASTDEBUG\JNIFASTGETFIELD_X86_64.OBJ
E:\OPENJDK-JDK8U-JDK8U\HOTSPOT\BUILD\VS-AMD64\COMPILER2\FASTDEBUG\JNIFASTGETFIELD_X86_64.SBR
E:\OPENJDK-JDK8U-JDK8U\HOTSPOT\BUILD\VS-AMD64\COMPILER2\FASTDEBUG\JNIHANDLES.OBJ
E:\OPENJDK-JDK8U-JDK8U\HOTSPOT\BUILD\VS-AMD64\COMPILER2\FASTDEBUG\JNIHANDLES.SBR
E:\OPENJDK-JDK8U-JDK8U\HOTSPOT\BUILD\VS-AMD64\COMPILER2\FASTDEBUG\JNIPERIODICCHECKER.OBJ
E:\OPENJDK-JDK8U-JDK8U\HOTSPOT\BUILD\VS-AMD64\COMPILER2\FASTDEBUG\JNIPERIODICCHECKER.SBR
E:\OPENJDK-JDK8U-JDK8U\HOTSPOT\BUILD\VS-AMD64\COMPILER2\FASTDEBUG\JVM.BSC
E:\OPENJDK-JDK8U-JDK8U\HOTSPOT\BUILD\VS-AMD64\COMPILER2\FASTDEBUG\JVM.DLL
E:\OPENJDK-JDK8U-JDK8U\HOTSPOT\BUILD\VS-AMD64\COMPILER2\FASTDEBUG\JVM.DLL.INTERMEDIATE.MANIFEST
E:\openjdk-jdk8u-jdk8u\hotspot\build\vs-amd64\compiler2\fastdebug\jvm.exp
E:\openjdk-jdk8u-jdk8u\hotspot\build\vs-amd64\compiler2\fastdebug\jvm.lib
E:\OPENJDK-JDK8U-JDK8U\HOTSPOT\BUILD\VS-AMD64\COMPILER2\FASTDEBUG\JVM.OBJ
E:\OPENJDK-JDK8U-JDK8U\HOTSPOT\BUILD\VS-AMD64\COMPILER2\FASTDEBUG\JVM.PDB
E:\OPENJDK-JDK8U-JDK8U\HOTSPOT\BUILD\VS-AMD64\COMPILER2\FASTDEBUG\JVM.SBR
E:\openjdk-jdk8u-jdk8u\hotspot\build\vs-amd64\compiler2\fastdebug\jvm.vcxprojResolveAssemblyReference.cache
E:\openjdk-jdk8u-jdk8u\hotspot\build\vs-amd64\compiler2\fastdebug\jvm.write.1.tlog
E:\OPENJDK-JDK8U-JDK8U\HOTSPOT\BUILD\VS-AMD64\COMPILER2\FASTDEBUG\JVM_WINDOWS.OBJ
E:\OPENJDK-JDK8U-JDK8U\HOTSPOT\BUILD\VS-AMD64\COMPILER2\FASTDEBUG\JVM_WINDOWS.SBR
E:\OPENJDK-JDK8U-JDK8U\HOTSPOT\BUILD\VS-AMD64\COMPILER2\FASTDEBUG\JVMTICLASSFILERECONSTITUTER.OBJ
E:\OPENJDK-JDK8U-JDK8U\HOTSPOT\BUILD\VS-AMD64\COMPILER2\FASTDEBUG\JVMTICLASSFILERECONSTITUTER.SBR
E:\OPENJDK-JDK8U-JDK8U\HOTSPOT\BUILD\VS-AMD64\COMPILER2\FASTDEBUG\JVMTICODEBLOBEVENTS.OBJ
E:\OPENJDK-JDK8U-JDK8U\HOTSPOT\BUILD\VS-AMD64\COMPILER2\FASTDEBUG\JVMTICODEBLOBEVENTS.SBR
E:\OPENJDK-JDK8U-JDK8U\HOTSPOT\BUILD\VS-AMD64\COMPILER2\FASTDEBUG\JVMTIENTER.OBJ
E:\OPENJDK-JDK8U-JDK8U\HOTSPOT\BUILD\VS-AMD64\COMPILER2\FASTDEBUG\JVMTIENTER.SBR
E:\OPENJDK-JDK8U-JDK8U\HOTSPOT\BUILD\VS-AMD64\COMPILER2\FASTDEBUG\JVMTIENTERTRACE.OBJ
E:\OPENJDK-JDK8U-JDK8U\HOTSPOT\BUILD\VS-AMD64\COMPILER2\FASTDEBUG\JVMTIENTERTRACE.SBR
E:\OPENJDK-JDK8U-JDK8U\HOTSPOT\BUILD\VS-AMD64\COMPILER2\FASTDEBUG\JVMTIENV.OBJ
E:\OPENJDK-JDK8U-JDK8U\HOTSPOT\BUILD\VS-AMD64\COMPILER2\FASTDEBUG\JVMTIENV.SBR
E:\OPENJDK-JDK8U-JDK8U\HOTSPOT\BUILD\VS-AMD64\COMPILER2\FASTDEBUG\JVMTIENVBASE.OBJ
E:\OPENJDK-JDK8U-JDK8U\HOTSPOT\BUILD\VS-AMD64\COMPILER2\FASTDEBUG\JVMTIENVBASE.SBR
E:\OPENJDK-JDK8U-JDK8U\HOTSPOT\BUILD\VS-AMD64\COMPILER2\FASTDEBUG\JVMTIENVTHREADSTATE.OBJ
E:\OPENJDK-JDK8U-JDK8U\HOTSPOT\BUILD\VS-AMD64\COMPILER2\FASTDEBUG\JVMTIENVTHREADSTATE.SBR
E:\OPENJDK-JDK8U-JDK8U\HOTSPOT\BUILD\VS-AMD64\COMPILER2\FASTDEBUG\JVMTIEVENTCONTROLLER.OBJ
E:\OPENJDK-JDK8U-JDK8U\HOTSPOT\BUILD\VS-AMD64\COMPILER2\FASTDEBUG\JVMTIEVENTCONTROLLER.SBR
E:\OPENJDK-JDK8U-JDK8U\HOTSPOT\BUILD\VS-AMD64\COMPILER2\FASTDEBUG\JVMTIEXPORT.OBJ
E:\OPENJDK-JDK8U-JDK8U\HOTSPOT\BUILD\VS-AMD64\COMPILER2\FASTDEBUG\JVMTIEXPORT.SBR
E:\OPENJDK-JDK8U-JDK8U\HOTSPOT\BUILD\VS-AMD64\COMPILER2\FASTDEBUG\JVMTIEXTENSIONS.OBJ
E:\OPENJDK-JDK8U-JDK8U\HOTSPOT\BUILD\VS-AMD64\COMPILER2\FASTDEBUG\JVMTIEXTENSIONS.SBR
E:\OPENJDK-JDK8U-JDK8U\HOTSPOT\BUILD\VS-AMD64\COMPILER2\FASTDEBUG\JVMTIGETLOADEDCLASSES.OBJ
E:\OPENJDK-JDK8U-JDK8U\HOTSPOT\BUILD\VS-AMD64\COMPILER2\FASTDEBUG\JVMTIGETLOADEDCLASSES.SBR
E:\OPENJDK-JDK8U-JDK8U\HOTSPOT\BUILD\VS-AMD64\COMPILER2\FASTDEBUG\JVMTIIMPL.OBJ
E:\OPENJDK-JDK8U-JDK8U\HOTSPOT\BUILD\VS-AMD64\COMPILER2\FASTDEBUG\JVMTIIMPL.SBR
E:\OPENJDK-JDK8U-JDK8U\HOTSPOT\BUILD\VS-AMD64\COMPILER2\FASTDEBUG\JVMTIMANAGECAPABILITIES.OBJ
E:\OPENJDK-JDK8U-JDK8U\HOTSPOT\BUILD\VS-AMD64\COMPILER2\FASTDEBUG\JVMTIMANAGECAPABILITIES.SBR
E:\OPENJDK-JDK8U-JDK8U\HOTSPOT\BUILD\VS-AMD64\COMPILER2\FASTDEBUG\JVMTIRAWMONITOR.OBJ
E:\OPENJDK-JDK8U-JDK8U\HOTSPOT\BUILD\VS-AMD64\COMPILER2\FASTDEBUG\JVMTIRAWMONITOR.SBR
E:\OPENJDK-JDK8U-JDK8U\HOTSPOT\BUILD\VS-AMD64\COMPILER2\FASTDEBUG\JVMTIREDEFINECLASSES.OBJ
E:\OPENJDK-JDK8U-JDK8U\HOTSPOT\BUILD\VS-AMD64\COMPILER2\FASTDEBUG\JVMTIREDEFINECLASSES.SBR
E:\OPENJDK-JDK8U-JDK8U\HOTSPOT\BUILD\VS-AMD64\COMPILER2\FASTDEBUG\JVMTITAGMAP.OBJ
E:\OPENJDK-JDK8U-JDK8U\HOTSPOT\BUILD\VS-AMD64\COMPILER2\FASTDEBUG\JVMTITAGMAP.SBR
E:\OPENJDK-JDK8U-JDK8U\HOTSPOT\BUILD\VS-AMD64\COMPILER2\FASTDEBUG\JVMTITHREADSTATE.OBJ
E:\OPENJDK-JDK8U-JDK8U\HOTSPOT\BUILD\VS-AMD64\COMPILER2\FASTDEBUG\JVMTITHREADSTATE.SBR
E:\OPENJDK-JDK8U-JDK8U\HOTSPOT\BUILD\VS-AMD64\COMPILER2\FASTDEBUG\JVMTITRACE.OBJ
E:\OPENJDK-JDK8U-JDK8U\HOTSPOT\BUILD\VS-AMD64\COMPILER2\FASTDEBUG\JVMTITRACE.SBR
E:\OPENJDK-JDK8U-JDK8U\HOTSPOT\BUILD\VS-AMD64\COMPILER2\FASTDEBUG\JVMTIUTIL.OBJ
E:\OPENJDK-JDK8U-JDK8U\HOTSPOT\BUILD\VS-AMD64\COMPILER2\FASTDEBUG\JVMTIUTIL.SBR
E:\OPENJDK-JDK8U-JDK8U\HOTSPOT\BUILD\VS-AMD64\COMPILER2\FASTDEBUG\KLASS.OBJ
E:\OPENJDK-JDK8U-JDK8U\HOTSPOT\BUILD\VS-AMD64\COMPILER2\FASTDEBUG\KLASS.SBR
E:\OPENJDK-JDK8U-JDK8U\HOTSPOT\BUILD\VS-AMD64\COMPILER2\FASTDEBUG\KLASSVTABLE.OBJ
E:\OPENJDK-JDK8U-JDK8U\HOTSPOT\BUILD\VS-AMD64\COMPILER2\FASTDEBUG\KLASSVTABLE.SBR
E:\OPENJDK-JDK8U-JDK8U\HOTSPOT\BUILD\VS-AMD64\COMPILER2\FASTDEBUG\LCM.OBJ
E:\OPENJDK-JDK8U-JDK8U\HOTSPOT\BUILD\VS-AMD64\COMPILER2\FASTDEBUG\LCM.SBR
E:\OPENJDK-JDK8U-JDK8U\HOTSPOT\BUILD\VS-AMD64\COMPILER2\FASTDEBUG\LIBRARY_CALL.OBJ
E:\OPENJDK-JDK8U-JDK8U\HOTSPOT\BUILD\VS-AMD64\COMPILER2\FASTDEBUG\LIBRARY_CALL.SBR
E:\openjdk-jdk8u-jdk8u\hotspot\build\vs-amd64\compiler2\fastdebug\link.command.1.tlog
E:\openjdk-jdk8u-jdk8u\hotspot\build\vs-amd64\compiler2\fastdebug\link.read.1.tlog
E:\openjdk-jdk8u-jdk8u\hotspot\build\vs-amd64\compiler2\fastdebug\link.write.1.tlog
E:\OPENJDK-JDK8U-JDK8U\HOTSPOT\BUILD\VS-AMD64\COMPILER2\FASTDEBUG\LINKEDLIST.OBJ
E:\OPENJDK-JDK8U-JDK8U\HOTSPOT\BUILD\VS-AMD64\COMPILER2\FASTDEBUG\LINKEDLIST.SBR
E:\OPENJDK-JDK8U-JDK8U\HOTSPOT\BUILD\VS-AMD64\COMPILER2\FASTDEBUG\LINKRESOLVER.OBJ
E:\OPENJDK-JDK8U-JDK8U\HOTSPOT\BUILD\VS-AMD64\COMPILER2\FASTDEBUG\LINKRESOLVER.SBR
E:\OPENJDK-JDK8U-JDK8U\HOTSPOT\BUILD\VS-AMD64\COMPILER2\FASTDEBUG\LIVE.OBJ
E:\OPENJDK-JDK8U-JDK8U\HOTSPOT\BUILD\VS-AMD64\COMPILER2\FASTDEBUG\LIVE.SBR
E:\OPENJDK-JDK8U-JDK8U\HOTSPOT\BUILD\VS-AMD64\COMPILER2\FASTDEBUG\LOADERCONSTRAINTS.OBJ
E:\OPENJDK-JDK8U-JDK8U\HOTSPOT\BUILD\VS-AMD64\COMPILER2\FASTDEBUG\LOADERCONSTRAINTS.SBR
E:\OPENJDK-JDK8U-JDK8U\HOTSPOT\BUILD\VS-AMD64\COMPILER2\FASTDEBUG\LOCATION.OBJ
E:\OPENJDK-JDK8U-JDK8U\HOTSPOT\BUILD\VS-AMD64\COMPILER2\FASTDEBUG\LOCATION.SBR
E:\OPENJDK-JDK8U-JDK8U\HOTSPOT\BUILD\VS-AMD64\COMPILER2\FASTDEBUG\LOCKNODE.OBJ
E:\OPENJDK-JDK8U-JDK8U\HOTSPOT\BUILD\VS-AMD64\COMPILER2\FASTDEBUG\LOCKNODE.SBR
E:\OPENJDK-JDK8U-JDK8U\HOTSPOT\BUILD\VS-AMD64\COMPILER2\FASTDEBUG\LOOPNODE.OBJ
E:\OPENJDK-JDK8U-JDK8U\HOTSPOT\BUILD\VS-AMD64\COMPILER2\FASTDEBUG\LOOPNODE.SBR
E:\OPENJDK-JDK8U-JDK8U\HOTSPOT\BUILD\VS-AMD64\COMPILER2\FASTDEBUG\LOOPOPTS.OBJ
E:\OPENJDK-JDK8U-JDK8U\HOTSPOT\BUILD\VS-AMD64\COMPILER2\FASTDEBUG\LOOPOPTS.SBR
E:\OPENJDK-JDK8U-JDK8U\HOTSPOT\BUILD\VS-AMD64\COMPILER2\FASTDEBUG\LOOPPREDICATE.OBJ
E:\OPENJDK-JDK8U-JDK8U\HOTSPOT\BUILD\VS-AMD64\COMPILER2\FASTDEBUG\LOOPPREDICATE.SBR
E:\OPENJDK-JDK8U-JDK8U\HOTSPOT\BUILD\VS-AMD64\COMPILER2\FASTDEBUG\LOOPTRANSFORM.OBJ
E:\OPENJDK-JDK8U-JDK8U\HOTSPOT\BUILD\VS-AMD64\COMPILER2\FASTDEBUG\LOOPTRANSFORM.SBR
E:\OPENJDK-JDK8U-JDK8U\HOTSPOT\BUILD\VS-AMD64\COMPILER2\FASTDEBUG\LOOPUNSWITCH.OBJ
E:\OPENJDK-JDK8U-JDK8U\HOTSPOT\BUILD\VS-AMD64\COMPILER2\FASTDEBUG\LOOPUNSWITCH.SBR
E:\OPENJDK-JDK8U-JDK8U\HOTSPOT\BUILD\VS-AMD64\COMPILER2\FASTDEBUG\LOWMEMORYDETECTOR.OBJ
E:\OPENJDK-JDK8U-JDK8U\HOTSPOT\BUILD\VS-AMD64\COMPILER2\FASTDEBUG\LOWMEMORYDETECTOR.SBR
E:\OPENJDK-JDK8U-JDK8U\HOTSPOT\BUILD\VS-AMD64\COMPILER2\FASTDEBUG\MACHNODE.OBJ
E:\OPENJDK-JDK8U-JDK8U\HOTSPOT\BUILD\VS-AMD64\COMPILER2\FASTDEBUG\MACHNODE.SBR
E:\OPENJDK-JDK8U-JDK8U\HOTSPOT\BUILD\VS-AMD64\COMPILER2\FASTDEBUG\MACRO.OBJ
E:\OPENJDK-JDK8U-JDK8U\HOTSPOT\BUILD\VS-AMD64\COMPILER2\FASTDEBUG\MACRO.SBR
E:\OPENJDK-JDK8U-JDK8U\HOTSPOT\BUILD\VS-AMD64\COMPILER2\FASTDEBUG\MACROASSEMBLER_X86.OBJ
E:\OPENJDK-JDK8U-JDK8U\HOTSPOT\BUILD\VS-AMD64\COMPILER2\FASTDEBUG\MACROASSEMBLER_X86.SBR
E:\OPENJDK-JDK8U-JDK8U\HOTSPOT\BUILD\VS-AMD64\COMPILER2\FASTDEBUG\MALLOCSITETABLE.OBJ
E:\OPENJDK-JDK8U-JDK8U\HOTSPOT\BUILD\VS-AMD64\COMPILER2\FASTDEBUG\MALLOCSITETABLE.SBR
E:\OPENJDK-JDK8U-JDK8U\HOTSPOT\BUILD\VS-AMD64\COMPILER2\FASTDEBUG\MALLOCTRACKER.OBJ
E:\OPENJDK-JDK8U-JDK8U\HOTSPOT\BUILD\VS-AMD64\COMPILER2\FASTDEBUG\MALLOCTRACKER.SBR
E:\OPENJDK-JDK8U-JDK8U\HOTSPOT\BUILD\VS-AMD64\COMPILER2\FASTDEBUG\MANAGEMENT.OBJ
E:\OPENJDK-JDK8U-JDK8U\HOTSPOT\BUILD\VS-AMD64\COMPILER2\FASTDEBUG\MANAGEMENT.SBR
E:\OPENJDK-JDK8U-JDK8U\HOTSPOT\BUILD\VS-AMD64\COMPILER2\FASTDEBUG\MARKOOP.OBJ
E:\OPENJDK-JDK8U-JDK8U\HOTSPOT\BUILD\VS-AMD64\COMPILER2\FASTDEBUG\MARKOOP.SBR
E:\OPENJDK-JDK8U-JDK8U\HOTSPOT\BUILD\VS-AMD64\COMPILER2\FASTDEBUG\MARKSWEEP.OBJ
E:\OPENJDK-JDK8U-JDK8U\HOTSPOT\BUILD\VS-AMD64\COMPILER2\FASTDEBUG\MARKSWEEP.SBR
E:\OPENJDK-JDK8U-JDK8U\HOTSPOT\BUILD\VS-AMD64\COMPILER2\FASTDEBUG\MATCHER.OBJ
E:\OPENJDK-JDK8U-JDK8U\HOTSPOT\BUILD\VS-AMD64\COMPILER2\FASTDEBUG\MATCHER.SBR
E:\OPENJDK-JDK8U-JDK8U\HOTSPOT\BUILD\VS-AMD64\COMPILER2\FASTDEBUG\MATHEXACTNODE.OBJ
E:\OPENJDK-JDK8U-JDK8U\HOTSPOT\BUILD\VS-AMD64\COMPILER2\FASTDEBUG\MATHEXACTNODE.SBR
E:\OPENJDK-JDK8U-JDK8U\HOTSPOT\BUILD\VS-AMD64\COMPILER2\FASTDEBUG\MEMBASELINE.OBJ
E:\OPENJDK-JDK8U-JDK8U\HOTSPOT\BUILD\VS-AMD64\COMPILER2\FASTDEBUG\MEMBASELINE.SBR
E:\OPENJDK-JDK8U-JDK8U\HOTSPOT\BUILD\VS-AMD64\COMPILER2\FASTDEBUG\MEMNODE.OBJ
E:\OPENJDK-JDK8U-JDK8U\HOTSPOT\BUILD\VS-AMD64\COMPILER2\FASTDEBUG\MEMNODE.SBR
E:\OPENJDK-JDK8U-JDK8U\HOTSPOT\BUILD\VS-AMD64\COMPILER2\FASTDEBUG\MEMORYMANAGER.OBJ
E:\OPENJDK-JDK8U-JDK8U\HOTSPOT\BUILD\VS-AMD64\COMPILER2\FASTDEBUG\MEMORYMANAGER.SBR
E:\OPENJDK-JDK8U-JDK8U\HOTSPOT\BUILD\VS-AMD64\COMPILER2\FASTDEBUG\MEMORYPOOL.OBJ
E:\OPENJDK-JDK8U-JDK8U\HOTSPOT\BUILD\VS-AMD64\COMPILER2\FASTDEBUG\MEMORYPOOL.SBR
E:\OPENJDK-JDK8U-JDK8U\HOTSPOT\BUILD\VS-AMD64\COMPILER2\FASTDEBUG\MEMORYSERVICE.OBJ
E:\OPENJDK-JDK8U-JDK8U\HOTSPOT\BUILD\VS-AMD64\COMPILER2\FASTDEBUG\MEMORYSERVICE.SBR
E:\OPENJDK-JDK8U-JDK8U\HOTSPOT\BUILD\VS-AMD64\COMPILER2\FASTDEBUG\MEMPROFILER.OBJ
E:\OPENJDK-JDK8U-JDK8U\HOTSPOT\BUILD\VS-AMD64\COMPILER2\FASTDEBUG\MEMPROFILER.SBR
E:\OPENJDK-JDK8U-JDK8U\HOTSPOT\BUILD\VS-AMD64\COMPILER2\FASTDEBUG\MEMREGION.OBJ
E:\OPENJDK-JDK8U-JDK8U\HOTSPOT\BUILD\VS-AMD64\COMPILER2\FASTDEBUG\MEMREGION.SBR
E:\OPENJDK-JDK8U-JDK8U\HOTSPOT\BUILD\VS-AMD64\COMPILER2\FASTDEBUG\MEMREPORTER.OBJ
E:\OPENJDK-JDK8U-JDK8U\HOTSPOT\BUILD\VS-AMD64\COMPILER2\FASTDEBUG\MEMREPORTER.SBR
E:\OPENJDK-JDK8U-JDK8U\HOTSPOT\BUILD\VS-AMD64\COMPILER2\FASTDEBUG\MEMTRACKER.OBJ
E:\OPENJDK-JDK8U-JDK8U\HOTSPOT\BUILD\VS-AMD64\COMPILER2\FASTDEBUG\MEMTRACKER.SBR
E:\OPENJDK-JDK8U-JDK8U\HOTSPOT\BUILD\VS-AMD64\COMPILER2\FASTDEBUG\METACHUNK.OBJ
E:\OPENJDK-JDK8U-JDK8U\HOTSPOT\BUILD\VS-AMD64\COMPILER2\FASTDEBUG\METACHUNK.SBR
E:\OPENJDK-JDK8U-JDK8U\HOTSPOT\BUILD\VS-AMD64\COMPILER2\FASTDEBUG\METADATA.OBJ
E:\OPENJDK-JDK8U-JDK8U\HOTSPOT\BUILD\VS-AMD64\COMPILER2\FASTDEBUG\METADATA.SBR
E:\OPENJDK-JDK8U-JDK8U\HOTSPOT\BUILD\VS-AMD64\COMPILER2\FASTDEBUG\METADATAONSTACKMARK.OBJ
E:\OPENJDK-JDK8U-JDK8U\HOTSPOT\BUILD\VS-AMD64\COMPILER2\FASTDEBUG\METADATAONSTACKMARK.SBR
E:\OPENJDK-JDK8U-JDK8U\HOTSPOT\BUILD\VS-AMD64\COMPILER2\FASTDEBUG\METASPACE.OBJ
E:\OPENJDK-JDK8U-JDK8U\HOTSPOT\BUILD\VS-AMD64\COMPILER2\FASTDEBUG\METASPACE.SBR
E:\OPENJDK-JDK8U-JDK8U\HOTSPOT\BUILD\VS-AMD64\COMPILER2\FASTDEBUG\METASPACECOUNTERS.OBJ
E:\OPENJDK-JDK8U-JDK8U\HOTSPOT\BUILD\VS-AMD64\COMPILER2\FASTDEBUG\METASPACECOUNTERS.SBR
E:\OPENJDK-JDK8U-JDK8U\HOTSPOT\BUILD\VS-AMD64\COMPILER2\FASTDEBUG\METASPACESHARED.OBJ
E:\OPENJDK-JDK8U-JDK8U\HOTSPOT\BUILD\VS-AMD64\COMPILER2\FASTDEBUG\METASPACESHARED.SBR
E:\OPENJDK-JDK8U-JDK8U\HOTSPOT\BUILD\VS-AMD64\COMPILER2\FASTDEBUG\METASPACESHARED_X86_64.OBJ
E:\OPENJDK-JDK8U-JDK8U\HOTSPOT\BUILD\VS-AMD64\COMPILER2\FASTDEBUG\METASPACESHARED_X86_64.SBR
E:\OPENJDK-JDK8U-JDK8U\HOTSPOT\BUILD\VS-AMD64\COMPILER2\FASTDEBUG\METASPACETRACER.OBJ
E:\OPENJDK-JDK8U-JDK8U\HOTSPOT\BUILD\VS-AMD64\COMPILER2\FASTDEBUG\METASPACETRACER.SBR
E:\OPENJDK-JDK8U-JDK8U\HOTSPOT\BUILD\VS-AMD64\COMPILER2\FASTDEBUG\METHOD.OBJ
E:\OPENJDK-JDK8U-JDK8U\HOTSPOT\BUILD\VS-AMD64\COMPILER2\FASTDEBUG\METHOD.SBR
E:\OPENJDK-JDK8U-JDK8U\HOTSPOT\BUILD\VS-AMD64\COMPILER2\FASTDEBUG\METHODCOMPARATOR.OBJ
E:\OPENJDK-JDK8U-JDK8U\HOTSPOT\BUILD\VS-AMD64\COMPILER2\FASTDEBUG\METHODCOMPARATOR.SBR
E:\OPENJDK-JDK8U-JDK8U\HOTSPOT\BUILD\VS-AMD64\COMPILER2\FASTDEBUG\METHODCOUNTERS.OBJ
E:\OPENJDK-JDK8U-JDK8U\HOTSPOT\BUILD\VS-AMD64\COMPILER2\FASTDEBUG\METHODCOUNTERS.SBR
E:\OPENJDK-JDK8U-JDK8U\HOTSPOT\BUILD\VS-AMD64\COMPILER2\FASTDEBUG\METHODDATA.OBJ
E:\OPENJDK-JDK8U-JDK8U\HOTSPOT\BUILD\VS-AMD64\COMPILER2\FASTDEBUG\METHODDATA.SBR
E:\OPENJDK-JDK8U-JDK8U\HOTSPOT\BUILD\VS-AMD64\COMPILER2\FASTDEBUG\METHODHANDLES.OBJ
E:\OPENJDK-JDK8U-JDK8U\HOTSPOT\BUILD\VS-AMD64\COMPILER2\FASTDEBUG\METHODHANDLES.SBR
E:\OPENJDK-JDK8U-JDK8U\HOTSPOT\BUILD\VS-AMD64\COMPILER2\FASTDEBUG\METHODHANDLES_X86.OBJ
E:\OPENJDK-JDK8U-JDK8U\HOTSPOT\BUILD\VS-AMD64\COMPILER2\FASTDEBUG\METHODHANDLES_X86.SBR
E:\OPENJDK-JDK8U-JDK8U\HOTSPOT\BUILD\VS-AMD64\COMPILER2\FASTDEBUG\METHODLIVENESS.OBJ
E:\OPENJDK-JDK8U-JDK8U\HOTSPOT\BUILD\VS-AMD64\COMPILER2\FASTDEBUG\METHODLIVENESS.SBR
E:\OPENJDK-JDK8U-JDK8U\HOTSPOT\BUILD\VS-AMD64\COMPILER2\FASTDEBUG\MONITORCHUNK.OBJ
E:\OPENJDK-JDK8U-JDK8U\HOTSPOT\BUILD\VS-AMD64\COMPILER2\FASTDEBUG\MONITORCHUNK.SBR
E:\openjdk-jdk8u-jdk8u\hotspot\build\vs-amd64\compiler2\fastdebug\mt.command.1.tlog
E:\openjdk-jdk8u-jdk8u\hotspot\build\vs-amd64\compiler2\fastdebug\mt.read.1.tlog
E:\openjdk-jdk8u-jdk8u\hotspot\build\vs-amd64\compiler2\fastdebug\mt.write.1.tlog
E:\OPENJDK-JDK8U-JDK8U\HOTSPOT\BUILD\VS-AMD64\COMPILER2\FASTDEBUG\MULNODE.OBJ
E:\OPENJDK-JDK8U-JDK8U\HOTSPOT\BUILD\VS-AMD64\COMPILER2\FASTDEBUG\MULNODE.SBR
E:\OPENJDK-JDK8U-JDK8U\HOTSPOT\BUILD\VS-AMD64\COMPILER2\FASTDEBUG\MULTNODE.OBJ
E:\OPENJDK-JDK8U-JDK8U\HOTSPOT\BUILD\VS-AMD64\COMPILER2\FASTDEBUG\MULTNODE.SBR
E:\OPENJDK-JDK8U-JDK8U\HOTSPOT\BUILD\VS-AMD64\COMPILER2\FASTDEBUG\MUTABLENUMASPACE.OBJ
E:\OPENJDK-JDK8U-JDK8U\HOTSPOT\BUILD\VS-AMD64\COMPILER2\FASTDEBUG\MUTABLENUMASPACE.SBR
E:\OPENJDK-JDK8U-JDK8U\HOTSPOT\BUILD\VS-AMD64\COMPILER2\FASTDEBUG\MUTABLESPACE.OBJ
E:\OPENJDK-JDK8U-JDK8U\HOTSPOT\BUILD\VS-AMD64\COMPILER2\FASTDEBUG\MUTABLESPACE.SBR
E:\OPENJDK-JDK8U-JDK8U\HOTSPOT\BUILD\VS-AMD64\COMPILER2\FASTDEBUG\MUTEX.OBJ
E:\OPENJDK-JDK8U-JDK8U\HOTSPOT\BUILD\VS-AMD64\COMPILER2\FASTDEBUG\MUTEX.SBR
E:\OPENJDK-JDK8U-JDK8U\HOTSPOT\BUILD\VS-AMD64\COMPILER2\FASTDEBUG\MUTEX_WINDOWS.OBJ
E:\OPENJDK-JDK8U-JDK8U\HOTSPOT\BUILD\VS-AMD64\COMPILER2\FASTDEBUG\MUTEX_WINDOWS.SBR
E:\OPENJDK-JDK8U-JDK8U\HOTSPOT\BUILD\VS-AMD64\COMPILER2\FASTDEBUG\MUTEXLOCKER.OBJ
E:\OPENJDK-JDK8U-JDK8U\HOTSPOT\BUILD\VS-AMD64\COMPILER2\FASTDEBUG\MUTEXLOCKER.SBR
E:\OPENJDK-JDK8U-JDK8U\HOTSPOT\BUILD\VS-AMD64\COMPILER2\FASTDEBUG\NATIVECALLSTACK.OBJ
E:\OPENJDK-JDK8U-JDK8U\HOTSPOT\BUILD\VS-AMD64\COMPILER2\FASTDEBUG\NATIVECALLSTACK.SBR
E:\OPENJDK-JDK8U-JDK8U\HOTSPOT\BUILD\VS-AMD64\COMPILER2\FASTDEBUG\NATIVEINST_X86.OBJ
E:\OPENJDK-JDK8U-JDK8U\HOTSPOT\BUILD\VS-AMD64\COMPILER2\FASTDEBUG\NATIVEINST_X86.SBR
E:\OPENJDK-JDK8U-JDK8U\HOTSPOT\BUILD\VS-AMD64\COMPILER2\FASTDEBUG\NATIVELOOKUP.OBJ
E:\OPENJDK-JDK8U-JDK8U\HOTSPOT\BUILD\VS-AMD64\COMPILER2\FASTDEBUG\NATIVELOOKUP.SBR
E:\OPENJDK-JDK8U-JDK8U\HOTSPOT\BUILD\VS-AMD64\COMPILER2\FASTDEBUG\NMETHOD.OBJ
E:\OPENJDK-JDK8U-JDK8U\HOTSPOT\BUILD\VS-AMD64\COMPILER2\FASTDEBUG\NMETHOD.SBR
E:\OPENJDK-JDK8U-JDK8U\HOTSPOT\BUILD\VS-AMD64\COMPILER2\FASTDEBUG\NMTCOMMON.OBJ
E:\OPENJDK-JDK8U-JDK8U\HOTSPOT\BUILD\VS-AMD64\COMPILER2\FASTDEBUG\NMTCOMMON.SBR
E:\OPENJDK-JDK8U-JDK8U\HOTSPOT\BUILD\VS-AMD64\COMPILER2\FASTDEBUG\NMTDCMD.OBJ
E:\OPENJDK-JDK8U-JDK8U\HOTSPOT\BUILD\VS-AMD64\COMPILER2\FASTDEBUG\NMTDCMD.SBR
E:\OPENJDK-JDK8U-JDK8U\HOTSPOT\BUILD\VS-AMD64\COMPILER2\FASTDEBUG\NODE.OBJ
E:\OPENJDK-JDK8U-JDK8U\HOTSPOT\BUILD\VS-AMD64\COMPILER2\FASTDEBUG\NODE.SBR
E:\OPENJDK-JDK8U-JDK8U\HOTSPOT\BUILD\VS-AMD64\COMPILER2\FASTDEBUG\NUMBERSEQ.OBJ
E:\OPENJDK-JDK8U-JDK8U\HOTSPOT\BUILD\VS-AMD64\COMPILER2\FASTDEBUG\NUMBERSEQ.SBR
E:\OPENJDK-JDK8U-JDK8U\HOTSPOT\BUILD\VS-AMD64\COMPILER2\FASTDEBUG\OBJARRAYKLASS.OBJ
E:\OPENJDK-JDK8U-JDK8U\HOTSPOT\BUILD\VS-AMD64\COMPILER2\FASTDEBUG\OBJARRAYKLASS.SBR
E:\OPENJDK-JDK8U-JDK8U\HOTSPOT\BUILD\VS-AMD64\COMPILER2\FASTDEBUG\OBJARRAYOOP.OBJ
E:\OPENJDK-JDK8U-JDK8U\HOTSPOT\BUILD\VS-AMD64\COMPILER2\FASTDEBUG\OBJARRAYOOP.SBR
E:\OPENJDK-JDK8U-JDK8U\HOTSPOT\BUILD\VS-AMD64\COMPILER2\FASTDEBUG\OBJECTCOUNTEVENTSENDER.OBJ
E:\OPENJDK-JDK8U-JDK8U\HOTSPOT\BUILD\VS-AMD64\COMPILER2\FASTDEBUG\OBJECTCOUNTEVENTSENDER.SBR
E:\OPENJDK-JDK8U-JDK8U\HOTSPOT\BUILD\VS-AMD64\COMPILER2\FASTDEBUG\OBJECTMONITOR.OBJ
E:\OPENJDK-JDK8U-JDK8U\HOTSPOT\BUILD\VS-AMD64\COMPILER2\FASTDEBUG\OBJECTMONITOR.SBR
E:\OPENJDK-JDK8U-JDK8U\HOTSPOT\BUILD\VS-AMD64\COMPILER2\FASTDEBUG\OBJECTSTARTARRAY.OBJ
E:\OPENJDK-JDK8U-JDK8U\HOTSPOT\BUILD\VS-AMD64\COMPILER2\FASTDEBUG\OBJECTSTARTARRAY.SBR
E:\OPENJDK-JDK8U-JDK8U\HOTSPOT\BUILD\VS-AMD64\COMPILER2\FASTDEBUG\OOP.OBJ
E:\OPENJDK-JDK8U-JDK8U\HOTSPOT\BUILD\VS-AMD64\COMPILER2\FASTDEBUG\OOP.SBR
E:\OPENJDK-JDK8U-JDK8U\HOTSPOT\BUILD\VS-AMD64\COMPILER2\FASTDEBUG\OOPFACTORY.OBJ
E:\OPENJDK-JDK8U-JDK8U\HOTSPOT\BUILD\VS-AMD64\COMPILER2\FASTDEBUG\OOPFACTORY.SBR
E:\OPENJDK-JDK8U-JDK8U\HOTSPOT\BUILD\VS-AMD64\COMPILER2\FASTDEBUG\OOPMAP.OBJ
E:\OPENJDK-JDK8U-JDK8U\HOTSPOT\BUILD\VS-AMD64\COMPILER2\FASTDEBUG\OOPMAP.SBR
E:\OPENJDK-JDK8U-JDK8U\HOTSPOT\BUILD\VS-AMD64\COMPILER2\FASTDEBUG\OOPMAPCACHE.OBJ
E:\OPENJDK-JDK8U-JDK8U\HOTSPOT\BUILD\VS-AMD64\COMPILER2\FASTDEBUG\OOPMAPCACHE.SBR
E:\OPENJDK-JDK8U-JDK8U\HOTSPOT\BUILD\VS-AMD64\COMPILER2\FASTDEBUG\OOPRECORDER.OBJ
E:\OPENJDK-JDK8U-JDK8U\HOTSPOT\BUILD\VS-AMD64\COMPILER2\FASTDEBUG\OOPRECORDER.SBR
E:\OPENJDK-JDK8U-JDK8U\HOTSPOT\BUILD\VS-AMD64\COMPILER2\FASTDEBUG\OOPSHIERARCHY.OBJ
E:\OPENJDK-JDK8U-JDK8U\HOTSPOT\BUILD\VS-AMD64\COMPILER2\FASTDEBUG\OOPSHIERARCHY.SBR
E:\OPENJDK-JDK8U-JDK8U\HOTSPOT\BUILD\VS-AMD64\COMPILER2\FASTDEBUG\OPCODES.OBJ
E:\OPENJDK-JDK8U-JDK8U\HOTSPOT\BUILD\VS-AMD64\COMPILER2\FASTDEBUG\OPCODES.SBR
E:\OPENJDK-JDK8U-JDK8U\HOTSPOT\BUILD\VS-AMD64\COMPILER2\FASTDEBUG\ORDERACCESS.OBJ
E:\OPENJDK-JDK8U-JDK8U\HOTSPOT\BUILD\VS-AMD64\COMPILER2\FASTDEBUG\ORDERACCESS.SBR
E:\OPENJDK-JDK8U-JDK8U\HOTSPOT\BUILD\VS-AMD64\COMPILER2\FASTDEBUG\OS.OBJ
E:\OPENJDK-JDK8U-JDK8U\HOTSPOT\BUILD\VS-AMD64\COMPILER2\FASTDEBUG\OS.SBR
E:\OPENJDK-JDK8U-JDK8U\HOTSPOT\BUILD\VS-AMD64\COMPILER2\FASTDEBUG\OS_WINDOWS.OBJ
E:\OPENJDK-JDK8U-JDK8U\HOTSPOT\BUILD\VS-AMD64\COMPILER2\FASTDEBUG\OS_WINDOWS.SBR
E:\OPENJDK-JDK8U-JDK8U\HOTSPOT\BUILD\VS-AMD64\COMPILER2\FASTDEBUG\OS_WINDOWS_X86.OBJ
E:\OPENJDK-JDK8U-JDK8U\HOTSPOT\BUILD\VS-AMD64\COMPILER2\FASTDEBUG\OS_WINDOWS_X86.SBR
E:\OPENJDK-JDK8U-JDK8U\HOTSPOT\BUILD\VS-AMD64\COMPILER2\FASTDEBUG\OSTHREAD.OBJ
E:\OPENJDK-JDK8U-JDK8U\HOTSPOT\BUILD\VS-AMD64\COMPILER2\FASTDEBUG\OSTHREAD.SBR
E:\OPENJDK-JDK8U-JDK8U\HOTSPOT\BUILD\VS-AMD64\COMPILER2\FASTDEBUG\OSTHREAD_WINDOWS.OBJ
E:\OPENJDK-JDK8U-JDK8U\HOTSPOT\BUILD\VS-AMD64\COMPILER2\FASTDEBUG\OSTHREAD_WINDOWS.SBR
E:\OPENJDK-JDK8U-JDK8U\HOTSPOT\BUILD\VS-AMD64\COMPILER2\FASTDEBUG\OSTREAM.OBJ
E:\OPENJDK-JDK8U-JDK8U\HOTSPOT\BUILD\VS-AMD64\COMPILER2\FASTDEBUG\OSTREAM.SBR
E:\OPENJDK-JDK8U-JDK8U\HOTSPOT\BUILD\VS-AMD64\COMPILER2\FASTDEBUG\OUTPUT.OBJ
E:\OPENJDK-JDK8U-JDK8U\HOTSPOT\BUILD\VS-AMD64\COMPILER2\FASTDEBUG\OUTPUT.SBR
E:\OPENJDK-JDK8U-JDK8U\HOTSPOT\BUILD\VS-AMD64\COMPILER2\FASTDEBUG\PARALLELSCAVENGEHEAP.OBJ
E:\OPENJDK-JDK8U-JDK8U\HOTSPOT\BUILD\VS-AMD64\COMPILER2\FASTDEBUG\PARALLELSCAVENGEHEAP.SBR
E:\OPENJDK-JDK8U-JDK8U\HOTSPOT\BUILD\VS-AMD64\COMPILER2\FASTDEBUG\PARCARDTABLEMODREFBS.OBJ
E:\OPENJDK-JDK8U-JDK8U\HOTSPOT\BUILD\VS-AMD64\COMPILER2\FASTDEBUG\PARCARDTABLEMODREFBS.SBR
E:\OPENJDK-JDK8U-JDK8U\HOTSPOT\BUILD\VS-AMD64\COMPILER2\FASTDEBUG\PARGCALLOCBUFFER.OBJ
E:\OPENJDK-JDK8U-JDK8U\HOTSPOT\BUILD\VS-AMD64\COMPILER2\FASTDEBUG\PARGCALLOCBUFFER.SBR
E:\OPENJDK-JDK8U-JDK8U\HOTSPOT\BUILD\VS-AMD64\COMPILER2\FASTDEBUG\PARK.OBJ
E:\OPENJDK-JDK8U-JDK8U\HOTSPOT\BUILD\VS-AMD64\COMPILER2\FASTDEBUG\PARK.SBR
E:\OPENJDK-JDK8U-JDK8U\HOTSPOT\BUILD\VS-AMD64\COMPILER2\FASTDEBUG\PARMARKBITMAP.OBJ
E:\OPENJDK-JDK8U-JDK8U\HOTSPOT\BUILD\VS-AMD64\COMPILER2\FASTDEBUG\PARMARKBITMAP.SBR
E:\OPENJDK-JDK8U-JDK8U\HOTSPOT\BUILD\VS-AMD64\COMPILER2\FASTDEBUG\PARNEWGENERATION.OBJ
E:\OPENJDK-JDK8U-JDK8U\HOTSPOT\BUILD\VS-AMD64\COMPILER2\FASTDEBUG\PARNEWGENERATION.SBR
E:\OPENJDK-JDK8U-JDK8U\HOTSPOT\BUILD\VS-AMD64\COMPILER2\FASTDEBUG\PARSE1.OBJ
E:\OPENJDK-JDK8U-JDK8U\HOTSPOT\BUILD\VS-AMD64\COMPILER2\FASTDEBUG\PARSE1.SBR
E:\OPENJDK-JDK8U-JDK8U\HOTSPOT\BUILD\VS-AMD64\COMPILER2\FASTDEBUG\PARSE2.OBJ
E:\OPENJDK-JDK8U-JDK8U\HOTSPOT\BUILD\VS-AMD64\COMPILER2\FASTDEBUG\PARSE2.SBR
E:\OPENJDK-JDK8U-JDK8U\HOTSPOT\BUILD\VS-AMD64\COMPILER2\FASTDEBUG\PARSE3.OBJ
E:\OPENJDK-JDK8U-JDK8U\HOTSPOT\BUILD\VS-AMD64\COMPILER2\FASTDEBUG\PARSE3.SBR
E:\OPENJDK-JDK8U-JDK8U\HOTSPOT\BUILD\VS-AMD64\COMPILER2\FASTDEBUG\PARSEHELPER.OBJ
E:\OPENJDK-JDK8U-JDK8U\HOTSPOT\BUILD\VS-AMD64\COMPILER2\FASTDEBUG\PARSEHELPER.SBR
E:\OPENJDK-JDK8U-JDK8U\HOTSPOT\BUILD\VS-AMD64\COMPILER2\FASTDEBUG\PARSERTESTS.OBJ
E:\OPENJDK-JDK8U-JDK8U\HOTSPOT\BUILD\VS-AMD64\COMPILER2\FASTDEBUG\PARSERTESTS.SBR
E:\OPENJDK-JDK8U-JDK8U\HOTSPOT\BUILD\VS-AMD64\COMPILER2\FASTDEBUG\PCDESC.OBJ
E:\OPENJDK-JDK8U-JDK8U\HOTSPOT\BUILD\VS-AMD64\COMPILER2\FASTDEBUG\PCDESC.SBR
E:\OPENJDK-JDK8U-JDK8U\HOTSPOT\BUILD\VS-AMD64\COMPILER2\FASTDEBUG\PCTASKS.OBJ
E:\OPENJDK-JDK8U-JDK8U\HOTSPOT\BUILD\VS-AMD64\COMPILER2\FASTDEBUG\PCTASKS.SBR
E:\OPENJDK-JDK8U-JDK8U\HOTSPOT\BUILD\VS-AMD64\COMPILER2\FASTDEBUG\PERF.OBJ
E:\OPENJDK-JDK8U-JDK8U\HOTSPOT\BUILD\VS-AMD64\COMPILER2\FASTDEBUG\PERF.SBR
E:\OPENJDK-JDK8U-JDK8U\HOTSPOT\BUILD\VS-AMD64\COMPILER2\FASTDEBUG\PERFDATA.OBJ
E:\OPENJDK-JDK8U-JDK8U\HOTSPOT\BUILD\VS-AMD64\COMPILER2\FASTDEBUG\PERFDATA.SBR
E:\OPENJDK-JDK8U-JDK8U\HOTSPOT\BUILD\VS-AMD64\COMPILER2\FASTDEBUG\PERFMEMORY.OBJ
E:\OPENJDK-JDK8U-JDK8U\HOTSPOT\BUILD\VS-AMD64\COMPILER2\FASTDEBUG\PERFMEMORY.SBR
E:\OPENJDK-JDK8U-JDK8U\HOTSPOT\BUILD\VS-AMD64\COMPILER2\FASTDEBUG\PERFMEMORY_WINDOWS.OBJ
E:\OPENJDK-JDK8U-JDK8U\HOTSPOT\BUILD\VS-AMD64\COMPILER2\FASTDEBUG\PERFMEMORY_WINDOWS.SBR
E:\OPENJDK-JDK8U-JDK8U\HOTSPOT\BUILD\VS-AMD64\COMPILER2\FASTDEBUG\PHASE.OBJ
E:\OPENJDK-JDK8U-JDK8U\HOTSPOT\BUILD\VS-AMD64\COMPILER2\FASTDEBUG\PHASE.SBR
E:\OPENJDK-JDK8U-JDK8U\HOTSPOT\BUILD\VS-AMD64\COMPILER2\FASTDEBUG\PHASEX.OBJ
E:\OPENJDK-JDK8U-JDK8U\HOTSPOT\BUILD\VS-AMD64\COMPILER2\FASTDEBUG\PHASEX.SBR
E:\OPENJDK-JDK8U-JDK8U\HOTSPOT\BUILD\VS-AMD64\COMPILER2\FASTDEBUG\PLACEHOLDERS.OBJ
E:\OPENJDK-JDK8U-JDK8U\HOTSPOT\BUILD\VS-AMD64\COMPILER2\FASTDEBUG\PLACEHOLDERS.SBR
E:\OPENJDK-JDK8U-JDK8U\HOTSPOT\BUILD\VS-AMD64\COMPILER2\FASTDEBUG\PORT.OBJ
E:\OPENJDK-JDK8U-JDK8U\HOTSPOT\BUILD\VS-AMD64\COMPILER2\FASTDEBUG\PORT.SBR
E:\OPENJDK-JDK8U-JDK8U\HOTSPOT\BUILD\VS-AMD64\COMPILER2\FASTDEBUG\POSTALOC.OBJ
E:\OPENJDK-JDK8U-JDK8U\HOTSPOT\BUILD\VS-AMD64\COMPILER2\FASTDEBUG\POSTALOC.SBR
E:\OPENJDK-JDK8U-JDK8U\HOTSPOT\BUILD\VS-AMD64\COMPILER2\FASTDEBUG\PRESERVEEXCEPTION.OBJ
E:\OPENJDK-JDK8U-JDK8U\HOTSPOT\BUILD\VS-AMD64\COMPILER2\FASTDEBUG\PRESERVEEXCEPTION.SBR
E:\OPENJDK-JDK8U-JDK8U\HOTSPOT\BUILD\VS-AMD64\COMPILER2\FASTDEBUG\PRIVILEGEDSTACK.OBJ
E:\OPENJDK-JDK8U-JDK8U\HOTSPOT\BUILD\VS-AMD64\COMPILER2\FASTDEBUG\PRIVILEGEDSTACK.SBR
E:\OPENJDK-JDK8U-JDK8U\HOTSPOT\BUILD\VS-AMD64\COMPILER2\FASTDEBUG\PROMOTIONINFO.OBJ
E:\OPENJDK-JDK8U-JDK8U\HOTSPOT\BUILD\VS-AMD64\COMPILER2\FASTDEBUG\PROMOTIONINFO.SBR
E:\OPENJDK-JDK8U-JDK8U\HOTSPOT\BUILD\VS-AMD64\COMPILER2\FASTDEBUG\PSADAPTIVESIZEPOLICY.OBJ
E:\OPENJDK-JDK8U-JDK8U\HOTSPOT\BUILD\VS-AMD64\COMPILER2\FASTDEBUG\PSADAPTIVESIZEPOLICY.SBR
E:\OPENJDK-JDK8U-JDK8U\HOTSPOT\BUILD\VS-AMD64\COMPILER2\FASTDEBUG\PSCOMPACTIONMANAGER.OBJ
E:\OPENJDK-JDK8U-JDK8U\HOTSPOT\BUILD\VS-AMD64\COMPILER2\FASTDEBUG\PSCOMPACTIONMANAGER.SBR
E:\OPENJDK-JDK8U-JDK8U\HOTSPOT\BUILD\VS-AMD64\COMPILER2\FASTDEBUG\PSGCADAPTIVEPOLICYCOUNTERS.OBJ
E:\OPENJDK-JDK8U-JDK8U\HOTSPOT\BUILD\VS-AMD64\COMPILER2\FASTDEBUG\PSGCADAPTIVEPOLICYCOUNTERS.SBR
E:\OPENJDK-JDK8U-JDK8U\HOTSPOT\BUILD\VS-AMD64\COMPILER2\FASTDEBUG\PSGENERATIONCOUNTERS.OBJ
E:\OPENJDK-JDK8U-JDK8U\HOTSPOT\BUILD\VS-AMD64\COMPILER2\FASTDEBUG\PSGENERATIONCOUNTERS.SBR
E:\OPENJDK-JDK8U-JDK8U\HOTSPOT\BUILD\VS-AMD64\COMPILER2\FASTDEBUG\PSMARKSWEEP.OBJ
E:\OPENJDK-JDK8U-JDK8U\HOTSPOT\BUILD\VS-AMD64\COMPILER2\FASTDEBUG\PSMARKSWEEP.SBR
E:\OPENJDK-JDK8U-JDK8U\HOTSPOT\BUILD\VS-AMD64\COMPILER2\FASTDEBUG\PSMARKSWEEPDECORATOR.OBJ
E:\OPENJDK-JDK8U-JDK8U\HOTSPOT\BUILD\VS-AMD64\COMPILER2\FASTDEBUG\PSMARKSWEEPDECORATOR.SBR
E:\OPENJDK-JDK8U-JDK8U\HOTSPOT\BUILD\VS-AMD64\COMPILER2\FASTDEBUG\PSMEMORYPOOL.OBJ
E:\OPENJDK-JDK8U-JDK8U\HOTSPOT\BUILD\VS-AMD64\COMPILER2\FASTDEBUG\PSMEMORYPOOL.SBR
E:\OPENJDK-JDK8U-JDK8U\HOTSPOT\BUILD\VS-AMD64\COMPILER2\FASTDEBUG\PSOLDGEN.OBJ
E:\OPENJDK-JDK8U-JDK8U\HOTSPOT\BUILD\VS-AMD64\COMPILER2\FASTDEBUG\PSOLDGEN.SBR
E:\OPENJDK-JDK8U-JDK8U\HOTSPOT\BUILD\VS-AMD64\COMPILER2\FASTDEBUG\PSPARALLELCOMPACT.OBJ
E:\OPENJDK-JDK8U-JDK8U\HOTSPOT\BUILD\VS-AMD64\COMPILER2\FASTDEBUG\PSPARALLELCOMPACT.SBR
E:\OPENJDK-JDK8U-JDK8U\HOTSPOT\BUILD\VS-AMD64\COMPILER2\FASTDEBUG\PSPROMOTIONLAB.OBJ
E:\OPENJDK-JDK8U-JDK8U\HOTSPOT\BUILD\VS-AMD64\COMPILER2\FASTDEBUG\PSPROMOTIONLAB.SBR
E:\OPENJDK-JDK8U-JDK8U\HOTSPOT\BUILD\VS-AMD64\COMPILER2\FASTDEBUG\PSPROMOTIONMANAGER.OBJ
E:\OPENJDK-JDK8U-JDK8U\HOTSPOT\BUILD\VS-AMD64\COMPILER2\FASTDEBUG\PSPROMOTIONMANAGER.SBR
E:\OPENJDK-JDK8U-JDK8U\HOTSPOT\BUILD\VS-AMD64\COMPILER2\FASTDEBUG\PSSCAVENGE.OBJ
E:\OPENJDK-JDK8U-JDK8U\HOTSPOT\BUILD\VS-AMD64\COMPILER2\FASTDEBUG\PSSCAVENGE.SBR
E:\OPENJDK-JDK8U-JDK8U\HOTSPOT\BUILD\VS-AMD64\COMPILER2\FASTDEBUG\PSTASKS.OBJ
E:\OPENJDK-JDK8U-JDK8U\HOTSPOT\BUILD\VS-AMD64\COMPILER2\FASTDEBUG\PSTASKS.SBR
E:\OPENJDK-JDK8U-JDK8U\HOTSPOT\BUILD\VS-AMD64\COMPILER2\FASTDEBUG\PSVIRTUALSPACE.OBJ
E:\OPENJDK-JDK8U-JDK8U\HOTSPOT\BUILD\VS-AMD64\COMPILER2\FASTDEBUG\PSVIRTUALSPACE.SBR
E:\OPENJDK-JDK8U-JDK8U\HOTSPOT\BUILD\VS-AMD64\COMPILER2\FASTDEBUG\PSYOUNGGEN.OBJ
E:\OPENJDK-JDK8U-JDK8U\HOTSPOT\BUILD\VS-AMD64\COMPILER2\FASTDEBUG\PSYOUNGGEN.SBR
E:\OPENJDK-JDK8U-JDK8U\HOTSPOT\BUILD\VS-AMD64\COMPILER2\FASTDEBUG\PTRQUEUE.OBJ
E:\OPENJDK-JDK8U-JDK8U\HOTSPOT\BUILD\VS-AMD64\COMPILER2\FASTDEBUG\PTRQUEUE.SBR
E:\OPENJDK-JDK8U-JDK8U\HOTSPOT\BUILD\VS-AMD64\COMPILER2\FASTDEBUG\QUICKSORT.OBJ
E:\OPENJDK-JDK8U-JDK8U\HOTSPOT\BUILD\VS-AMD64\COMPILER2\FASTDEBUG\QUICKSORT.SBR
E:\OPENJDK-JDK8U-JDK8U\HOTSPOT\BUILD\VS-AMD64\COMPILER2\FASTDEBUG\REFERENCEPOLICY.OBJ
E:\OPENJDK-JDK8U-JDK8U\HOTSPOT\BUILD\VS-AMD64\COMPILER2\FASTDEBUG\REFERENCEPOLICY.SBR
E:\OPENJDK-JDK8U-JDK8U\HOTSPOT\BUILD\VS-AMD64\COMPILER2\FASTDEBUG\REFERENCEPROCESSOR.OBJ
E:\OPENJDK-JDK8U-JDK8U\HOTSPOT\BUILD\VS-AMD64\COMPILER2\FASTDEBUG\REFERENCEPROCESSOR.SBR
E:\OPENJDK-JDK8U-JDK8U\HOTSPOT\BUILD\VS-AMD64\COMPILER2\FASTDEBUG\REFLECTION.OBJ
E:\OPENJDK-JDK8U-JDK8U\HOTSPOT\BUILD\VS-AMD64\COMPILER2\FASTDEBUG\REFLECTION.SBR
E:\OPENJDK-JDK8U-JDK8U\HOTSPOT\BUILD\VS-AMD64\COMPILER2\FASTDEBUG\REFLECTIONUTILS.OBJ
E:\OPENJDK-JDK8U-JDK8U\HOTSPOT\BUILD\VS-AMD64\COMPILER2\FASTDEBUG\REFLECTIONUTILS.SBR
E:\OPENJDK-JDK8U-JDK8U\HOTSPOT\BUILD\VS-AMD64\COMPILER2\FASTDEBUG\REG_SPLIT.OBJ
E:\OPENJDK-JDK8U-JDK8U\HOTSPOT\BUILD\VS-AMD64\COMPILER2\FASTDEBUG\REG_SPLIT.SBR
E:\OPENJDK-JDK8U-JDK8U\HOTSPOT\BUILD\VS-AMD64\COMPILER2\FASTDEBUG\REGALLOC.OBJ
E:\OPENJDK-JDK8U-JDK8U\HOTSPOT\BUILD\VS-AMD64\COMPILER2\FASTDEBUG\REGALLOC.SBR
E:\OPENJDK-JDK8U-JDK8U\HOTSPOT\BUILD\VS-AMD64\COMPILER2\FASTDEBUG\REGISTER.OBJ
E:\OPENJDK-JDK8U-JDK8U\HOTSPOT\BUILD\VS-AMD64\COMPILER2\FASTDEBUG\REGISTER.SBR
E:\OPENJDK-JDK8U-JDK8U\HOTSPOT\BUILD\VS-AMD64\COMPILER2\FASTDEBUG\REGISTER_DEFINITIONS_X86.OBJ
E:\OPENJDK-JDK8U-JDK8U\HOTSPOT\BUILD\VS-AMD64\COMPILER2\FASTDEBUG\REGISTER_DEFINITIONS_X86.SBR
E:\OPENJDK-JDK8U-JDK8U\HOTSPOT\BUILD\VS-AMD64\COMPILER2\FASTDEBUG\REGISTER_X86.OBJ
E:\OPENJDK-JDK8U-JDK8U\HOTSPOT\BUILD\VS-AMD64\COMPILER2\FASTDEBUG\REGISTER_X86.SBR
E:\OPENJDK-JDK8U-JDK8U\HOTSPOT\BUILD\VS-AMD64\COMPILER2\FASTDEBUG\REGMASK.OBJ
E:\OPENJDK-JDK8U-JDK8U\HOTSPOT\BUILD\VS-AMD64\COMPILER2\FASTDEBUG\REGMASK.SBR
E:\OPENJDK-JDK8U-JDK8U\HOTSPOT\BUILD\VS-AMD64\COMPILER2\FASTDEBUG\RELOCATOR.OBJ
E:\OPENJDK-JDK8U-JDK8U\HOTSPOT\BUILD\VS-AMD64\COMPILER2\FASTDEBUG\RELOCATOR.SBR
E:\OPENJDK-JDK8U-JDK8U\HOTSPOT\BUILD\VS-AMD64\COMPILER2\FASTDEBUG\RELOCINFO.OBJ
E:\OPENJDK-JDK8U-JDK8U\HOTSPOT\BUILD\VS-AMD64\COMPILER2\FASTDEBUG\RELOCINFO.SBR
E:\OPENJDK-JDK8U-JDK8U\HOTSPOT\BUILD\VS-AMD64\COMPILER2\FASTDEBUG\RELOCINFO_X86.OBJ
E:\OPENJDK-JDK8U-JDK8U\HOTSPOT\BUILD\VS-AMD64\COMPILER2\FASTDEBUG\RELOCINFO_X86.SBR
E:\OPENJDK-JDK8U-JDK8U\HOTSPOT\BUILD\VS-AMD64\COMPILER2\FASTDEBUG\REPLACEDNODES.OBJ
E:\OPENJDK-JDK8U-JDK8U\HOTSPOT\BUILD\VS-AMD64\COMPILER2\FASTDEBUG\REPLACEDNODES.SBR
E:\OPENJDK-JDK8U-JDK8U\HOTSPOT\BUILD\VS-AMD64\COMPILER2\FASTDEBUG\RESOLUTIONERRORS.OBJ
E:\OPENJDK-JDK8U-JDK8U\HOTSPOT\BUILD\VS-AMD64\COMPILER2\FASTDEBUG\RESOLUTIONERRORS.SBR
E:\OPENJDK-JDK8U-JDK8U\HOTSPOT\BUILD\VS-AMD64\COMPILER2\FASTDEBUG\RESOURCEAREA.OBJ
E:\OPENJDK-JDK8U-JDK8U\HOTSPOT\BUILD\VS-AMD64\COMPILER2\FASTDEBUG\RESOURCEAREA.SBR
E:\OPENJDK-JDK8U-JDK8U\HOTSPOT\BUILD\VS-AMD64\COMPILER2\FASTDEBUG\REWRITER.OBJ
E:\OPENJDK-JDK8U-JDK8U\HOTSPOT\BUILD\VS-AMD64\COMPILER2\FASTDEBUG\REWRITER.SBR
E:\OPENJDK-JDK8U-JDK8U\HOTSPOT\BUILD\VS-AMD64\COMPILER2\FASTDEBUG\RFRAME.OBJ
E:\OPENJDK-JDK8U-JDK8U\HOTSPOT\BUILD\VS-AMD64\COMPILER2\FASTDEBUG\RFRAME.SBR
E:\OPENJDK-JDK8U-JDK8U\HOTSPOT\BUILD\VS-AMD64\COMPILER2\FASTDEBUG\ROOTNODE.OBJ
E:\OPENJDK-JDK8U-JDK8U\HOTSPOT\BUILD\VS-AMD64\COMPILER2\FASTDEBUG\ROOTNODE.SBR
E:\OPENJDK-JDK8U-JDK8U\HOTSPOT\BUILD\VS-AMD64\COMPILER2\FASTDEBUG\RTMLOCKING.OBJ
E:\OPENJDK-JDK8U-JDK8U\HOTSPOT\BUILD\VS-AMD64\COMPILER2\FASTDEBUG\RTMLOCKING.SBR
E:\OPENJDK-JDK8U-JDK8U\HOTSPOT\BUILD\VS-AMD64\COMPILER2\FASTDEBUG\RUNTIME.OBJ
E:\OPENJDK-JDK8U-JDK8U\HOTSPOT\BUILD\VS-AMD64\COMPILER2\FASTDEBUG\RUNTIME.SBR
E:\OPENJDK-JDK8U-JDK8U\HOTSPOT\BUILD\VS-AMD64\COMPILER2\FASTDEBUG\RUNTIME_X86_64.OBJ
E:\OPENJDK-JDK8U-JDK8U\HOTSPOT\BUILD\VS-AMD64\COMPILER2\FASTDEBUG\RUNTIME_X86_64.SBR
E:\OPENJDK-JDK8U-JDK8U\HOTSPOT\BUILD\VS-AMD64\COMPILER2\FASTDEBUG\RUNTIMESERVICE.OBJ
E:\OPENJDK-JDK8U-JDK8U\HOTSPOT\BUILD\VS-AMD64\COMPILER2\FASTDEBUG\RUNTIMESERVICE.SBR
E:\OPENJDK-JDK8U-JDK8U\HOTSPOT\BUILD\VS-AMD64\COMPILER2\FASTDEBUG\SAFEPOINT.OBJ
E:\OPENJDK-JDK8U-JDK8U\HOTSPOT\BUILD\VS-AMD64\COMPILER2\FASTDEBUG\SAFEPOINT.SBR
E:\OPENJDK-JDK8U-JDK8U\HOTSPOT\BUILD\VS-AMD64\COMPILER2\FASTDEBUG\SATBQUEUE.OBJ
E:\OPENJDK-JDK8U-JDK8U\HOTSPOT\BUILD\VS-AMD64\COMPILER2\FASTDEBUG\SATBQUEUE.SBR
E:\OPENJDK-JDK8U-JDK8U\HOTSPOT\BUILD\VS-AMD64\COMPILER2\FASTDEBUG\SCOPEDESC.OBJ
E:\OPENJDK-JDK8U-JDK8U\HOTSPOT\BUILD\VS-AMD64\COMPILER2\FASTDEBUG\SCOPEDESC.SBR
E:\OPENJDK-JDK8U-JDK8U\HOTSPOT\BUILD\VS-AMD64\COMPILER2\FASTDEBUG\SERVICETHREAD.OBJ
E:\OPENJDK-JDK8U-JDK8U\HOTSPOT\BUILD\VS-AMD64\COMPILER2\FASTDEBUG\SERVICETHREAD.SBR
E:\OPENJDK-JDK8U-JDK8U\HOTSPOT\BUILD\VS-AMD64\COMPILER2\FASTDEBUG\SET.OBJ
E:\OPENJDK-JDK8U-JDK8U\HOTSPOT\BUILD\VS-AMD64\COMPILER2\FASTDEBUG\SET.SBR
E:\OPENJDK-JDK8U-JDK8U\HOTSPOT\BUILD\VS-AMD64\COMPILER2\FASTDEBUG\SHAREDHEAP.OBJ
E:\OPENJDK-JDK8U-JDK8U\HOTSPOT\BUILD\VS-AMD64\COMPILER2\FASTDEBUG\SHAREDHEAP.SBR
E:\OPENJDK-JDK8U-JDK8U\HOTSPOT\BUILD\VS-AMD64\COMPILER2\FASTDEBUG\SHAREDPATHSMISCINFO.OBJ
E:\OPENJDK-JDK8U-JDK8U\HOTSPOT\BUILD\VS-AMD64\COMPILER2\FASTDEBUG\SHAREDPATHSMISCINFO.SBR
E:\OPENJDK-JDK8U-JDK8U\HOTSPOT\BUILD\VS-AMD64\COMPILER2\FASTDEBUG\SHAREDRUNTIME.OBJ
E:\OPENJDK-JDK8U-JDK8U\HOTSPOT\BUILD\VS-AMD64\COMPILER2\FASTDEBUG\SHAREDRUNTIME.SBR
E:\OPENJDK-JDK8U-JDK8U\HOTSPOT\BUILD\VS-AMD64\COMPILER2\FASTDEBUG\SHAREDRUNTIME_X86_64.OBJ
E:\OPENJDK-JDK8U-JDK8U\HOTSPOT\BUILD\VS-AMD64\COMPILER2\FASTDEBUG\SHAREDRUNTIME_X86_64.SBR
E:\OPENJDK-JDK8U-JDK8U\HOTSPOT\BUILD\VS-AMD64\COMPILER2\FASTDEBUG\SHAREDRUNTIMETRANS.OBJ
E:\OPENJDK-JDK8U-JDK8U\HOTSPOT\BUILD\VS-AMD64\COMPILER2\FASTDEBUG\SHAREDRUNTIMETRANS.SBR
E:\OPENJDK-JDK8U-JDK8U\HOTSPOT\BUILD\VS-AMD64\COMPILER2\FASTDEBUG\SHAREDRUNTIMETRIG.OBJ
E:\OPENJDK-JDK8U-JDK8U\HOTSPOT\BUILD\VS-AMD64\COMPILER2\FASTDEBUG\SHAREDRUNTIMETRIG.SBR
E:\OPENJDK-JDK8U-JDK8U\HOTSPOT\BUILD\VS-AMD64\COMPILER2\FASTDEBUG\SIGNATURE.OBJ
E:\OPENJDK-JDK8U-JDK8U\HOTSPOT\BUILD\VS-AMD64\COMPILER2\FASTDEBUG\SIGNATURE.SBR
E:\OPENJDK-JDK8U-JDK8U\HOTSPOT\BUILD\VS-AMD64\COMPILER2\FASTDEBUG\SIMPLETHRESHOLDPOLICY.OBJ
E:\OPENJDK-JDK8U-JDK8U\HOTSPOT\BUILD\VS-AMD64\COMPILER2\FASTDEBUG\SIMPLETHRESHOLDPOLICY.SBR
E:\OPENJDK-JDK8U-JDK8U\HOTSPOT\BUILD\VS-AMD64\COMPILER2\FASTDEBUG\SIZES.OBJ
E:\OPENJDK-JDK8U-JDK8U\HOTSPOT\BUILD\VS-AMD64\COMPILER2\FASTDEBUG\SIZES.SBR
E:\OPENJDK-JDK8U-JDK8U\HOTSPOT\BUILD\VS-AMD64\COMPILER2\FASTDEBUG\SPACE.OBJ
E:\OPENJDK-JDK8U-JDK8U\HOTSPOT\BUILD\VS-AMD64\COMPILER2\FASTDEBUG\SPACE.SBR
E:\OPENJDK-JDK8U-JDK8U\HOTSPOT\BUILD\VS-AMD64\COMPILER2\FASTDEBUG\SPACECOUNTERS.OBJ
E:\OPENJDK-JDK8U-JDK8U\HOTSPOT\BUILD\VS-AMD64\COMPILER2\FASTDEBUG\SPACECOUNTERS.SBR
E:\OPENJDK-JDK8U-JDK8U\HOTSPOT\BUILD\VS-AMD64\COMPILER2\FASTDEBUG\SPACEDECORATOR.OBJ
E:\OPENJDK-JDK8U-JDK8U\HOTSPOT\BUILD\VS-AMD64\COMPILER2\FASTDEBUG\SPACEDECORATOR.SBR
E:\OPENJDK-JDK8U-JDK8U\HOTSPOT\BUILD\VS-AMD64\COMPILER2\FASTDEBUG\SPARSEPRT.OBJ
E:\OPENJDK-JDK8U-JDK8U\HOTSPOT\BUILD\VS-AMD64\COMPILER2\FASTDEBUG\SPARSEPRT.SBR
E:\OPENJDK-JDK8U-JDK8U\HOTSPOT\BUILD\VS-AMD64\COMPILER2\FASTDEBUG\SPECIALIZED_OOP_CLOSURES.OBJ
E:\OPENJDK-JDK8U-JDK8U\HOTSPOT\BUILD\VS-AMD64\COMPILER2\FASTDEBUG\SPECIALIZED_OOP_CLOSURES.SBR
E:\OPENJDK-JDK8U-JDK8U\HOTSPOT\BUILD\VS-AMD64\COMPILER2\FASTDEBUG\SPLIT_IF.OBJ
E:\OPENJDK-JDK8U-JDK8U\HOTSPOT\BUILD\VS-AMD64\COMPILER2\FASTDEBUG\SPLIT_IF.SBR
E:\OPENJDK-JDK8U-JDK8U\HOTSPOT\BUILD\VS-AMD64\COMPILER2\FASTDEBUG\STACKMAPFRAME.OBJ
E:\OPENJDK-JDK8U-JDK8U\HOTSPOT\BUILD\VS-AMD64\COMPILER2\FASTDEBUG\STACKMAPFRAME.SBR
E:\OPENJDK-JDK8U-JDK8U\HOTSPOT\BUILD\VS-AMD64\COMPILER2\FASTDEBUG\STACKMAPTABLE.OBJ
E:\OPENJDK-JDK8U-JDK8U\HOTSPOT\BUILD\VS-AMD64\COMPILER2\FASTDEBUG\STACKMAPTABLE.SBR
E:\OPENJDK-JDK8U-JDK8U\HOTSPOT\BUILD\VS-AMD64\COMPILER2\FASTDEBUG\STACKVALUE.OBJ
E:\OPENJDK-JDK8U-JDK8U\HOTSPOT\BUILD\VS-AMD64\COMPILER2\FASTDEBUG\STACKVALUE.SBR
E:\OPENJDK-JDK8U-JDK8U\HOTSPOT\BUILD\VS-AMD64\COMPILER2\FASTDEBUG\STACKVALUECOLLECTION.OBJ
E:\OPENJDK-JDK8U-JDK8U\HOTSPOT\BUILD\VS-AMD64\COMPILER2\FASTDEBUG\STACKVALUECOLLECTION.SBR
E:\OPENJDK-JDK8U-JDK8U\HOTSPOT\BUILD\VS-AMD64\COMPILER2\FASTDEBUG\STATSAMPLER.OBJ
E:\OPENJDK-JDK8U-JDK8U\HOTSPOT\BUILD\VS-AMD64\COMPILER2\FASTDEBUG\STATSAMPLER.SBR
E:\OPENJDK-JDK8U-JDK8U\HOTSPOT\BUILD\VS-AMD64\COMPILER2\FASTDEBUG\STRINGOPTS.OBJ
E:\OPENJDK-JDK8U-JDK8U\HOTSPOT\BUILD\VS-AMD64\COMPILER2\FASTDEBUG\STRINGOPTS.SBR
E:\OPENJDK-JDK8U-JDK8U\HOTSPOT\BUILD\VS-AMD64\COMPILER2\FASTDEBUG\STRINGUTILS.OBJ
E:\OPENJDK-JDK8U-JDK8U\HOTSPOT\BUILD\VS-AMD64\COMPILER2\FASTDEBUG\STRINGUTILS.SBR
E:\OPENJDK-JDK8U-JDK8U\HOTSPOT\BUILD\VS-AMD64\COMPILER2\FASTDEBUG\STUBCODEGENERATOR.OBJ
E:\OPENJDK-JDK8U-JDK8U\HOTSPOT\BUILD\VS-AMD64\COMPILER2\FASTDEBUG\STUBCODEGENERATOR.SBR
E:\OPENJDK-JDK8U-JDK8U\HOTSPOT\BUILD\VS-AMD64\COMPILER2\FASTDEBUG\STUBGENERATOR_X86_64.OBJ
E:\OPENJDK-JDK8U-JDK8U\HOTSPOT\BUILD\VS-AMD64\COMPILER2\FASTDEBUG\STUBGENERATOR_X86_64.SBR
E:\OPENJDK-JDK8U-JDK8U\HOTSPOT\BUILD\VS-AMD64\COMPILER2\FASTDEBUG\STUBROUTINES.OBJ
E:\OPENJDK-JDK8U-JDK8U\HOTSPOT\BUILD\VS-AMD64\COMPILER2\FASTDEBUG\STUBROUTINES.SBR
E:\OPENJDK-JDK8U-JDK8U\HOTSPOT\BUILD\VS-AMD64\COMPILER2\FASTDEBUG\STUBROUTINES_WINDOWS.OBJ
E:\OPENJDK-JDK8U-JDK8U\HOTSPOT\BUILD\VS-AMD64\COMPILER2\FASTDEBUG\STUBROUTINES_WINDOWS.SBR
E:\OPENJDK-JDK8U-JDK8U\HOTSPOT\BUILD\VS-AMD64\COMPILER2\FASTDEBUG\STUBROUTINES_X86.OBJ
E:\OPENJDK-JDK8U-JDK8U\HOTSPOT\BUILD\VS-AMD64\COMPILER2\FASTDEBUG\STUBROUTINES_X86.SBR
E:\OPENJDK-JDK8U-JDK8U\HOTSPOT\BUILD\VS-AMD64\COMPILER2\FASTDEBUG\STUBROUTINES_X86_64.OBJ
E:\OPENJDK-JDK8U-JDK8U\HOTSPOT\BUILD\VS-AMD64\COMPILER2\FASTDEBUG\STUBROUTINES_X86_64.SBR
E:\OPENJDK-JDK8U-JDK8U\HOTSPOT\BUILD\VS-AMD64\COMPILER2\FASTDEBUG\STUBS.OBJ
E:\OPENJDK-JDK8U-JDK8U\HOTSPOT\BUILD\VS-AMD64\COMPILER2\FASTDEBUG\STUBS.SBR
E:\OPENJDK-JDK8U-JDK8U\HOTSPOT\BUILD\VS-AMD64\COMPILER2\FASTDEBUG\SUBNODE.OBJ
E:\OPENJDK-JDK8U-JDK8U\HOTSPOT\BUILD\VS-AMD64\COMPILER2\FASTDEBUG\SUBNODE.SBR
E:\OPENJDK-JDK8U-JDK8U\HOTSPOT\BUILD\VS-AMD64\COMPILER2\FASTDEBUG\SUPERWORD.OBJ
E:\OPENJDK-JDK8U-JDK8U\HOTSPOT\BUILD\VS-AMD64\COMPILER2\FASTDEBUG\SUPERWORD.SBR
E:\OPENJDK-JDK8U-JDK8U\HOTSPOT\BUILD\VS-AMD64\COMPILER2\FASTDEBUG\SURVRATEGROUP.OBJ
E:\OPENJDK-JDK8U-JDK8U\HOTSPOT\BUILD\VS-AMD64\COMPILER2\FASTDEBUG\SURVRATEGROUP.SBR
E:\OPENJDK-JDK8U-JDK8U\HOTSPOT\BUILD\VS-AMD64\COMPILER2\FASTDEBUG\SUSPENDIBLETHREADSET.OBJ
E:\OPENJDK-JDK8U-JDK8U\HOTSPOT\BUILD\VS-AMD64\COMPILER2\FASTDEBUG\SUSPENDIBLETHREADSET.SBR
E:\OPENJDK-JDK8U-JDK8U\HOTSPOT\BUILD\VS-AMD64\COMPILER2\FASTDEBUG\SWEEPER.OBJ
E:\OPENJDK-JDK8U-JDK8U\HOTSPOT\BUILD\VS-AMD64\COMPILER2\FASTDEBUG\SWEEPER.SBR
E:\OPENJDK-JDK8U-JDK8U\HOTSPOT\BUILD\VS-AMD64\COMPILER2\FASTDEBUG\SYMBOL.OBJ
E:\OPENJDK-JDK8U-JDK8U\HOTSPOT\BUILD\VS-AMD64\COMPILER2\FASTDEBUG\SYMBOL.SBR
E:\OPENJDK-JDK8U-JDK8U\HOTSPOT\BUILD\VS-AMD64\COMPILER2\FASTDEBUG\SYMBOLTABLE.OBJ
E:\OPENJDK-JDK8U-JDK8U\HOTSPOT\BUILD\VS-AMD64\COMPILER2\FASTDEBUG\SYMBOLTABLE.SBR
E:\OPENJDK-JDK8U-JDK8U\HOTSPOT\BUILD\VS-AMD64\COMPILER2\FASTDEBUG\SYNCHRONIZER.OBJ
E:\OPENJDK-JDK8U-JDK8U\HOTSPOT\BUILD\VS-AMD64\COMPILER2\FASTDEBUG\SYNCHRONIZER.SBR
E:\OPENJDK-JDK8U-JDK8U\HOTSPOT\BUILD\VS-AMD64\COMPILER2\FASTDEBUG\SYSTEMDICTIONARY.OBJ
E:\OPENJDK-JDK8U-JDK8U\HOTSPOT\BUILD\VS-AMD64\COMPILER2\FASTDEBUG\SYSTEMDICTIONARY.SBR
E:\OPENJDK-JDK8U-JDK8U\HOTSPOT\BUILD\VS-AMD64\COMPILER2\FASTDEBUG\TASK.OBJ
E:\OPENJDK-JDK8U-JDK8U\HOTSPOT\BUILD\VS-AMD64\COMPILER2\FASTDEBUG\TASK.SBR
E:\OPENJDK-JDK8U-JDK8U\HOTSPOT\BUILD\VS-AMD64\COMPILER2\FASTDEBUG\TASKQUEUE.OBJ
E:\OPENJDK-JDK8U-JDK8U\HOTSPOT\BUILD\VS-AMD64\COMPILER2\FASTDEBUG\TASKQUEUE.SBR
E:\OPENJDK-JDK8U-JDK8U\HOTSPOT\BUILD\VS-AMD64\COMPILER2\FASTDEBUG\TEMPLATEINTERPRETER.OBJ
E:\OPENJDK-JDK8U-JDK8U\HOTSPOT\BUILD\VS-AMD64\COMPILER2\FASTDEBUG\TEMPLATEINTERPRETER.SBR
E:\OPENJDK-JDK8U-JDK8U\HOTSPOT\BUILD\VS-AMD64\COMPILER2\FASTDEBUG\TEMPLATEINTERPRETER_X86.OBJ
E:\OPENJDK-JDK8U-JDK8U\HOTSPOT\BUILD\VS-AMD64\COMPILER2\FASTDEBUG\TEMPLATEINTERPRETER_X86.SBR
E:\OPENJDK-JDK8U-JDK8U\HOTSPOT\BUILD\VS-AMD64\COMPILER2\FASTDEBUG\TEMPLATEINTERPRETER_X86_64.OBJ
E:\OPENJDK-JDK8U-JDK8U\HOTSPOT\BUILD\VS-AMD64\COMPILER2\FASTDEBUG\TEMPLATEINTERPRETER_X86_64.SBR
E:\OPENJDK-JDK8U-JDK8U\HOTSPOT\BUILD\VS-AMD64\COMPILER2\FASTDEBUG\TEMPLATETABLE.OBJ
E:\OPENJDK-JDK8U-JDK8U\HOTSPOT\BUILD\VS-AMD64\COMPILER2\FASTDEBUG\TEMPLATETABLE.SBR
E:\OPENJDK-JDK8U-JDK8U\HOTSPOT\BUILD\VS-AMD64\COMPILER2\FASTDEBUG\TEMPLATETABLE_X86_64.OBJ
E:\OPENJDK-JDK8U-JDK8U\HOTSPOT\BUILD\VS-AMD64\COMPILER2\FASTDEBUG\TEMPLATETABLE_X86_64.SBR
E:\OPENJDK-JDK8U-JDK8U\HOTSPOT\BUILD\VS-AMD64\COMPILER2\FASTDEBUG\TENUREDGENERATION.OBJ
E:\OPENJDK-JDK8U-JDK8U\HOTSPOT\BUILD\VS-AMD64\COMPILER2\FASTDEBUG\TENUREDGENERATION.SBR
E:\OPENJDK-JDK8U-JDK8U\HOTSPOT\BUILD\VS-AMD64\COMPILER2\FASTDEBUG\THREAD.OBJ
E:\OPENJDK-JDK8U-JDK8U\HOTSPOT\BUILD\VS-AMD64\COMPILER2\FASTDEBUG\THREAD.SBR
E:\OPENJDK-JDK8U-JDK8U\HOTSPOT\BUILD\VS-AMD64\COMPILER2\FASTDEBUG\THREAD_EXT.OBJ
E:\OPENJDK-JDK8U-JDK8U\HOTSPOT\BUILD\VS-AMD64\COMPILER2\FASTDEBUG\THREAD_EXT.SBR
E:\OPENJDK-JDK8U-JDK8U\HOTSPOT\BUILD\VS-AMD64\COMPILER2\FASTDEBUG\THREAD_WINDOWS_X86.OBJ
E:\OPENJDK-JDK8U-JDK8U\HOTSPOT\BUILD\VS-AMD64\COMPILER2\FASTDEBUG\THREAD_WINDOWS_X86.SBR
E:\OPENJDK-JDK8U-JDK8U\HOTSPOT\BUILD\VS-AMD64\COMPILER2\FASTDEBUG\THREADCRITICAL_WINDOWS.OBJ
E:\OPENJDK-JDK8U-JDK8U\HOTSPOT\BUILD\VS-AMD64\COMPILER2\FASTDEBUG\THREADCRITICAL_WINDOWS.SBR
E:\OPENJDK-JDK8U-JDK8U\HOTSPOT\BUILD\VS-AMD64\COMPILER2\FASTDEBUG\THREADLOCALALLOCBUFFER.OBJ
E:\OPENJDK-JDK8U-JDK8U\HOTSPOT\BUILD\VS-AMD64\COMPILER2\FASTDEBUG\THREADLOCALALLOCBUFFER.SBR
E:\OPENJDK-JDK8U-JDK8U\HOTSPOT\BUILD\VS-AMD64\COMPILER2\FASTDEBUG\THREADLOCALSTORAGE.OBJ
E:\OPENJDK-JDK8U-JDK8U\HOTSPOT\BUILD\VS-AMD64\COMPILER2\FASTDEBUG\THREADLOCALSTORAGE.SBR
E:\OPENJDK-JDK8U-JDK8U\HOTSPOT\BUILD\VS-AMD64\COMPILER2\FASTDEBUG\THREADLS_WINDOWS_X86.OBJ
E:\OPENJDK-JDK8U-JDK8U\HOTSPOT\BUILD\VS-AMD64\COMPILER2\FASTDEBUG\THREADLS_WINDOWS_X86.SBR
E:\OPENJDK-JDK8U-JDK8U\HOTSPOT\BUILD\VS-AMD64\COMPILER2\FASTDEBUG\THREADSERVICE.OBJ
E:\OPENJDK-JDK8U-JDK8U\HOTSPOT\BUILD\VS-AMD64\COMPILER2\FASTDEBUG\THREADSERVICE.SBR
E:\OPENJDK-JDK8U-JDK8U\HOTSPOT\BUILD\VS-AMD64\COMPILER2\FASTDEBUG\TICKS.OBJ
E:\OPENJDK-JDK8U-JDK8U\HOTSPOT\BUILD\VS-AMD64\COMPILER2\FASTDEBUG\TICKS.SBR
E:\OPENJDK-JDK8U-JDK8U\HOTSPOT\BUILD\VS-AMD64\COMPILER2\FASTDEBUG\TIMER.OBJ
E:\OPENJDK-JDK8U-JDK8U\HOTSPOT\BUILD\VS-AMD64\COMPILER2\FASTDEBUG\TIMER.SBR
E:\OPENJDK-JDK8U-JDK8U\HOTSPOT\BUILD\VS-AMD64\COMPILER2\FASTDEBUG\TYPE.OBJ
E:\OPENJDK-JDK8U-JDK8U\HOTSPOT\BUILD\VS-AMD64\COMPILER2\FASTDEBUG\TYPE.SBR
E:\OPENJDK-JDK8U-JDK8U\HOTSPOT\BUILD\VS-AMD64\COMPILER2\FASTDEBUG\TYPEARRAYKLASS.OBJ
E:\OPENJDK-JDK8U-JDK8U\HOTSPOT\BUILD\VS-AMD64\COMPILER2\FASTDEBUG\TYPEARRAYKLASS.SBR
E:\OPENJDK-JDK8U-JDK8U\HOTSPOT\BUILD\VS-AMD64\COMPILER2\FASTDEBUG\TYPEARRAYOOP.OBJ
E:\OPENJDK-JDK8U-JDK8U\HOTSPOT\BUILD\VS-AMD64\COMPILER2\FASTDEBUG\TYPEARRAYOOP.SBR
E:\OPENJDK-JDK8U-JDK8U\HOTSPOT\BUILD\VS-AMD64\COMPILER2\FASTDEBUG\UNHANDLEDOOPS.OBJ
E:\OPENJDK-JDK8U-JDK8U\HOTSPOT\BUILD\VS-AMD64\COMPILER2\FASTDEBUG\UNHANDLEDOOPS.SBR
E:\OPENJDK-JDK8U-JDK8U\HOTSPOT\BUILD\VS-AMD64\COMPILER2\FASTDEBUG\UNIVERSE.OBJ
E:\OPENJDK-JDK8U-JDK8U\HOTSPOT\BUILD\VS-AMD64\COMPILER2\FASTDEBUG\UNIVERSE.SBR
E:\OPENJDK-JDK8U-JDK8U\HOTSPOT\BUILD\VS-AMD64\COMPILER2\FASTDEBUG\UNSAFE.OBJ
E:\OPENJDK-JDK8U-JDK8U\HOTSPOT\BUILD\VS-AMD64\COMPILER2\FASTDEBUG\UNSAFE.SBR
E:\OPENJDK-JDK8U-JDK8U\HOTSPOT\BUILD\VS-AMD64\COMPILER2\FASTDEBUG\UTF8.OBJ
E:\OPENJDK-JDK8U-JDK8U\HOTSPOT\BUILD\VS-AMD64\COMPILER2\FASTDEBUG\UTF8.SBR
E:\OPENJDK-JDK8U-JDK8U\HOTSPOT\BUILD\VS-AMD64\COMPILER2\FASTDEBUG\VECTORNODE.OBJ
E:\OPENJDK-JDK8U-JDK8U\HOTSPOT\BUILD\VS-AMD64\COMPILER2\FASTDEBUG\VECTORNODE.SBR
E:\OPENJDK-JDK8U-JDK8U\HOTSPOT\BUILD\VS-AMD64\COMPILER2\FASTDEBUG\VECTSET.OBJ
E:\OPENJDK-JDK8U-JDK8U\HOTSPOT\BUILD\VS-AMD64\COMPILER2\FASTDEBUG\VECTSET.SBR
E:\OPENJDK-JDK8U-JDK8U\HOTSPOT\BUILD\VS-AMD64\COMPILER2\FASTDEBUG\VERIFICATIONTYPE.OBJ
E:\OPENJDK-JDK8U-JDK8U\HOTSPOT\BUILD\VS-AMD64\COMPILER2\FASTDEBUG\VERIFICATIONTYPE.SBR
E:\OPENJDK-JDK8U-JDK8U\HOTSPOT\BUILD\VS-AMD64\COMPILER2\FASTDEBUG\VERIFIER.OBJ
E:\OPENJDK-JDK8U-JDK8U\HOTSPOT\BUILD\VS-AMD64\COMPILER2\FASTDEBUG\VERIFIER.SBR
E:\OPENJDK-JDK8U-JDK8U\HOTSPOT\BUILD\VS-AMD64\COMPILER2\FASTDEBUG\VFRAME.OBJ
E:\OPENJDK-JDK8U-JDK8U\HOTSPOT\BUILD\VS-AMD64\COMPILER2\FASTDEBUG\VFRAME.SBR
E:\OPENJDK-JDK8U-JDK8U\HOTSPOT\BUILD\VS-AMD64\COMPILER2\FASTDEBUG\VFRAME_HP.OBJ
E:\OPENJDK-JDK8U-JDK8U\HOTSPOT\BUILD\VS-AMD64\COMPILER2\FASTDEBUG\VFRAME_HP.SBR
E:\OPENJDK-JDK8U-JDK8U\HOTSPOT\BUILD\VS-AMD64\COMPILER2\FASTDEBUG\VFRAMEARRAY.OBJ
E:\OPENJDK-JDK8U-JDK8U\HOTSPOT\BUILD\VS-AMD64\COMPILER2\FASTDEBUG\VFRAMEARRAY.SBR
E:\OPENJDK-JDK8U-JDK8U\HOTSPOT\BUILD\VS-AMD64\COMPILER2\FASTDEBUG\VIRTUALMEMORYTRACKER.OBJ
E:\OPENJDK-JDK8U-JDK8U\HOTSPOT\BUILD\VS-AMD64\COMPILER2\FASTDEBUG\VIRTUALMEMORYTRACKER.SBR
E:\OPENJDK-JDK8U-JDK8U\HOTSPOT\BUILD\VS-AMD64\COMPILER2\FASTDEBUG\VIRTUALSPACE.OBJ
E:\OPENJDK-JDK8U-JDK8U\HOTSPOT\BUILD\VS-AMD64\COMPILER2\FASTDEBUG\VIRTUALSPACE.SBR
E:\OPENJDK-JDK8U-JDK8U\HOTSPOT\BUILD\VS-AMD64\COMPILER2\FASTDEBUG\VM.PCH
E:\OPENJDK-JDK8U-JDK8U\HOTSPOT\BUILD\VS-AMD64\COMPILER2\FASTDEBUG\VM_OPERATIONS.OBJ
E:\OPENJDK-JDK8U-JDK8U\HOTSPOT\BUILD\VS-AMD64\COMPILER2\FASTDEBUG\VM_OPERATIONS.SBR
E:\OPENJDK-JDK8U-JDK8U\HOTSPOT\BUILD\VS-AMD64\COMPILER2\FASTDEBUG\VM_OPERATIONS_G1.OBJ
E:\OPENJDK-JDK8U-JDK8U\HOTSPOT\BUILD\VS-AMD64\COMPILER2\FASTDEBUG\VM_OPERATIONS_G1.SBR
E:\OPENJDK-JDK8U-JDK8U\HOTSPOT\BUILD\VS-AMD64\COMPILER2\FASTDEBUG\VM_VERSION.OBJ
E:\OPENJDK-JDK8U-JDK8U\HOTSPOT\BUILD\VS-AMD64\COMPILER2\FASTDEBUG\VM_VERSION.SBR
E:\OPENJDK-JDK8U-JDK8U\HOTSPOT\BUILD\VS-AMD64\COMPILER2\FASTDEBUG\VM_VERSION_WINDOWS_X86.OBJ
E:\OPENJDK-JDK8U-JDK8U\HOTSPOT\BUILD\VS-AMD64\COMPILER2\FASTDEBUG\VM_VERSION_WINDOWS_X86.SBR
E:\OPENJDK-JDK8U-JDK8U\HOTSPOT\BUILD\VS-AMD64\COMPILER2\FASTDEBUG\VM_VERSION_X86.OBJ
E:\OPENJDK-JDK8U-JDK8U\HOTSPOT\BUILD\VS-AMD64\COMPILER2\FASTDEBUG\VM_VERSION_X86.SBR
E:\OPENJDK-JDK8U-JDK8U\HOTSPOT\BUILD\VS-AMD64\COMPILER2\FASTDEBUG\VMCMSOPERATIONS.OBJ
E:\OPENJDK-JDK8U-JDK8U\HOTSPOT\BUILD\VS-AMD64\COMPILER2\FASTDEBUG\VMCMSOPERATIONS.SBR
E:\OPENJDK-JDK8U-JDK8U\HOTSPOT\BUILD\VS-AMD64\COMPILER2\FASTDEBUG\VMERROR.OBJ
E:\OPENJDK-JDK8U-JDK8U\HOTSPOT\BUILD\VS-AMD64\COMPILER2\FASTDEBUG\VMERROR.SBR
E:\OPENJDK-JDK8U-JDK8U\HOTSPOT\BUILD\VS-AMD64\COMPILER2\FASTDEBUG\VMERROR_WINDOWS.OBJ
E:\OPENJDK-JDK8U-JDK8U\HOTSPOT\BUILD\VS-AMD64\COMPILER2\FASTDEBUG\VMERROR_WINDOWS.SBR
E:\OPENJDK-JDK8U-JDK8U\HOTSPOT\BUILD\VS-AMD64\COMPILER2\FASTDEBUG\VMGCOPERATIONS.OBJ
E:\OPENJDK-JDK8U-JDK8U\HOTSPOT\BUILD\VS-AMD64\COMPILER2\FASTDEBUG\VMGCOPERATIONS.SBR
E:\OPENJDK-JDK8U-JDK8U\HOTSPOT\BUILD\VS-AMD64\COMPILER2\FASTDEBUG\VMPSOPERATIONS.OBJ
E:\OPENJDK-JDK8U-JDK8U\HOTSPOT\BUILD\VS-AMD64\COMPILER2\FASTDEBUG\VMPSOPERATIONS.SBR
E:\OPENJDK-JDK8U-JDK8U\HOTSPOT\BUILD\VS-AMD64\COMPILER2\FASTDEBUG\VMREG.OBJ
E:\OPENJDK-JDK8U-JDK8U\HOTSPOT\BUILD\VS-AMD64\COMPILER2\FASTDEBUG\VMREG.SBR
E:\OPENJDK-JDK8U-JDK8U\HOTSPOT\BUILD\VS-AMD64\COMPILER2\FASTDEBUG\VMREG_X86.OBJ
E:\OPENJDK-JDK8U-JDK8U\HOTSPOT\BUILD\VS-AMD64\COMPILER2\FASTDEBUG\VMREG_X86.SBR
E:\OPENJDK-JDK8U-JDK8U\HOTSPOT\BUILD\VS-AMD64\COMPILER2\FASTDEBUG\VMSTRUCTS.OBJ
E:\OPENJDK-JDK8U-JDK8U\HOTSPOT\BUILD\VS-AMD64\COMPILER2\FASTDEBUG\VMSTRUCTS.SBR
E:\OPENJDK-JDK8U-JDK8U\HOTSPOT\BUILD\VS-AMD64\COMPILER2\FASTDEBUG\VMSYMBOLS.OBJ
E:\OPENJDK-JDK8U-JDK8U\HOTSPOT\BUILD\VS-AMD64\COMPILER2\FASTDEBUG\VMSYMBOLS.SBR
E:\OPENJDK-JDK8U-JDK8U\HOTSPOT\BUILD\VS-AMD64\COMPILER2\FASTDEBUG\VMTHREAD.OBJ
E:\OPENJDK-JDK8U-JDK8U\HOTSPOT\BUILD\VS-AMD64\COMPILER2\FASTDEBUG\VMTHREAD.SBR
E:\OPENJDK-JDK8U-JDK8U\HOTSPOT\BUILD\VS-AMD64\COMPILER2\FASTDEBUG\VTABLESTUBS.OBJ
E:\OPENJDK-JDK8U-JDK8U\HOTSPOT\BUILD\VS-AMD64\COMPILER2\FASTDEBUG\VTABLESTUBS.SBR
E:\OPENJDK-JDK8U-JDK8U\HOTSPOT\BUILD\VS-AMD64\COMPILER2\FASTDEBUG\VTABLESTUBS_X86_64.OBJ
E:\OPENJDK-JDK8U-JDK8U\HOTSPOT\BUILD\VS-AMD64\COMPILER2\FASTDEBUG\VTABLESTUBS_X86_64.SBR
E:\OPENJDK-JDK8U-JDK8U\HOTSPOT\BUILD\VS-AMD64\COMPILER2\FASTDEBUG\WHITEBOX.OBJ
E:\OPENJDK-JDK8U-JDK8U\HOTSPOT\BUILD\VS-AMD64\COMPILER2\FASTDEBUG\WHITEBOX.SBR
E:\OPENJDK-JDK8U-JDK8U\HOTSPOT\BUILD\VS-AMD64\COMPILER2\FASTDEBUG\WHITEBOX_EXT.OBJ
E:\OPENJDK-JDK8U-JDK8U\HOTSPOT\BUILD\VS-AMD64\COMPILER2\FASTDEBUG\WHITEBOX_EXT.SBR
E:\OPENJDK-JDK8U-JDK8U\HOTSPOT\BUILD\VS-AMD64\COMPILER2\FASTDEBUG\WORKGROUP.OBJ
E:\OPENJDK-JDK8U-JDK8U\HOTSPOT\BUILD\VS-AMD64\COMPILER2\FASTDEBUG\WORKGROUP.SBR
E:\OPENJDK-JDK8U-JDK8U\HOTSPOT\BUILD\VS-AMD64\COMPILER2\FASTDEBUG\XMLSTREAM.OBJ
E:\OPENJDK-JDK8U-JDK8U\HOTSPOT\BUILD\VS-AMD64\COMPILER2\FASTDEBUG\XMLSTREAM.SBR
E:\OPENJDK-JDK8U-JDK8U\HOTSPOT\BUILD\VS-AMD64\COMPILER2\FASTDEBUG\YIELDINGWORKGROUP.OBJ
E:\OPENJDK-JDK8U-JDK8U\HOTSPOT\BUILD\VS-AMD64\COMPILER2\FASTDEBUG\YIELDINGWORKGROUP.SBR
