Build started 2019/6/18 10:52:07.
     1>Project "E:\openjdk-jdk8u-jdk8u\hotspot\build\vs-amd64\jvm.vcxproj" on node 2 (build target(s)).
     1>InitializeBuildStatus:
         Creating "E:\openjdk-jdk8u-jdk8u\hotspot\build\vs-amd64\compiler2\fastdebug\jvm.unsuccessfulbuild" because "AlwaysCreate" was specified.
       ClCompile:
         All outputs are up-to-date.
         All outputs are up-to-date.
         All outputs are up-to-date.
       PreLinkEvent:
         Description: Generating vm.def...
         cd E:\openjdk-jdk8u-jdk8u\hotspot\build\vs-amd64\compiler2\fastdebug
         set HOTSPOTMKSHOME=C:\cygwin64\bin
         set JAVA_HOME=E:\openjdk-jdk8u-jdk8u\build\windows-x86_64-normal-server-fastdebug\jdk
         C:\cygwin64\bin\sh E:\openjdk-jdk8u-jdk8u\hotspot\\make\windows\build_vm_def.sh -nosa 1000
         :VCEnd
         
         ***
         *** Not building SA: BUILD_WIN_SA != 1
         *** C++ Vtables NOT included in vm.def
         *** This jvm.dll will NOT work properly with SA.
         ***
         *** When in doubt, set BUILD_WIN_SA=1, clean and rebuild.
         ***
         
       Link:
         C:\Program Files (x86)\Microsoft Visual Studio 10.0\VC\bin\x86_amd64\link.exe /ERRORREPORT:PROMPT /OUT:"E:\openjdk-jdk8u-jdk8u\hotspot\build\vs-amd64\compiler2\fastdebug\jvm.dll" /INCREMENTAL:NO /NOLOGO kernel32.lib user32.lib gdi32.lib winspool.lib comdlg32.lib advapi32.lib shell32.lib ole32.lib oleaut32.lib uuid.lib Wsock32.lib winmm.lib psapi.lib version.lib /DEF:"E:\openjdk-jdk8u-jdk8u\hotspot\build\vs-amd64\compiler2\fastdebug\vm.def" /MANIFEST /ManifestFile:"E:\openjdk-jdk8u-jdk8u\hotspot\build\vs-amd64\compiler2\fastdebug\jvm.dll.intermediate.manifest" /MANIFESTUAC:"level='asInvoker' uiAccess='false'" /DEBUG /PDB:"E:\openjdk-jdk8u-jdk8u\hotspot\build\vs-amd64\compiler2\fastdebug\jvm.pdb" /SUBSYSTEM:WINDOWS /TLBID:1 /BASE:"0x8000000" /DYNAMICBASE /NXCOMPAT /IMPLIB:"E:\openjdk-jdk8u-jdk8u\hotspot\build\vs-amd64\compiler2\fastdebug\jvm.lib" /MACHINE:X64 /DLL "E:\openjdk-jdk8u-jdk8u\hotspot\build\vs-amd64\compiler2\fastdebug\assembler_x86.obj"
         "E:\openjdk-jdk8u-jdk8u\hotspot\build\vs-amd64\compiler2\fastdebug\bytecodeInterpreter_x86.obj"
         "E:\openjdk-jdk8u-jdk8u\hotspot\build\vs-amd64\compiler2\fastdebug\bytecodes_x86.obj"
         "E:\openjdk-jdk8u-jdk8u\hotspot\build\vs-amd64\compiler2\fastdebug\c2_init_x86.obj"
         "E:\openjdk-jdk8u-jdk8u\hotspot\build\vs-amd64\compiler2\fastdebug\compiledIC_x86.obj"
         "E:\openjdk-jdk8u-jdk8u\hotspot\build\vs-amd64\compiler2\fastdebug\cppInterpreter_x86.obj"
         "E:\openjdk-jdk8u-jdk8u\hotspot\build\vs-amd64\compiler2\fastdebug\debug_x86.obj"
         "E:\openjdk-jdk8u-jdk8u\hotspot\build\vs-amd64\compiler2\fastdebug\depChecker_x86.obj"
         "E:\openjdk-jdk8u-jdk8u\hotspot\build\vs-amd64\compiler2\fastdebug\frame_x86.obj"
         "E:\openjdk-jdk8u-jdk8u\hotspot\build\vs-amd64\compiler2\fastdebug\icache_x86.obj"
         "E:\openjdk-jdk8u-jdk8u\hotspot\build\vs-amd64\compiler2\fastdebug\icBuffer_x86.obj"
         "E:\openjdk-jdk8u-jdk8u\hotspot\build\vs-amd64\compiler2\fastdebug\interpreterRT_x86_64.obj"
         "E:\openjdk-jdk8u-jdk8u\hotspot\build\vs-amd64\compiler2\fastdebug\interpreter_x86_64.obj"
         "E:\openjdk-jdk8u-jdk8u\hotspot\build\vs-amd64\compiler2\fastdebug\interp_masm_x86.obj"
         "E:\openjdk-jdk8u-jdk8u\hotspot\build\vs-amd64\compiler2\fastdebug\interp_masm_x86_64.obj"
         "E:\openjdk-jdk8u-jdk8u\hotspot\build\vs-amd64\compiler2\fastdebug\jniFastGetField_x86_64.obj"
         "E:\openjdk-jdk8u-jdk8u\hotspot\build\vs-amd64\compiler2\fastdebug\macroAssembler_x86.obj"
         "E:\openjdk-jdk8u-jdk8u\hotspot\build\vs-amd64\compiler2\fastdebug\metaspaceShared_x86_64.obj"
         "E:\openjdk-jdk8u-jdk8u\hotspot\build\vs-amd64\compiler2\fastdebug\methodHandles_x86.obj"
         "E:\openjdk-jdk8u-jdk8u\hotspot\build\vs-amd64\compiler2\fastdebug\nativeInst_x86.obj"
         "E:\openjdk-jdk8u-jdk8u\hotspot\build\vs-amd64\compiler2\fastdebug\register_definitions_x86.obj"
         "E:\openjdk-jdk8u-jdk8u\hotspot\build\vs-amd64\compiler2\fastdebug\register_x86.obj"
         "E:\openjdk-jdk8u-jdk8u\hotspot\build\vs-amd64\compiler2\fastdebug\relocInfo_x86.obj"
         "E:\openjdk-jdk8u-jdk8u\hotspot\build\vs-amd64\compiler2\fastdebug\rtmLocking.obj"
         "E:\openjdk-jdk8u-jdk8u\hotspot\build\vs-amd64\compiler2\fastdebug\runtime_x86_64.obj"
         "E:\openjdk-jdk8u-jdk8u\hotspot\build\vs-amd64\compiler2\fastdebug\sharedRuntime_x86_64.obj"
         "E:\openjdk-jdk8u-jdk8u\hotspot\build\vs-amd64\compiler2\fastdebug\stubGenerator_x86_64.obj"
         "E:\openjdk-jdk8u-jdk8u\hotspot\build\vs-amd64\compiler2\fastdebug\stubRoutines_x86.obj"
         "E:\openjdk-jdk8u-jdk8u\hotspot\build\vs-amd64\compiler2\fastdebug\stubRoutines_x86_64.obj"
         "E:\openjdk-jdk8u-jdk8u\hotspot\build\vs-amd64\compiler2\fastdebug\templateInterpreter_x86.obj"
         "E:\openjdk-jdk8u-jdk8u\hotspot\build\vs-amd64\compiler2\fastdebug\templateInterpreter_x86_64.obj"
         "E:\openjdk-jdk8u-jdk8u\hotspot\build\vs-amd64\compiler2\fastdebug\templateTable_x86_64.obj"
         "E:\openjdk-jdk8u-jdk8u\hotspot\build\vs-amd64\compiler2\fastdebug\vmreg_x86.obj"
         "E:\openjdk-jdk8u-jdk8u\hotspot\build\vs-amd64\compiler2\fastdebug\vm_version_x86.obj"
         "E:\openjdk-jdk8u-jdk8u\hotspot\build\vs-amd64\compiler2\fastdebug\vtableStubs_x86_64.obj"
         "E:\openjdk-jdk8u-jdk8u\hotspot\build\vs-amd64\compiler2\fastdebug\attachListener_windows.obj"
         "E:\openjdk-jdk8u-jdk8u\hotspot\build\vs-amd64\compiler2\fastdebug\decoder_windows.obj"
         "E:\openjdk-jdk8u-jdk8u\hotspot\build\vs-amd64\compiler2\fastdebug\dtraceJSDT_windows.obj"
         "E:\openjdk-jdk8u-jdk8u\hotspot\build\vs-amd64\compiler2\fastdebug\jvm_windows.obj"
         "E:\openjdk-jdk8u-jdk8u\hotspot\build\vs-amd64\compiler2\fastdebug\mutex_windows.obj"
         "E:\openjdk-jdk8u-jdk8u\hotspot\build\vs-amd64\compiler2\fastdebug\osThread_windows.obj"
         "E:\openjdk-jdk8u-jdk8u\hotspot\build\vs-amd64\compiler2\fastdebug\os_windows.obj"
         "E:\openjdk-jdk8u-jdk8u\hotspot\build\vs-amd64\compiler2\fastdebug\perfMemory_windows.obj"
         "E:\openjdk-jdk8u-jdk8u\hotspot\build\vs-amd64\compiler2\fastdebug\stubRoutines_windows.obj"
         "E:\openjdk-jdk8u-jdk8u\hotspot\build\vs-amd64\compiler2\fastdebug\threadCritical_windows.obj"
         "E:\openjdk-jdk8u-jdk8u\hotspot\build\vs-amd64\compiler2\fastdebug\vmError_windows.obj"
         "E:\openjdk-jdk8u-jdk8u\hotspot\build\vs-amd64\compiler2\fastdebug\assembler_windows_x86.obj"
         "E:\openjdk-jdk8u-jdk8u\hotspot\build\vs-amd64\compiler2\fastdebug\os_windows_x86.obj"
         "E:\openjdk-jdk8u-jdk8u\hotspot\build\vs-amd64\compiler2\fastdebug\threadLS_windows_x86.obj"
         "E:\openjdk-jdk8u-jdk8u\hotspot\build\vs-amd64\compiler2\fastdebug\thread_windows_x86.obj"
         "E:\openjdk-jdk8u-jdk8u\hotspot\build\vs-amd64\compiler2\fastdebug\vm_version_windows_x86.obj"
         "E:\openjdk-jdk8u-jdk8u\hotspot\build\vs-amd64\compiler2\fastdebug\assembler.obj"
         "E:\openjdk-jdk8u-jdk8u\hotspot\build\vs-amd64\compiler2\fastdebug\codeBuffer.obj"
         "E:\openjdk-jdk8u-jdk8u\hotspot\build\vs-amd64\compiler2\fastdebug\register.obj"
         "E:\openjdk-jdk8u-jdk8u\hotspot\build\vs-amd64\compiler2\fastdebug\bcEscapeAnalyzer.obj"
         "E:\openjdk-jdk8u-jdk8u\hotspot\build\vs-amd64\compiler2\fastdebug\ciArray.obj"
         "E:\openjdk-jdk8u-jdk8u\hotspot\build\vs-amd64\compiler2\fastdebug\ciArrayKlass.obj"
         "E:\openjdk-jdk8u-jdk8u\hotspot\build\vs-amd64\compiler2\fastdebug\ciBaseObject.obj"
         "E:\openjdk-jdk8u-jdk8u\hotspot\build\vs-amd64\compiler2\fastdebug\ciCallSite.obj"
         "E:\openjdk-jdk8u-jdk8u\hotspot\build\vs-amd64\compiler2\fastdebug\ciConstant.obj"
         "E:\openjdk-jdk8u-jdk8u\hotspot\build\vs-amd64\compiler2\fastdebug\ciConstantPoolCache.obj"
         "E:\openjdk-jdk8u-jdk8u\hotspot\build\vs-amd64\compiler2\fastdebug\ciEnv.obj"
         "E:\openjdk-jdk8u-jdk8u\hotspot\build\vs-amd64\compiler2\fastdebug\ciExceptionHandler.obj"
         "E:\openjdk-jdk8u-jdk8u\hotspot\build\vs-amd64\compiler2\fastdebug\ciField.obj"
         "E:\openjdk-jdk8u-jdk8u\hotspot\build\vs-amd64\compiler2\fastdebug\ciFlags.obj"
         "E:\openjdk-jdk8u-jdk8u\hotspot\build\vs-amd64\compiler2\fastdebug\ciInstance.obj"
         "E:\openjdk-jdk8u-jdk8u\hotspot\build\vs-amd64\compiler2\fastdebug\ciInstanceKlass.obj"
         "E:\openjdk-jdk8u-jdk8u\hotspot\build\vs-amd64\compiler2\fastdebug\ciKlass.obj"
         "E:\openjdk-jdk8u-jdk8u\hotspot\build\vs-amd64\compiler2\fastdebug\ciMemberName.obj"
         "E:\openjdk-jdk8u-jdk8u\hotspot\build\vs-amd64\compiler2\fastdebug\ciMetadata.obj"
         "E:\openjdk-jdk8u-jdk8u\hotspot\build\vs-amd64\compiler2\fastdebug\ciMethod.obj"
         "E:\openjdk-jdk8u-jdk8u\hotspot\build\vs-amd64\compiler2\fastdebug\ciMethodBlocks.obj"
         "E:\openjdk-jdk8u-jdk8u\hotspot\build\vs-amd64\compiler2\fastdebug\ciMethodData.obj"
         "E:\openjdk-jdk8u-jdk8u\hotspot\build\vs-amd64\compiler2\fastdebug\ciMethodHandle.obj"
         "E:\openjdk-jdk8u-jdk8u\hotspot\build\vs-amd64\compiler2\fastdebug\ciNullObject.obj"
         "E:\openjdk-jdk8u-jdk8u\hotspot\build\vs-amd64\compiler2\fastdebug\ciObjArray.obj"
         "E:\openjdk-jdk8u-jdk8u\hotspot\build\vs-amd64\compiler2\fastdebug\ciObjArrayKlass.obj"
         "E:\openjdk-jdk8u-jdk8u\hotspot\build\vs-amd64\compiler2\fastdebug\ciObject.obj"
         "E:\openjdk-jdk8u-jdk8u\hotspot\build\vs-amd64\compiler2\fastdebug\ciObjectFactory.obj"
         "E:\openjdk-jdk8u-jdk8u\hotspot\build\vs-amd64\compiler2\fastdebug\ciReplay.obj"
         "E:\openjdk-jdk8u-jdk8u\hotspot\build\vs-amd64\compiler2\fastdebug\ciSignature.obj"
         "E:\openjdk-jdk8u-jdk8u\hotspot\build\vs-amd64\compiler2\fastdebug\ciStreams.obj"
         "E:\openjdk-jdk8u-jdk8u\hotspot\build\vs-amd64\compiler2\fastdebug\ciSymbol.obj"
         "E:\openjdk-jdk8u-jdk8u\hotspot\build\vs-amd64\compiler2\fastdebug\ciType.obj"
         "E:\openjdk-jdk8u-jdk8u\hotspot\build\vs-amd64\compiler2\fastdebug\ciTypeArray.obj"
         "E:\openjdk-jdk8u-jdk8u\hotspot\build\vs-amd64\compiler2\fastdebug\ciTypeArrayKlass.obj"
         "E:\openjdk-jdk8u-jdk8u\hotspot\build\vs-amd64\compiler2\fastdebug\ciTypeFlow.obj"
         "E:\openjdk-jdk8u-jdk8u\hotspot\build\vs-amd64\compiler2\fastdebug\ciUtilities.obj"
         "E:\openjdk-jdk8u-jdk8u\hotspot\build\vs-amd64\compiler2\fastdebug\altHashing.obj"
         "E:\openjdk-jdk8u-jdk8u\hotspot\build\vs-amd64\compiler2\fastdebug\bytecodeAssembler.obj"
         "E:\openjdk-jdk8u-jdk8u\hotspot\build\vs-amd64\compiler2\fastdebug\classFileError.obj"
         "E:\openjdk-jdk8u-jdk8u\hotspot\build\vs-amd64\compiler2\fastdebug\classFileParser.obj"
         "E:\openjdk-jdk8u-jdk8u\hotspot\build\vs-amd64\compiler2\fastdebug\classFileStream.obj"
         "E:\openjdk-jdk8u-jdk8u\hotspot\build\vs-amd64\compiler2\fastdebug\classLoader.obj"
         "E:\openjdk-jdk8u-jdk8u\hotspot\build\vs-amd64\compiler2\fastdebug\classLoaderData.obj"
         "E:\openjdk-jdk8u-jdk8u\hotspot\build\vs-amd64\compiler2\fastdebug\defaultMethods.obj"
         "E:\openjdk-jdk8u-jdk8u\hotspot\build\vs-amd64\compiler2\fastdebug\dictionary.obj"
         "E:\openjdk-jdk8u-jdk8u\hotspot\build\vs-amd64\compiler2\fastdebug\javaAssertions.obj"
         "E:\openjdk-jdk8u-jdk8u\hotspot\build\vs-amd64\compiler2\fastdebug\javaClasses.obj"
         "E:\openjdk-jdk8u-jdk8u\hotspot\build\vs-amd64\compiler2\fastdebug\loaderConstraints.obj"
         "E:\openjdk-jdk8u-jdk8u\hotspot\build\vs-amd64\compiler2\fastdebug\metadataOnStackMark.obj"
         "E:\openjdk-jdk8u-jdk8u\hotspot\build\vs-amd64\compiler2\fastdebug\placeholders.obj"
         "E:\openjdk-jdk8u-jdk8u\hotspot\build\vs-amd64\compiler2\fastdebug\resolutionErrors.obj"
         "E:\openjdk-jdk8u-jdk8u\hotspot\build\vs-amd64\compiler2\fastdebug\sharedPathsMiscInfo.obj"
         "E:\openjdk-jdk8u-jdk8u\hotspot\build\vs-amd64\compiler2\fastdebug\stackMapFrame.obj"
         "E:\openjdk-jdk8u-jdk8u\hotspot\build\vs-amd64\compiler2\fastdebug\stackMapTable.obj"
         "E:\openjdk-jdk8u-jdk8u\hotspot\build\vs-amd64\compiler2\fastdebug\symbolTable.obj"
         "E:\openjdk-jdk8u-jdk8u\hotspot\build\vs-amd64\compiler2\fastdebug\systemDictionary.obj"
         "E:\openjdk-jdk8u-jdk8u\hotspot\build\vs-amd64\compiler2\fastdebug\verificationType.obj"
         "E:\openjdk-jdk8u-jdk8u\hotspot\build\vs-amd64\compiler2\fastdebug\verifier.obj"
         "E:\openjdk-jdk8u-jdk8u\hotspot\build\vs-amd64\compiler2\fastdebug\vmSymbols.obj"
         "E:\openjdk-jdk8u-jdk8u\hotspot\build\vs-amd64\compiler2\fastdebug\codeBlob.obj"
         "E:\openjdk-jdk8u-jdk8u\hotspot\build\vs-amd64\compiler2\fastdebug\codeCache.obj"
         "E:\openjdk-jdk8u-jdk8u\hotspot\build\vs-amd64\compiler2\fastdebug\compiledIC.obj"
         "E:\openjdk-jdk8u-jdk8u\hotspot\build\vs-amd64\compiler2\fastdebug\compressedStream.obj"
         "E:\openjdk-jdk8u-jdk8u\hotspot\build\vs-amd64\compiler2\fastdebug\debugInfo.obj"
         "E:\openjdk-jdk8u-jdk8u\hotspot\build\vs-amd64\compiler2\fastdebug\debugInfoRec.obj"
         "E:\openjdk-jdk8u-jdk8u\hotspot\build\vs-amd64\compiler2\fastdebug\dependencies.obj"
         "E:\openjdk-jdk8u-jdk8u\hotspot\build\vs-amd64\compiler2\fastdebug\exceptionHandlerTable.obj"
         "E:\openjdk-jdk8u-jdk8u\hotspot\build\vs-amd64\compiler2\fastdebug\icBuffer.obj"
         "E:\openjdk-jdk8u-jdk8u\hotspot\build\vs-amd64\compiler2\fastdebug\location.obj"
         "E:\openjdk-jdk8u-jdk8u\hotspot\build\vs-amd64\compiler2\fastdebug\nmethod.obj"
         "E:\openjdk-jdk8u-jdk8u\hotspot\build\vs-amd64\compiler2\fastdebug\oopRecorder.obj"
         "E:\openjdk-jdk8u-jdk8u\hotspot\build\vs-amd64\compiler2\fastdebug\pcDesc.obj"
         "E:\openjdk-jdk8u-jdk8u\hotspot\build\vs-amd64\compiler2\fastdebug\relocInfo.obj"
         "E:\openjdk-jdk8u-jdk8u\hotspot\build\vs-amd64\compiler2\fastdebug\scopeDesc.obj"
         "E:\openjdk-jdk8u-jdk8u\hotspot\build\vs-amd64\compiler2\fastdebug\stubs.obj"
         "E:\openjdk-jdk8u-jdk8u\hotspot\build\vs-amd64\compiler2\fastdebug\vmreg.obj"
         "E:\openjdk-jdk8u-jdk8u\hotspot\build\vs-amd64\compiler2\fastdebug\vtableStubs.obj"
         "E:\openjdk-jdk8u-jdk8u\hotspot\build\vs-amd64\compiler2\fastdebug\abstractCompiler.obj"
         "E:\openjdk-jdk8u-jdk8u\hotspot\build\vs-amd64\compiler2\fastdebug\compileBroker.obj"
         "E:\openjdk-jdk8u-jdk8u\hotspot\build\vs-amd64\compiler2\fastdebug\compileLog.obj"
         "E:\openjdk-jdk8u-jdk8u\hotspot\build\vs-amd64\compiler2\fastdebug\compilerOracle.obj"
         "E:\openjdk-jdk8u-jdk8u\hotspot\build\vs-amd64\compiler2\fastdebug\disassembler.obj"
         "E:\openjdk-jdk8u-jdk8u\hotspot\build\vs-amd64\compiler2\fastdebug\methodLiveness.obj"
         "E:\openjdk-jdk8u-jdk8u\hotspot\build\vs-amd64\compiler2\fastdebug\oopMap.obj"
         "E:\openjdk-jdk8u-jdk8u\hotspot\build\vs-amd64\compiler2\fastdebug\adaptiveFreeList.obj"
         "E:\openjdk-jdk8u-jdk8u\hotspot\build\vs-amd64\compiler2\fastdebug\cmsAdaptiveSizePolicy.obj"
         "E:\openjdk-jdk8u-jdk8u\hotspot\build\vs-amd64\compiler2\fastdebug\cmsCollectorPolicy.obj"
         "E:\openjdk-jdk8u-jdk8u\hotspot\build\vs-amd64\compiler2\fastdebug\cmsGCAdaptivePolicyCounters.obj"
         "E:\openjdk-jdk8u-jdk8u\hotspot\build\vs-amd64\compiler2\fastdebug\cmsLockVerifier.obj"
         "E:\openjdk-jdk8u-jdk8u\hotspot\build\vs-amd64\compiler2\fastdebug\compactibleFreeListSpace.obj"
         "E:\openjdk-jdk8u-jdk8u\hotspot\build\vs-amd64\compiler2\fastdebug\concurrentMarkSweepGeneration.obj"
         "E:\openjdk-jdk8u-jdk8u\hotspot\build\vs-amd64\compiler2\fastdebug\concurrentMarkSweepThread.obj"
         "E:\openjdk-jdk8u-jdk8u\hotspot\build\vs-amd64\compiler2\fastdebug\freeChunk.obj"
         "E:\openjdk-jdk8u-jdk8u\hotspot\build\vs-amd64\compiler2\fastdebug\promotionInfo.obj"
         "E:\openjdk-jdk8u-jdk8u\hotspot\build\vs-amd64\compiler2\fastdebug\vmCMSOperations.obj"
         "E:\openjdk-jdk8u-jdk8u\hotspot\build\vs-amd64\compiler2\fastdebug\bufferingOopClosure.obj"
         "E:\openjdk-jdk8u-jdk8u\hotspot\build\vs-amd64\compiler2\fastdebug\collectionSetChooser.obj"
         "E:\openjdk-jdk8u-jdk8u\hotspot\build\vs-amd64\compiler2\fastdebug\concurrentG1Refine.obj"
         "E:\openjdk-jdk8u-jdk8u\hotspot\build\vs-amd64\compiler2\fastdebug\concurrentG1RefineThread.obj"
         "E:\openjdk-jdk8u-jdk8u\hotspot\build\vs-amd64\compiler2\fastdebug\concurrentMark.obj"
         "E:\openjdk-jdk8u-jdk8u\hotspot\build\vs-amd64\compiler2\fastdebug\concurrentMarkThread.obj"
         "E:\openjdk-jdk8u-jdk8u\hotspot\build\vs-amd64\compiler2\fastdebug\dirtyCardQueue.obj"
         "E:\openjdk-jdk8u-jdk8u\hotspot\build\vs-amd64\compiler2\fastdebug\g1Allocator.obj"
         "E:\openjdk-jdk8u-jdk8u\hotspot\build\vs-amd64\compiler2\fastdebug\g1Allocator_ext.obj"
         "E:\openjdk-jdk8u-jdk8u\hotspot\build\vs-amd64\compiler2\fastdebug\g1AllocRegion.obj"
         "E:\openjdk-jdk8u-jdk8u\hotspot\build\vs-amd64\compiler2\fastdebug\g1BiasedArray.obj"
         "E:\openjdk-jdk8u-jdk8u\hotspot\build\vs-amd64\compiler2\fastdebug\g1BlockOffsetTable.obj"
         "E:\openjdk-jdk8u-jdk8u\hotspot\build\vs-amd64\compiler2\fastdebug\g1CardCounts.obj"
         "E:\openjdk-jdk8u-jdk8u\hotspot\build\vs-amd64\compiler2\fastdebug\g1CodeCacheRemSet.obj"
         "E:\openjdk-jdk8u-jdk8u\hotspot\build\vs-amd64\compiler2\fastdebug\g1CollectedHeap.obj"
         "E:\openjdk-jdk8u-jdk8u\hotspot\build\vs-amd64\compiler2\fastdebug\g1CollectedHeap_ext.obj"
         "E:\openjdk-jdk8u-jdk8u\hotspot\build\vs-amd64\compiler2\fastdebug\g1CollectorPolicy.obj"
         "E:\openjdk-jdk8u-jdk8u\hotspot\build\vs-amd64\compiler2\fastdebug\g1ErgoVerbose.obj"
         "E:\openjdk-jdk8u-jdk8u\hotspot\build\vs-amd64\compiler2\fastdebug\g1GCPhaseTimes.obj"
         "E:\openjdk-jdk8u-jdk8u\hotspot\build\vs-amd64\compiler2\fastdebug\g1HotCardCache.obj"
         "E:\openjdk-jdk8u-jdk8u\hotspot\build\vs-amd64\compiler2\fastdebug\g1HRPrinter.obj"
         "E:\openjdk-jdk8u-jdk8u\hotspot\build\vs-amd64\compiler2\fastdebug\g1Log.obj"
         "E:\openjdk-jdk8u-jdk8u\hotspot\build\vs-amd64\compiler2\fastdebug\g1MarkSweep.obj"
         "E:\openjdk-jdk8u-jdk8u\hotspot\build\vs-amd64\compiler2\fastdebug\g1MarkSweep_ext.obj"
         "E:\openjdk-jdk8u-jdk8u\hotspot\build\vs-amd64\compiler2\fastdebug\g1MMUTracker.obj"
         "E:\openjdk-jdk8u-jdk8u\hotspot\build\vs-amd64\compiler2\fastdebug\g1MonitoringSupport.obj"
         "E:\openjdk-jdk8u-jdk8u\hotspot\build\vs-amd64\compiler2\fastdebug\g1OopClosures.obj"
         "E:\openjdk-jdk8u-jdk8u\hotspot\build\vs-amd64\compiler2\fastdebug\g1PageBasedVirtualSpace.obj"
         "E:\openjdk-jdk8u-jdk8u\hotspot\build\vs-amd64\compiler2\fastdebug\g1ParScanThreadState.obj"
         "E:\openjdk-jdk8u-jdk8u\hotspot\build\vs-amd64\compiler2\fastdebug\g1RegionToSpaceMapper.obj"
         "E:\openjdk-jdk8u-jdk8u\hotspot\build\vs-amd64\compiler2\fastdebug\g1RemSet.obj"
         "E:\openjdk-jdk8u-jdk8u\hotspot\build\vs-amd64\compiler2\fastdebug\g1RemSetSummary.obj"
         "E:\openjdk-jdk8u-jdk8u\hotspot\build\vs-amd64\compiler2\fastdebug\g1RootProcessor.obj"
         "E:\openjdk-jdk8u-jdk8u\hotspot\build\vs-amd64\compiler2\fastdebug\g1SATBCardTableModRefBS.obj"
         "E:\openjdk-jdk8u-jdk8u\hotspot\build\vs-amd64\compiler2\fastdebug\g1StringDedup.obj"
         "E:\openjdk-jdk8u-jdk8u\hotspot\build\vs-amd64\compiler2\fastdebug\g1StringDedupQueue.obj"
         "E:\openjdk-jdk8u-jdk8u\hotspot\build\vs-amd64\compiler2\fastdebug\g1StringDedupStat.obj"
         "E:\openjdk-jdk8u-jdk8u\hotspot\build\vs-amd64\compiler2\fastdebug\g1StringDedupTable.obj"
         "E:\openjdk-jdk8u-jdk8u\hotspot\build\vs-amd64\compiler2\fastdebug\g1StringDedupThread.obj"
         "E:\openjdk-jdk8u-jdk8u\hotspot\build\vs-amd64\compiler2\fastdebug\g1_globals.obj"
         "E:\openjdk-jdk8u-jdk8u\hotspot\build\vs-amd64\compiler2\fastdebug\heapRegion.obj"
         "E:\openjdk-jdk8u-jdk8u\hotspot\build\vs-amd64\compiler2\fastdebug\heapRegionManager.obj"
         "E:\openjdk-jdk8u-jdk8u\hotspot\build\vs-amd64\compiler2\fastdebug\heapRegionRemSet.obj"
         "E:\openjdk-jdk8u-jdk8u\hotspot\build\vs-amd64\compiler2\fastdebug\heapRegionSet.obj"
         "E:\openjdk-jdk8u-jdk8u\hotspot\build\vs-amd64\compiler2\fastdebug\heapRegionType.obj"
         "E:\openjdk-jdk8u-jdk8u\hotspot\build\vs-amd64\compiler2\fastdebug\ptrQueue.obj"
         "E:\openjdk-jdk8u-jdk8u\hotspot\build\vs-amd64\compiler2\fastdebug\satbQueue.obj"
         "E:\openjdk-jdk8u-jdk8u\hotspot\build\vs-amd64\compiler2\fastdebug\sparsePRT.obj"
         "E:\openjdk-jdk8u-jdk8u\hotspot\build\vs-amd64\compiler2\fastdebug\survRateGroup.obj"
         "E:\openjdk-jdk8u-jdk8u\hotspot\build\vs-amd64\compiler2\fastdebug\vm_operations_g1.obj"
         "E:\openjdk-jdk8u-jdk8u\hotspot\build\vs-amd64\compiler2\fastdebug\adjoiningGenerations.obj"
         "E:\openjdk-jdk8u-jdk8u\hotspot\build\vs-amd64\compiler2\fastdebug\adjoiningVirtualSpaces.obj"
         "E:\openjdk-jdk8u-jdk8u\hotspot\build\vs-amd64\compiler2\fastdebug\asPSOldGen.obj"
         "E:\openjdk-jdk8u-jdk8u\hotspot\build\vs-amd64\compiler2\fastdebug\asPSYoungGen.obj"
         "E:\openjdk-jdk8u-jdk8u\hotspot\build\vs-amd64\compiler2\fastdebug\cardTableExtension.obj"
         "E:\openjdk-jdk8u-jdk8u\hotspot\build\vs-amd64\compiler2\fastdebug\gcTaskManager.obj"
         "E:\openjdk-jdk8u-jdk8u\hotspot\build\vs-amd64\compiler2\fastdebug\gcTaskThread.obj"
         "E:\openjdk-jdk8u-jdk8u\hotspot\build\vs-amd64\compiler2\fastdebug\generationSizer.obj"
         "E:\openjdk-jdk8u-jdk8u\hotspot\build\vs-amd64\compiler2\fastdebug\objectStartArray.obj"
         "E:\openjdk-jdk8u-jdk8u\hotspot\build\vs-amd64\compiler2\fastdebug\parallelScavengeHeap.obj"
         "E:\openjdk-jdk8u-jdk8u\hotspot\build\vs-amd64\compiler2\fastdebug\parMarkBitMap.obj"
         "E:\openjdk-jdk8u-jdk8u\hotspot\build\vs-amd64\compiler2\fastdebug\pcTasks.obj"
         "E:\openjdk-jdk8u-jdk8u\hotspot\build\vs-amd64\compiler2\fastdebug\psAdaptiveSizePolicy.obj"
         "E:\openjdk-jdk8u-jdk8u\hotspot\build\vs-amd64\compiler2\fastdebug\psCompactionManager.obj"
         "E:\openjdk-jdk8u-jdk8u\hotspot\build\vs-amd64\compiler2\fastdebug\psGCAdaptivePolicyCounters.obj"
         "E:\openjdk-jdk8u-jdk8u\hotspot\build\vs-amd64\compiler2\fastdebug\psGenerationCounters.obj"
         "E:\openjdk-jdk8u-jdk8u\hotspot\build\vs-amd64\compiler2\fastdebug\psMarkSweep.obj"
         "E:\openjdk-jdk8u-jdk8u\hotspot\build\vs-amd64\compiler2\fastdebug\psMarkSweepDecorator.obj"
         "E:\openjdk-jdk8u-jdk8u\hotspot\build\vs-amd64\compiler2\fastdebug\psOldGen.obj"
         "E:\openjdk-jdk8u-jdk8u\hotspot\build\vs-amd64\compiler2\fastdebug\psParallelCompact.obj"
         "E:\openjdk-jdk8u-jdk8u\hotspot\build\vs-amd64\compiler2\fastdebug\psPromotionLAB.obj"
         "E:\openjdk-jdk8u-jdk8u\hotspot\build\vs-amd64\compiler2\fastdebug\psPromotionManager.obj"
         "E:\openjdk-jdk8u-jdk8u\hotspot\build\vs-amd64\compiler2\fastdebug\psScavenge.obj"
         "E:\openjdk-jdk8u-jdk8u\hotspot\build\vs-amd64\compiler2\fastdebug\psTasks.obj"
         "E:\openjdk-jdk8u-jdk8u\hotspot\build\vs-amd64\compiler2\fastdebug\psVirtualspace.obj"
         "E:\openjdk-jdk8u-jdk8u\hotspot\build\vs-amd64\compiler2\fastdebug\psYoungGen.obj"
         "E:\openjdk-jdk8u-jdk8u\hotspot\build\vs-amd64\compiler2\fastdebug\vmPSOperations.obj"
         "E:\openjdk-jdk8u-jdk8u\hotspot\build\vs-amd64\compiler2\fastdebug\asParNewGeneration.obj"
         "E:\openjdk-jdk8u-jdk8u\hotspot\build\vs-amd64\compiler2\fastdebug\parCardTableModRefBS.obj"
         "E:\openjdk-jdk8u-jdk8u\hotspot\build\vs-amd64\compiler2\fastdebug\parNewGeneration.obj"
         "E:\openjdk-jdk8u-jdk8u\hotspot\build\vs-amd64\compiler2\fastdebug\adaptiveSizePolicy.obj"
         "E:\openjdk-jdk8u-jdk8u\hotspot\build\vs-amd64\compiler2\fastdebug\ageTable.obj"
         "E:\openjdk-jdk8u-jdk8u\hotspot\build\vs-amd64\compiler2\fastdebug\allocationStats.obj"
         "E:\openjdk-jdk8u-jdk8u\hotspot\build\vs-amd64\compiler2\fastdebug\collectorCounters.obj"
         "E:\openjdk-jdk8u-jdk8u\hotspot\build\vs-amd64\compiler2\fastdebug\concurrentGCThread.obj"
         "E:\openjdk-jdk8u-jdk8u\hotspot\build\vs-amd64\compiler2\fastdebug\cSpaceCounters.obj"
         "E:\openjdk-jdk8u-jdk8u\hotspot\build\vs-amd64\compiler2\fastdebug\gcAdaptivePolicyCounters.obj"
         "E:\openjdk-jdk8u-jdk8u\hotspot\build\vs-amd64\compiler2\fastdebug\gcId.obj"
         "E:\openjdk-jdk8u-jdk8u\hotspot\build\vs-amd64\compiler2\fastdebug\gcPolicyCounters.obj"
         "E:\openjdk-jdk8u-jdk8u\hotspot\build\vs-amd64\compiler2\fastdebug\gcStats.obj"
         "E:\openjdk-jdk8u-jdk8u\hotspot\build\vs-amd64\compiler2\fastdebug\gcTimer.obj"
         "E:\openjdk-jdk8u-jdk8u\hotspot\build\vs-amd64\compiler2\fastdebug\gcTrace.obj"
         "E:\openjdk-jdk8u-jdk8u\hotspot\build\vs-amd64\compiler2\fastdebug\gcTraceSend.obj"
         "E:\openjdk-jdk8u-jdk8u\hotspot\build\vs-amd64\compiler2\fastdebug\gcTraceTime.obj"
         "E:\openjdk-jdk8u-jdk8u\hotspot\build\vs-amd64\compiler2\fastdebug\gcUtil.obj"
         "E:\openjdk-jdk8u-jdk8u\hotspot\build\vs-amd64\compiler2\fastdebug\generationCounters.obj"
         "E:\openjdk-jdk8u-jdk8u\hotspot\build\vs-amd64\compiler2\fastdebug\gSpaceCounters.obj"
         "E:\openjdk-jdk8u-jdk8u\hotspot\build\vs-amd64\compiler2\fastdebug\hSpaceCounters.obj"
         "E:\openjdk-jdk8u-jdk8u\hotspot\build\vs-amd64\compiler2\fastdebug\immutableSpace.obj"
         "E:\openjdk-jdk8u-jdk8u\hotspot\build\vs-amd64\compiler2\fastdebug\markSweep.obj"
         "E:\openjdk-jdk8u-jdk8u\hotspot\build\vs-amd64\compiler2\fastdebug\mutableNUMASpace.obj"
         "E:\openjdk-jdk8u-jdk8u\hotspot\build\vs-amd64\compiler2\fastdebug\mutableSpace.obj"
         "E:\openjdk-jdk8u-jdk8u\hotspot\build\vs-amd64\compiler2\fastdebug\objectCountEventSender.obj"
         "E:\openjdk-jdk8u-jdk8u\hotspot\build\vs-amd64\compiler2\fastdebug\parGCAllocBuffer.obj"
         "E:\openjdk-jdk8u-jdk8u\hotspot\build\vs-amd64\compiler2\fastdebug\spaceCounters.obj"
         "E:\openjdk-jdk8u-jdk8u\hotspot\build\vs-amd64\compiler2\fastdebug\spaceDecorator.obj"
         "E:\openjdk-jdk8u-jdk8u\hotspot\build\vs-amd64\compiler2\fastdebug\suspendibleThreadSet.obj"
         "E:\openjdk-jdk8u-jdk8u\hotspot\build\vs-amd64\compiler2\fastdebug\vmGCOperations.obj"
         "E:\openjdk-jdk8u-jdk8u\hotspot\build\vs-amd64\compiler2\fastdebug\allocTracer.obj"
         "E:\openjdk-jdk8u-jdk8u\hotspot\build\vs-amd64\compiler2\fastdebug\collectedHeap.obj"
         "E:\openjdk-jdk8u-jdk8u\hotspot\build\vs-amd64\compiler2\fastdebug\gcCause.obj"
         "E:\openjdk-jdk8u-jdk8u\hotspot\build\vs-amd64\compiler2\fastdebug\bytecode.obj"
         "E:\openjdk-jdk8u-jdk8u\hotspot\build\vs-amd64\compiler2\fastdebug\bytecodeHistogram.obj"
         "E:\openjdk-jdk8u-jdk8u\hotspot\build\vs-amd64\compiler2\fastdebug\bytecodeInterpreter.obj"
         "E:\openjdk-jdk8u-jdk8u\hotspot\build\vs-amd64\compiler2\fastdebug\bytecodes.obj"
         "E:\openjdk-jdk8u-jdk8u\hotspot\build\vs-amd64\compiler2\fastdebug\bytecodeStream.obj"
         "E:\openjdk-jdk8u-jdk8u\hotspot\build\vs-amd64\compiler2\fastdebug\bytecodeTracer.obj"
         "E:\openjdk-jdk8u-jdk8u\hotspot\build\vs-amd64\compiler2\fastdebug\cppInterpreter.obj"
         "E:\openjdk-jdk8u-jdk8u\hotspot\build\vs-amd64\compiler2\fastdebug\interpreter.obj"
         "E:\openjdk-jdk8u-jdk8u\hotspot\build\vs-amd64\compiler2\fastdebug\interpreterRuntime.obj"
         "E:\openjdk-jdk8u-jdk8u\hotspot\build\vs-amd64\compiler2\fastdebug\invocationCounter.obj"
         "E:\openjdk-jdk8u-jdk8u\hotspot\build\vs-amd64\compiler2\fastdebug\linkResolver.obj"
         "E:\openjdk-jdk8u-jdk8u\hotspot\build\vs-amd64\compiler2\fastdebug\oopMapCache.obj"
         "E:\openjdk-jdk8u-jdk8u\hotspot\build\vs-amd64\compiler2\fastdebug\rewriter.obj"
         "E:\openjdk-jdk8u-jdk8u\hotspot\build\vs-amd64\compiler2\fastdebug\templateInterpreter.obj"
         "E:\openjdk-jdk8u-jdk8u\hotspot\build\vs-amd64\compiler2\fastdebug\templateTable.obj"
         "E:\openjdk-jdk8u-jdk8u\hotspot\build\vs-amd64\compiler2\fastdebug\dict.obj"
         "E:\openjdk-jdk8u-jdk8u\hotspot\build\vs-amd64\compiler2\fastdebug\port.obj"
         "E:\openjdk-jdk8u-jdk8u\hotspot\build\vs-amd64\compiler2\fastdebug\set.obj"
         "E:\openjdk-jdk8u-jdk8u\hotspot\build\vs-amd64\compiler2\fastdebug\vectset.obj"
         "E:\openjdk-jdk8u-jdk8u\hotspot\build\vs-amd64\compiler2\fastdebug\allocation.obj"
         "E:\openjdk-jdk8u-jdk8u\hotspot\build\vs-amd64\compiler2\fastdebug\barrierSet.obj"
         "E:\openjdk-jdk8u-jdk8u\hotspot\build\vs-amd64\compiler2\fastdebug\binaryTreeDictionary.obj"
         "E:\openjdk-jdk8u-jdk8u\hotspot\build\vs-amd64\compiler2\fastdebug\blockOffsetTable.obj"
         "E:\openjdk-jdk8u-jdk8u\hotspot\build\vs-amd64\compiler2\fastdebug\cardTableModRefBS.obj"
         "E:\openjdk-jdk8u-jdk8u\hotspot\build\vs-amd64\compiler2\fastdebug\cardTableRS.obj"
         "E:\openjdk-jdk8u-jdk8u\hotspot\build\vs-amd64\compiler2\fastdebug\collectorPolicy.obj"
         "E:\openjdk-jdk8u-jdk8u\hotspot\build\vs-amd64\compiler2\fastdebug\defNewGeneration.obj"
         "E:\openjdk-jdk8u-jdk8u\hotspot\build\vs-amd64\compiler2\fastdebug\filemap.obj"
         "E:\openjdk-jdk8u-jdk8u\hotspot\build\vs-amd64\compiler2\fastdebug\freeBlockDictionary.obj"
         "E:\openjdk-jdk8u-jdk8u\hotspot\build\vs-amd64\compiler2\fastdebug\freeList.obj"
         "E:\openjdk-jdk8u-jdk8u\hotspot\build\vs-amd64\compiler2\fastdebug\gcLocker.obj"
         "E:\openjdk-jdk8u-jdk8u\hotspot\build\vs-amd64\compiler2\fastdebug\genCollectedHeap.obj"
         "E:\openjdk-jdk8u-jdk8u\hotspot\build\vs-amd64\compiler2\fastdebug\generation.obj"
         "E:\openjdk-jdk8u-jdk8u\hotspot\build\vs-amd64\compiler2\fastdebug\generationSpec.obj"
         "E:\openjdk-jdk8u-jdk8u\hotspot\build\vs-amd64\compiler2\fastdebug\genMarkSweep.obj"
         "E:\openjdk-jdk8u-jdk8u\hotspot\build\vs-amd64\compiler2\fastdebug\genRemSet.obj"
         "E:\openjdk-jdk8u-jdk8u\hotspot\build\vs-amd64\compiler2\fastdebug\guardedMemory.obj"
         "E:\openjdk-jdk8u-jdk8u\hotspot\build\vs-amd64\compiler2\fastdebug\heap.obj"
         "E:\openjdk-jdk8u-jdk8u\hotspot\build\vs-amd64\compiler2\fastdebug\heapInspection.obj"
         "E:\openjdk-jdk8u-jdk8u\hotspot\build\vs-amd64\compiler2\fastdebug\iterator.obj"
         "E:\openjdk-jdk8u-jdk8u\hotspot\build\vs-amd64\compiler2\fastdebug\memRegion.obj"
         "E:\openjdk-jdk8u-jdk8u\hotspot\build\vs-amd64\compiler2\fastdebug\metachunk.obj"
         "E:\openjdk-jdk8u-jdk8u\hotspot\build\vs-amd64\compiler2\fastdebug\metaspace.obj"
         "E:\openjdk-jdk8u-jdk8u\hotspot\build\vs-amd64\compiler2\fastdebug\metaspaceCounters.obj"
         "E:\openjdk-jdk8u-jdk8u\hotspot\build\vs-amd64\compiler2\fastdebug\metaspaceShared.obj"
         "E:\openjdk-jdk8u-jdk8u\hotspot\build\vs-amd64\compiler2\fastdebug\metaspaceTracer.obj"
         "E:\openjdk-jdk8u-jdk8u\hotspot\build\vs-amd64\compiler2\fastdebug\oopFactory.obj"
         "E:\openjdk-jdk8u-jdk8u\hotspot\build\vs-amd64\compiler2\fastdebug\referencePolicy.obj"
         "E:\openjdk-jdk8u-jdk8u\hotspot\build\vs-amd64\compiler2\fastdebug\referenceProcessor.obj"
         "E:\openjdk-jdk8u-jdk8u\hotspot\build\vs-amd64\compiler2\fastdebug\resourceArea.obj"
         "E:\openjdk-jdk8u-jdk8u\hotspot\build\vs-amd64\compiler2\fastdebug\sharedHeap.obj"
         "E:\openjdk-jdk8u-jdk8u\hotspot\build\vs-amd64\compiler2\fastdebug\space.obj"
         "E:\openjdk-jdk8u-jdk8u\hotspot\build\vs-amd64\compiler2\fastdebug\specialized_oop_closures.obj"
         "E:\openjdk-jdk8u-jdk8u\hotspot\build\vs-amd64\compiler2\fastdebug\tenuredGeneration.obj"
         "E:\openjdk-jdk8u-jdk8u\hotspot\build\vs-amd64\compiler2\fastdebug\threadLocalAllocBuffer.obj"
         "E:\openjdk-jdk8u-jdk8u\hotspot\build\vs-amd64\compiler2\fastdebug\universe.obj"
         "E:\openjdk-jdk8u-jdk8u\hotspot\build\vs-amd64\compiler2\fastdebug\annotations.obj"
         "E:\openjdk-jdk8u-jdk8u\hotspot\build\vs-amd64\compiler2\fastdebug\arrayKlass.obj"
         "E:\openjdk-jdk8u-jdk8u\hotspot\build\vs-amd64\compiler2\fastdebug\arrayOop.obj"
         "E:\openjdk-jdk8u-jdk8u\hotspot\build\vs-amd64\compiler2\fastdebug\compiledICHolder.obj"
         "E:\openjdk-jdk8u-jdk8u\hotspot\build\vs-amd64\compiler2\fastdebug\constantPool.obj"
         "E:\openjdk-jdk8u-jdk8u\hotspot\build\vs-amd64\compiler2\fastdebug\constMethod.obj"
         "E:\openjdk-jdk8u-jdk8u\hotspot\build\vs-amd64\compiler2\fastdebug\cpCache.obj"
         "E:\openjdk-jdk8u-jdk8u\hotspot\build\vs-amd64\compiler2\fastdebug\generateOopMap.obj"
         "E:\openjdk-jdk8u-jdk8u\hotspot\build\vs-amd64\compiler2\fastdebug\instanceClassLoaderKlass.obj"
         "E:\openjdk-jdk8u-jdk8u\hotspot\build\vs-amd64\compiler2\fastdebug\instanceKlass.obj"
         "E:\openjdk-jdk8u-jdk8u\hotspot\build\vs-amd64\compiler2\fastdebug\instanceMirrorKlass.obj"
         "E:\openjdk-jdk8u-jdk8u\hotspot\build\vs-amd64\compiler2\fastdebug\instanceOop.obj"
         "E:\openjdk-jdk8u-jdk8u\hotspot\build\vs-amd64\compiler2\fastdebug\instanceRefKlass.obj"
         "E:\openjdk-jdk8u-jdk8u\hotspot\build\vs-amd64\compiler2\fastdebug\klass.obj"
         "E:\openjdk-jdk8u-jdk8u\hotspot\build\vs-amd64\compiler2\fastdebug\klassVtable.obj"
         "E:\openjdk-jdk8u-jdk8u\hotspot\build\vs-amd64\compiler2\fastdebug\markOop.obj"
         "E:\openjdk-jdk8u-jdk8u\hotspot\build\vs-amd64\compiler2\fastdebug\metadata.obj"
         "E:\openjdk-jdk8u-jdk8u\hotspot\build\vs-amd64\compiler2\fastdebug\method.obj"
         "E:\openjdk-jdk8u-jdk8u\hotspot\build\vs-amd64\compiler2\fastdebug\methodCounters.obj"
         "E:\openjdk-jdk8u-jdk8u\hotspot\build\vs-amd64\compiler2\fastdebug\methodData.obj"
         "E:\openjdk-jdk8u-jdk8u\hotspot\build\vs-amd64\compiler2\fastdebug\objArrayKlass.obj"
         "E:\openjdk-jdk8u-jdk8u\hotspot\build\vs-amd64\compiler2\fastdebug\objArrayOop.obj"
         "E:\openjdk-jdk8u-jdk8u\hotspot\build\vs-amd64\compiler2\fastdebug\oop.obj"
         "E:\openjdk-jdk8u-jdk8u\hotspot\build\vs-amd64\compiler2\fastdebug\oopsHierarchy.obj"
         "E:\openjdk-jdk8u-jdk8u\hotspot\build\vs-amd64\compiler2\fastdebug\symbol.obj"
         "E:\openjdk-jdk8u-jdk8u\hotspot\build\vs-amd64\compiler2\fastdebug\typeArrayKlass.obj"
         "E:\openjdk-jdk8u-jdk8u\hotspot\build\vs-amd64\compiler2\fastdebug\typeArrayOop.obj"
         "E:\openjdk-jdk8u-jdk8u\hotspot\build\vs-amd64\compiler2\fastdebug\addnode.obj"
         "E:\openjdk-jdk8u-jdk8u\hotspot\build\vs-amd64\compiler2\fastdebug\block.obj"
         "E:\openjdk-jdk8u-jdk8u\hotspot\build\vs-amd64\compiler2\fastdebug\buildOopMap.obj"
         "E:\openjdk-jdk8u-jdk8u\hotspot\build\vs-amd64\compiler2\fastdebug\bytecodeInfo.obj"
         "E:\openjdk-jdk8u-jdk8u\hotspot\build\vs-amd64\compiler2\fastdebug\c2compiler.obj"
         "E:\openjdk-jdk8u-jdk8u\hotspot\build\vs-amd64\compiler2\fastdebug\c2_globals.obj"
         "E:\openjdk-jdk8u-jdk8u\hotspot\build\vs-amd64\compiler2\fastdebug\callGenerator.obj"
         "E:\openjdk-jdk8u-jdk8u\hotspot\build\vs-amd64\compiler2\fastdebug\callnode.obj"
         "E:\openjdk-jdk8u-jdk8u\hotspot\build\vs-amd64\compiler2\fastdebug\cfgnode.obj"
         "E:\openjdk-jdk8u-jdk8u\hotspot\build\vs-amd64\compiler2\fastdebug\chaitin.obj"
         "E:\openjdk-jdk8u-jdk8u\hotspot\build\vs-amd64\compiler2\fastdebug\classes.obj"
         "E:\openjdk-jdk8u-jdk8u\hotspot\build\vs-amd64\compiler2\fastdebug\coalesce.obj"
         "E:\openjdk-jdk8u-jdk8u\hotspot\build\vs-amd64\compiler2\fastdebug\compile.obj"
         "E:\openjdk-jdk8u-jdk8u\hotspot\build\vs-amd64\compiler2\fastdebug\connode.obj"
         "E:\openjdk-jdk8u-jdk8u\hotspot\build\vs-amd64\compiler2\fastdebug\divnode.obj"
         "E:\openjdk-jdk8u-jdk8u\hotspot\build\vs-amd64\compiler2\fastdebug\doCall.obj"
         "E:\openjdk-jdk8u-jdk8u\hotspot\build\vs-amd64\compiler2\fastdebug\domgraph.obj"
         "E:\openjdk-jdk8u-jdk8u\hotspot\build\vs-amd64\compiler2\fastdebug\escape.obj"
         "E:\openjdk-jdk8u-jdk8u\hotspot\build\vs-amd64\compiler2\fastdebug\gcm.obj"
         "E:\openjdk-jdk8u-jdk8u\hotspot\build\vs-amd64\compiler2\fastdebug\generateOptoStub.obj"
         "E:\openjdk-jdk8u-jdk8u\hotspot\build\vs-amd64\compiler2\fastdebug\graphKit.obj"
         "E:\openjdk-jdk8u-jdk8u\hotspot\build\vs-amd64\compiler2\fastdebug\idealGraphPrinter.obj"
         "E:\openjdk-jdk8u-jdk8u\hotspot\build\vs-amd64\compiler2\fastdebug\idealKit.obj"
         "E:\openjdk-jdk8u-jdk8u\hotspot\build\vs-amd64\compiler2\fastdebug\ifg.obj"
         "E:\openjdk-jdk8u-jdk8u\hotspot\build\vs-amd64\compiler2\fastdebug\ifnode.obj"
         "E:\openjdk-jdk8u-jdk8u\hotspot\build\vs-amd64\compiler2\fastdebug\indexSet.obj"
         "E:\openjdk-jdk8u-jdk8u\hotspot\build\vs-amd64\compiler2\fastdebug\lcm.obj"
         "E:\openjdk-jdk8u-jdk8u\hotspot\build\vs-amd64\compiler2\fastdebug\library_call.obj"
         "E:\openjdk-jdk8u-jdk8u\hotspot\build\vs-amd64\compiler2\fastdebug\live.obj"
         "E:\openjdk-jdk8u-jdk8u\hotspot\build\vs-amd64\compiler2\fastdebug\locknode.obj"
         "E:\openjdk-jdk8u-jdk8u\hotspot\build\vs-amd64\compiler2\fastdebug\loopnode.obj"
         "E:\openjdk-jdk8u-jdk8u\hotspot\build\vs-amd64\compiler2\fastdebug\loopopts.obj"
         "E:\openjdk-jdk8u-jdk8u\hotspot\build\vs-amd64\compiler2\fastdebug\loopPredicate.obj"
         "E:\openjdk-jdk8u-jdk8u\hotspot\build\vs-amd64\compiler2\fastdebug\loopTransform.obj"
         "E:\openjdk-jdk8u-jdk8u\hotspot\build\vs-amd64\compiler2\fastdebug\loopUnswitch.obj"
         "E:\openjdk-jdk8u-jdk8u\hotspot\build\vs-amd64\compiler2\fastdebug\machnode.obj"
         "E:\openjdk-jdk8u-jdk8u\hotspot\build\vs-amd64\compiler2\fastdebug\macro.obj"
         "E:\openjdk-jdk8u-jdk8u\hotspot\build\vs-amd64\compiler2\fastdebug\matcher.obj"
         "E:\openjdk-jdk8u-jdk8u\hotspot\build\vs-amd64\compiler2\fastdebug\mathexactnode.obj"
         "E:\openjdk-jdk8u-jdk8u\hotspot\build\vs-amd64\compiler2\fastdebug\memnode.obj"
         "E:\openjdk-jdk8u-jdk8u\hotspot\build\vs-amd64\compiler2\fastdebug\mulnode.obj"
         "E:\openjdk-jdk8u-jdk8u\hotspot\build\vs-amd64\compiler2\fastdebug\multnode.obj"
         "E:\openjdk-jdk8u-jdk8u\hotspot\build\vs-amd64\compiler2\fastdebug\node.obj"
         "E:\openjdk-jdk8u-jdk8u\hotspot\build\vs-amd64\compiler2\fastdebug\opcodes.obj"
         "E:\openjdk-jdk8u-jdk8u\hotspot\build\vs-amd64\compiler2\fastdebug\output.obj"
         "E:\openjdk-jdk8u-jdk8u\hotspot\build\vs-amd64\compiler2\fastdebug\parse1.obj"
         "E:\openjdk-jdk8u-jdk8u\hotspot\build\vs-amd64\compiler2\fastdebug\parse2.obj"
         "E:\openjdk-jdk8u-jdk8u\hotspot\build\vs-amd64\compiler2\fastdebug\parse3.obj"
         "E:\openjdk-jdk8u-jdk8u\hotspot\build\vs-amd64\compiler2\fastdebug\parseHelper.obj"
         "E:\openjdk-jdk8u-jdk8u\hotspot\build\vs-amd64\compiler2\fastdebug\phase.obj"
         "E:\openjdk-jdk8u-jdk8u\hotspot\build\vs-amd64\compiler2\fastdebug\phaseX.obj"
         "E:\openjdk-jdk8u-jdk8u\hotspot\build\vs-amd64\compiler2\fastdebug\postaloc.obj"
         "E:\openjdk-jdk8u-jdk8u\hotspot\build\vs-amd64\compiler2\fastdebug\regalloc.obj"
         "E:\openjdk-jdk8u-jdk8u\hotspot\build\vs-amd64\compiler2\fastdebug\regmask.obj"
         "E:\openjdk-jdk8u-jdk8u\hotspot\build\vs-amd64\compiler2\fastdebug\reg_split.obj"
         "E:\openjdk-jdk8u-jdk8u\hotspot\build\vs-amd64\compiler2\fastdebug\replacednodes.obj"
         "E:\openjdk-jdk8u-jdk8u\hotspot\build\vs-amd64\compiler2\fastdebug\rootnode.obj"
         "E:\openjdk-jdk8u-jdk8u\hotspot\build\vs-amd64\compiler2\fastdebug\runtime.obj"
         "E:\openjdk-jdk8u-jdk8u\hotspot\build\vs-amd64\compiler2\fastdebug\split_if.obj"
         "E:\openjdk-jdk8u-jdk8u\hotspot\build\vs-amd64\compiler2\fastdebug\stringopts.obj"
         "E:\openjdk-jdk8u-jdk8u\hotspot\build\vs-amd64\compiler2\fastdebug\subnode.obj"
         "E:\openjdk-jdk8u-jdk8u\hotspot\build\vs-amd64\compiler2\fastdebug\superword.obj"
         "E:\openjdk-jdk8u-jdk8u\hotspot\build\vs-amd64\compiler2\fastdebug\type.obj"
         "E:\openjdk-jdk8u-jdk8u\hotspot\build\vs-amd64\compiler2\fastdebug\vectornode.obj"
         "E:\openjdk-jdk8u-jdk8u\hotspot\build\vs-amd64\compiler2\fastdebug\evmCompat.obj"
         "E:\openjdk-jdk8u-jdk8u\hotspot\build\vs-amd64\compiler2\fastdebug\forte.obj"
         "E:\openjdk-jdk8u-jdk8u\hotspot\build\vs-amd64\compiler2\fastdebug\jni.obj"
         "E:\openjdk-jdk8u-jdk8u\hotspot\build\vs-amd64\compiler2\fastdebug\jniCheck.obj"
         "E:\openjdk-jdk8u-jdk8u\hotspot\build\vs-amd64\compiler2\fastdebug\jniFastGetField.obj"
         "E:\openjdk-jdk8u-jdk8u\hotspot\build\vs-amd64\compiler2\fastdebug\jvm.obj"
         "E:\openjdk-jdk8u-jdk8u\hotspot\build\vs-amd64\compiler2\fastdebug\jvmtiClassFileReconstituter.obj"
         "E:\openjdk-jdk8u-jdk8u\hotspot\build\vs-amd64\compiler2\fastdebug\jvmtiCodeBlobEvents.obj"
         "E:\openjdk-jdk8u-jdk8u\hotspot\build\vs-amd64\compiler2\fastdebug\jvmtiEnv.obj"
         "E:\openjdk-jdk8u-jdk8u\hotspot\build\vs-amd64\compiler2\fastdebug\jvmtiEnvBase.obj"
         "E:\openjdk-jdk8u-jdk8u\hotspot\build\vs-amd64\compiler2\fastdebug\jvmtiEnvThreadState.obj"
         "E:\openjdk-jdk8u-jdk8u\hotspot\build\vs-amd64\compiler2\fastdebug\jvmtiEventController.obj"
         "E:\openjdk-jdk8u-jdk8u\hotspot\build\vs-amd64\compiler2\fastdebug\jvmtiExport.obj"
         "E:\openjdk-jdk8u-jdk8u\hotspot\build\vs-amd64\compiler2\fastdebug\jvmtiExtensions.obj"
         "E:\openjdk-jdk8u-jdk8u\hotspot\build\vs-amd64\compiler2\fastdebug\jvmtiGetLoadedClasses.obj"
         "E:\openjdk-jdk8u-jdk8u\hotspot\build\vs-amd64\compiler2\fastdebug\jvmtiImpl.obj"
         "E:\openjdk-jdk8u-jdk8u\hotspot\build\vs-amd64\compiler2\fastdebug\jvmtiManageCapabilities.obj"
         "E:\openjdk-jdk8u-jdk8u\hotspot\build\vs-amd64\compiler2\fastdebug\jvmtiRawMonitor.obj"
         "E:\openjdk-jdk8u-jdk8u\hotspot\build\vs-amd64\compiler2\fastdebug\jvmtiRedefineClasses.obj"
         "E:\openjdk-jdk8u-jdk8u\hotspot\build\vs-amd64\compiler2\fastdebug\jvmtiTagMap.obj"
         "E:\openjdk-jdk8u-jdk8u\hotspot\build\vs-amd64\compiler2\fastdebug\jvmtiThreadState.obj"
         "E:\openjdk-jdk8u-jdk8u\hotspot\build\vs-amd64\compiler2\fastdebug\jvmtiTrace.obj"
         "E:\openjdk-jdk8u-jdk8u\hotspot\build\vs-amd64\compiler2\fastdebug\jvmtiUtil.obj"
         "E:\openjdk-jdk8u-jdk8u\hotspot\build\vs-amd64\compiler2\fastdebug\methodComparator.obj"
         "E:\openjdk-jdk8u-jdk8u\hotspot\build\vs-amd64\compiler2\fastdebug\methodHandles.obj"
         "E:\openjdk-jdk8u-jdk8u\hotspot\build\vs-amd64\compiler2\fastdebug\nativeLookup.obj"
         "E:\openjdk-jdk8u-jdk8u\hotspot\build\vs-amd64\compiler2\fastdebug\perf.obj"
         "E:\openjdk-jdk8u-jdk8u\hotspot\build\vs-amd64\compiler2\fastdebug\privilegedStack.obj"
         "E:\openjdk-jdk8u-jdk8u\hotspot\build\vs-amd64\compiler2\fastdebug\unsafe.obj"
         "E:\openjdk-jdk8u-jdk8u\hotspot\build\vs-amd64\compiler2\fastdebug\parserTests.obj"
         "E:\openjdk-jdk8u-jdk8u\hotspot\build\vs-amd64\compiler2\fastdebug\whitebox.obj"
         "E:\openjdk-jdk8u-jdk8u\hotspot\build\vs-amd64\compiler2\fastdebug\whitebox_ext.obj"
         "E:\openjdk-jdk8u-jdk8u\hotspot\build\vs-amd64\compiler2\fastdebug\advancedThresholdPolicy.obj"
         "E:\openjdk-jdk8u-jdk8u\hotspot\build\vs-amd64\compiler2\fastdebug\arguments.obj"
         "E:\openjdk-jdk8u-jdk8u\hotspot\build\vs-amd64\compiler2\fastdebug\atomic.obj"
         "E:\openjdk-jdk8u-jdk8u\hotspot\build\vs-amd64\compiler2\fastdebug\basicLock.obj"
         "E:\openjdk-jdk8u-jdk8u\hotspot\build\vs-amd64\compiler2\fastdebug\biasedLocking.obj"
         "E:\openjdk-jdk8u-jdk8u\hotspot\build\vs-amd64\compiler2\fastdebug\compilationPolicy.obj"
         "E:\openjdk-jdk8u-jdk8u\hotspot\build\vs-amd64\compiler2\fastdebug\deoptimization.obj"
         "E:\openjdk-jdk8u-jdk8u\hotspot\build\vs-amd64\compiler2\fastdebug\dtraceJSDT.obj"
         "E:\openjdk-jdk8u-jdk8u\hotspot\build\vs-amd64\compiler2\fastdebug\fieldDescriptor.obj"
         "E:\openjdk-jdk8u-jdk8u\hotspot\build\vs-amd64\compiler2\fastdebug\fieldType.obj"
         "E:\openjdk-jdk8u-jdk8u\hotspot\build\vs-amd64\compiler2\fastdebug\fprofiler.obj"
         "E:\openjdk-jdk8u-jdk8u\hotspot\build\vs-amd64\compiler2\fastdebug\frame.obj"
         "E:\openjdk-jdk8u-jdk8u\hotspot\build\vs-amd64\compiler2\fastdebug\globals.obj"
         "E:\openjdk-jdk8u-jdk8u\hotspot\build\vs-amd64\compiler2\fastdebug\handles.obj"
         "E:\openjdk-jdk8u-jdk8u\hotspot\build\vs-amd64\compiler2\fastdebug\icache.obj"
         "E:\openjdk-jdk8u-jdk8u\hotspot\build\vs-amd64\compiler2\fastdebug\init.obj"
         "E:\openjdk-jdk8u-jdk8u\hotspot\build\vs-amd64\compiler2\fastdebug\interfaceSupport.obj"
         "E:\openjdk-jdk8u-jdk8u\hotspot\build\vs-amd64\compiler2\fastdebug\java.obj"
         "E:\openjdk-jdk8u-jdk8u\hotspot\build\vs-amd64\compiler2\fastdebug\javaCalls.obj"
         "E:\openjdk-jdk8u-jdk8u\hotspot\build\vs-amd64\compiler2\fastdebug\jniHandles.obj"
         "E:\openjdk-jdk8u-jdk8u\hotspot\build\vs-amd64\compiler2\fastdebug\jniPeriodicChecker.obj"
         "E:\openjdk-jdk8u-jdk8u\hotspot\build\vs-amd64\compiler2\fastdebug\memprofiler.obj"
         "E:\openjdk-jdk8u-jdk8u\hotspot\build\vs-amd64\compiler2\fastdebug\monitorChunk.obj"
         "E:\openjdk-jdk8u-jdk8u\hotspot\build\vs-amd64\compiler2\fastdebug\mutex.obj"
         "E:\openjdk-jdk8u-jdk8u\hotspot\build\vs-amd64\compiler2\fastdebug\mutexLocker.obj"
         "E:\openjdk-jdk8u-jdk8u\hotspot\build\vs-amd64\compiler2\fastdebug\objectMonitor.obj"
         "E:\openjdk-jdk8u-jdk8u\hotspot\build\vs-amd64\compiler2\fastdebug\orderAccess.obj"
         "E:\openjdk-jdk8u-jdk8u\hotspot\build\vs-amd64\compiler2\fastdebug\os.obj"
         "E:\openjdk-jdk8u-jdk8u\hotspot\build\vs-amd64\compiler2\fastdebug\osThread.obj"
         "E:\openjdk-jdk8u-jdk8u\hotspot\build\vs-amd64\compiler2\fastdebug\park.obj"
         "E:\openjdk-jdk8u-jdk8u\hotspot\build\vs-amd64\compiler2\fastdebug\perfData.obj"
         "E:\openjdk-jdk8u-jdk8u\hotspot\build\vs-amd64\compiler2\fastdebug\perfMemory.obj"
         "E:\openjdk-jdk8u-jdk8u\hotspot\build\vs-amd64\compiler2\fastdebug\reflection.obj"
         "E:\openjdk-jdk8u-jdk8u\hotspot\build\vs-amd64\compiler2\fastdebug\reflectionUtils.obj"
         "E:\openjdk-jdk8u-jdk8u\hotspot\build\vs-amd64\compiler2\fastdebug\relocator.obj"
         "E:\openjdk-jdk8u-jdk8u\hotspot\build\vs-amd64\compiler2\fastdebug\rframe.obj"
         "E:\openjdk-jdk8u-jdk8u\hotspot\build\vs-amd64\compiler2\fastdebug\safepoint.obj"
         "E:\openjdk-jdk8u-jdk8u\hotspot\build\vs-amd64\compiler2\fastdebug\serviceThread.obj"
         "E:\openjdk-jdk8u-jdk8u\hotspot\build\vs-amd64\compiler2\fastdebug\sharedRuntime.obj"
         "E:\openjdk-jdk8u-jdk8u\hotspot\build\vs-amd64\compiler2\fastdebug\sharedRuntimeTrans.obj"
         "E:\openjdk-jdk8u-jdk8u\hotspot\build\vs-amd64\compiler2\fastdebug\sharedRuntimeTrig.obj"
         "E:\openjdk-jdk8u-jdk8u\hotspot\build\vs-amd64\compiler2\fastdebug\signature.obj"
         "E:\openjdk-jdk8u-jdk8u\hotspot\build\vs-amd64\compiler2\fastdebug\simpleThresholdPolicy.obj"
         "E:\openjdk-jdk8u-jdk8u\hotspot\build\vs-amd64\compiler2\fastdebug\stackValue.obj"
         "E:\openjdk-jdk8u-jdk8u\hotspot\build\vs-amd64\compiler2\fastdebug\stackValueCollection.obj"
         "E:\openjdk-jdk8u-jdk8u\hotspot\build\vs-amd64\compiler2\fastdebug\statSampler.obj"
         "E:\openjdk-jdk8u-jdk8u\hotspot\build\vs-amd64\compiler2\fastdebug\stubCodeGenerator.obj"
         "E:\openjdk-jdk8u-jdk8u\hotspot\build\vs-amd64\compiler2\fastdebug\stubRoutines.obj"
         "E:\openjdk-jdk8u-jdk8u\hotspot\build\vs-amd64\compiler2\fastdebug\sweeper.obj"
         "E:\openjdk-jdk8u-jdk8u\hotspot\build\vs-amd64\compiler2\fastdebug\synchronizer.obj"
         "E:\openjdk-jdk8u-jdk8u\hotspot\build\vs-amd64\compiler2\fastdebug\task.obj"
         "E:\openjdk-jdk8u-jdk8u\hotspot\build\vs-amd64\compiler2\fastdebug\thread.obj"
         "E:\openjdk-jdk8u-jdk8u\hotspot\build\vs-amd64\compiler2\fastdebug\threadLocalStorage.obj"
         "E:\openjdk-jdk8u-jdk8u\hotspot\build\vs-amd64\compiler2\fastdebug\thread_ext.obj"
         "E:\openjdk-jdk8u-jdk8u\hotspot\build\vs-amd64\compiler2\fastdebug\timer.obj"
         "E:\openjdk-jdk8u-jdk8u\hotspot\build\vs-amd64\compiler2\fastdebug\unhandledOops.obj"
         "E:\openjdk-jdk8u-jdk8u\hotspot\build\vs-amd64\compiler2\fastdebug\vframe.obj"
         "E:\openjdk-jdk8u-jdk8u\hotspot\build\vs-amd64\compiler2\fastdebug\vframeArray.obj"
         "E:\openjdk-jdk8u-jdk8u\hotspot\build\vs-amd64\compiler2\fastdebug\vframe_hp.obj"
         "E:\openjdk-jdk8u-jdk8u\hotspot\build\vs-amd64\compiler2\fastdebug\virtualspace.obj"
         "E:\openjdk-jdk8u-jdk8u\hotspot\build\vs-amd64\compiler2\fastdebug\vmStructs.obj"
         "E:\openjdk-jdk8u-jdk8u\hotspot\build\vs-amd64\compiler2\fastdebug\vmThread.obj"
         "E:\openjdk-jdk8u-jdk8u\hotspot\build\vs-amd64\compiler2\fastdebug\vm_operations.obj"
         "E:\openjdk-jdk8u-jdk8u\hotspot\build\vs-amd64\compiler2\fastdebug\vm_version.obj"
         "E:\openjdk-jdk8u-jdk8u\hotspot\build\vs-amd64\compiler2\fastdebug\attachListener.obj"
         "E:\openjdk-jdk8u-jdk8u\hotspot\build\vs-amd64\compiler2\fastdebug\classLoadingService.obj"
         "E:\openjdk-jdk8u-jdk8u\hotspot\build\vs-amd64\compiler2\fastdebug\diagnosticArgument.obj"
         "E:\openjdk-jdk8u-jdk8u\hotspot\build\vs-amd64\compiler2\fastdebug\diagnosticCommand.obj"
         "E:\openjdk-jdk8u-jdk8u\hotspot\build\vs-amd64\compiler2\fastdebug\diagnosticFramework.obj"
         "E:\openjdk-jdk8u-jdk8u\hotspot\build\vs-amd64\compiler2\fastdebug\dtraceAttacher.obj"
         "E:\openjdk-jdk8u-jdk8u\hotspot\build\vs-amd64\compiler2\fastdebug\g1MemoryPool.obj"
         "E:\openjdk-jdk8u-jdk8u\hotspot\build\vs-amd64\compiler2\fastdebug\gcNotifier.obj"
         "E:\openjdk-jdk8u-jdk8u\hotspot\build\vs-amd64\compiler2\fastdebug\heapDumper.obj"
         "E:\openjdk-jdk8u-jdk8u\hotspot\build\vs-amd64\compiler2\fastdebug\lowMemoryDetector.obj"
         "E:\openjdk-jdk8u-jdk8u\hotspot\build\vs-amd64\compiler2\fastdebug\mallocSiteTable.obj"
         "E:\openjdk-jdk8u-jdk8u\hotspot\build\vs-amd64\compiler2\fastdebug\mallocTracker.obj"
         "E:\openjdk-jdk8u-jdk8u\hotspot\build\vs-amd64\compiler2\fastdebug\management.obj"
         "E:\openjdk-jdk8u-jdk8u\hotspot\build\vs-amd64\compiler2\fastdebug\memBaseline.obj"
         "E:\openjdk-jdk8u-jdk8u\hotspot\build\vs-amd64\compiler2\fastdebug\memoryManager.obj"
         "E:\openjdk-jdk8u-jdk8u\hotspot\build\vs-amd64\compiler2\fastdebug\memoryPool.obj"
         "E:\openjdk-jdk8u-jdk8u\hotspot\build\vs-amd64\compiler2\fastdebug\memoryService.obj"
         "E:\openjdk-jdk8u-jdk8u\hotspot\build\vs-amd64\compiler2\fastdebug\memReporter.obj"
         "E:\openjdk-jdk8u-jdk8u\hotspot\build\vs-amd64\compiler2\fastdebug\memTracker.obj"
         "E:\openjdk-jdk8u-jdk8u\hotspot\build\vs-amd64\compiler2\fastdebug\nmtCommon.obj"
         "E:\openjdk-jdk8u-jdk8u\hotspot\build\vs-amd64\compiler2\fastdebug\nmtDCmd.obj"
         "E:\openjdk-jdk8u-jdk8u\hotspot\build\vs-amd64\compiler2\fastdebug\psMemoryPool.obj"
         "E:\openjdk-jdk8u-jdk8u\hotspot\build\vs-amd64\compiler2\fastdebug\runtimeService.obj"
         "E:\openjdk-jdk8u-jdk8u\hotspot\build\vs-amd64\compiler2\fastdebug\threadService.obj"
         "E:\openjdk-jdk8u-jdk8u\hotspot\build\vs-amd64\compiler2\fastdebug\virtualMemoryTracker.obj"
         "E:\openjdk-jdk8u-jdk8u\hotspot\build\vs-amd64\compiler2\fastdebug\accessFlags.obj"
         "E:\openjdk-jdk8u-jdk8u\hotspot\build\vs-amd64\compiler2\fastdebug\array.obj"
         "E:\openjdk-jdk8u-jdk8u\hotspot\build\vs-amd64\compiler2\fastdebug\bitMap.obj"
         "E:\openjdk-jdk8u-jdk8u\hotspot\build\vs-amd64\compiler2\fastdebug\chunkedList.obj"
         "E:\openjdk-jdk8u-jdk8u\hotspot\build\vs-amd64\compiler2\fastdebug\constantTag.obj"
         "E:\openjdk-jdk8u-jdk8u\hotspot\build\vs-amd64\compiler2\fastdebug\copy.obj"
         "E:\openjdk-jdk8u-jdk8u\hotspot\build\vs-amd64\compiler2\fastdebug\debug.obj"
         "E:\openjdk-jdk8u-jdk8u\hotspot\build\vs-amd64\compiler2\fastdebug\decoder.obj"
         "E:\openjdk-jdk8u-jdk8u\hotspot\build\vs-amd64\compiler2\fastdebug\decoder_elf.obj"
         "E:\openjdk-jdk8u-jdk8u\hotspot\build\vs-amd64\compiler2\fastdebug\elfFile.obj"
         "E:\openjdk-jdk8u-jdk8u\hotspot\build\vs-amd64\compiler2\fastdebug\elfFuncDescTable.obj"
         "E:\openjdk-jdk8u-jdk8u\hotspot\build\vs-amd64\compiler2\fastdebug\elfStringTable.obj"
         "E:\openjdk-jdk8u-jdk8u\hotspot\build\vs-amd64\compiler2\fastdebug\elfSymbolTable.obj"
         "E:\openjdk-jdk8u-jdk8u\hotspot\build\vs-amd64\compiler2\fastdebug\errorReporter.obj"
         "E:\openjdk-jdk8u-jdk8u\hotspot\build\vs-amd64\compiler2\fastdebug\events.obj"
         "E:\openjdk-jdk8u-jdk8u\hotspot\build\vs-amd64\compiler2\fastdebug\exceptions.obj"
         "E:\openjdk-jdk8u-jdk8u\hotspot\build\vs-amd64\compiler2\fastdebug\globalDefinitions.obj"
         "E:\openjdk-jdk8u-jdk8u\hotspot\build\vs-amd64\compiler2\fastdebug\growableArray.obj"
         "E:\openjdk-jdk8u-jdk8u\hotspot\build\vs-amd64\compiler2\fastdebug\hashtable.obj"
         "E:\openjdk-jdk8u-jdk8u\hotspot\build\vs-amd64\compiler2\fastdebug\histogram.obj"
         "E:\openjdk-jdk8u-jdk8u\hotspot\build\vs-amd64\compiler2\fastdebug\intHisto.obj"
         "E:\openjdk-jdk8u-jdk8u\hotspot\build\vs-amd64\compiler2\fastdebug\linkedlist.obj"
         "E:\openjdk-jdk8u-jdk8u\hotspot\build\vs-amd64\compiler2\fastdebug\nativeCallStack.obj"
         "E:\openjdk-jdk8u-jdk8u\hotspot\build\vs-amd64\compiler2\fastdebug\numberSeq.obj"
         "E:\openjdk-jdk8u-jdk8u\hotspot\build\vs-amd64\compiler2\fastdebug\ostream.obj"
         "E:\openjdk-jdk8u-jdk8u\hotspot\build\vs-amd64\compiler2\fastdebug\preserveException.obj"
         "E:\openjdk-jdk8u-jdk8u\hotspot\build\vs-amd64\compiler2\fastdebug\quickSort.obj"
         "E:\openjdk-jdk8u-jdk8u\hotspot\build\vs-amd64\compiler2\fastdebug\sizes.obj"
         "E:\openjdk-jdk8u-jdk8u\hotspot\build\vs-amd64\compiler2\fastdebug\stringUtils.obj"
         "E:\openjdk-jdk8u-jdk8u\hotspot\build\vs-amd64\compiler2\fastdebug\taskqueue.obj"
         "E:\openjdk-jdk8u-jdk8u\hotspot\build\vs-amd64\compiler2\fastdebug\ticks.obj"
         "E:\openjdk-jdk8u-jdk8u\hotspot\build\vs-amd64\compiler2\fastdebug\utf8.obj"
         "E:\openjdk-jdk8u-jdk8u\hotspot\build\vs-amd64\compiler2\fastdebug\vmError.obj"
         "E:\openjdk-jdk8u-jdk8u\hotspot\build\vs-amd64\compiler2\fastdebug\workgroup.obj"
         "E:\openjdk-jdk8u-jdk8u\hotspot\build\vs-amd64\compiler2\fastdebug\xmlstream.obj"
         "E:\openjdk-jdk8u-jdk8u\hotspot\build\vs-amd64\compiler2\fastdebug\yieldingWorkgroup.obj"
         "E:\openjdk-jdk8u-jdk8u\hotspot\build\vs-amd64\compiler2\fastdebug\ad_x86_64.obj"
         "E:\openjdk-jdk8u-jdk8u\hotspot\build\vs-amd64\compiler2\fastdebug\ad_x86_64_clone.obj"
         "E:\openjdk-jdk8u-jdk8u\hotspot\build\vs-amd64\compiler2\fastdebug\ad_x86_64_expand.obj"
         "E:\openjdk-jdk8u-jdk8u\hotspot\build\vs-amd64\compiler2\fastdebug\ad_x86_64_format.obj"
         "E:\openjdk-jdk8u-jdk8u\hotspot\build\vs-amd64\compiler2\fastdebug\ad_x86_64_gen.obj"
         "E:\openjdk-jdk8u-jdk8u\hotspot\build\vs-amd64\compiler2\fastdebug\ad_x86_64_misc.obj"
         "E:\openjdk-jdk8u-jdk8u\hotspot\build\vs-amd64\compiler2\fastdebug\ad_x86_64_peephole.obj"
         "E:\openjdk-jdk8u-jdk8u\hotspot\build\vs-amd64\compiler2\fastdebug\ad_x86_64_pipeline.obj"
         "E:\openjdk-jdk8u-jdk8u\hotspot\build\vs-amd64\compiler2\fastdebug\dfa_x86_64.obj"
         "E:\openjdk-jdk8u-jdk8u\hotspot\build\vs-amd64\compiler2\fastdebug\bytecodeInterpreterWithChecks.obj"
         "E:\openjdk-jdk8u-jdk8u\hotspot\build\vs-amd64\compiler2\fastdebug\jvmtiEnter.obj"
         "E:\openjdk-jdk8u-jdk8u\hotspot\build\vs-amd64\compiler2\fastdebug\jvmtiEnterTrace.obj" /export:JNI_GetDefaultJavaVMInitArgs /export:JNI_CreateJavaVM /export:JVM_FindClassFromBootLoader /export:JNI_GetCreatedJavaVMs /export:jio_snprintf /export:jio_printf /export:jio_fprintf /export:jio_vfprintf /export:jio_vsnprintf /export:JVM_GetVersionInfo /export:JVM_GetThreadStateNames /export:JVM_GetThreadStateValues /export:JVM_InitAgentProperties /export:AsyncGetCallTrace
     1>forte.obj : warning LNK4197: export 'AsyncGetCallTrace' specified multiple times; using first specification
     1>jni.obj : warning LNK4197: export 'JNI_GetDefaultJavaVMInitArgs' specified multiple times; using first specification
     1>jni.obj : warning LNK4197: export 'JNI_GetCreatedJavaVMs' specified multiple times; using first specification
     1>jni.obj : warning LNK4197: export 'JNI_CreateJavaVM' specified multiple times; using first specification
     1>jvm.obj : warning LNK4197: export 'jio_vsnprintf' specified multiple times; using first specification
     1>jvm.obj : warning LNK4197: export 'jio_snprintf' specified multiple times; using first specification
     1>jvm.obj : warning LNK4197: export 'jio_vfprintf' specified multiple times; using first specification
     1>jvm.obj : warning LNK4197: export 'jio_printf' specified multiple times; using first specification
     1>jvm.obj : warning LNK4197: export 'jio_fprintf' specified multiple times; using first specification
     1>jvm.obj : warning LNK4197: export 'JVM_InitAgentProperties' specified multiple times; using first specification
     1>jvm.obj : warning LNK4197: export 'JVM_GetVersionInfo' specified multiple times; using first specification
     1>jvm.obj : warning LNK4197: export 'JVM_GetThreadStateValues' specified multiple times; using first specification
     1>jvm.obj : warning LNK4197: export 'JVM_FindClassFromBootLoader' specified multiple times; using first specification
     1>jvm.obj : warning LNK4197: export 'JVM_GetThreadStateNames' specified multiple times; using first specification
            Creating library E:\openjdk-jdk8u-jdk8u\hotspot\build\vs-amd64\compiler2\fastdebug\jvm.lib and object E:\openjdk-jdk8u-jdk8u\hotspot\build\vs-amd64\compiler2\fastdebug\jvm.exp
         jvm.vcxproj -> E:\openjdk-jdk8u-jdk8u\hotspot\build\vs-amd64\compiler2\fastdebug\jvm.dll
       Manifest:
         C:\Program Files (x86)\Microsoft SDKs\Windows\v7.0A\bin\mt.exe /nologo /verbose /outputresource:"E:\openjdk-jdk8u-jdk8u\hotspot\build\vs-amd64\compiler2\fastdebug\jvm.dll;#2" /manifest "E:\openjdk-jdk8u-jdk8u\hotspot\build\vs-amd64\compiler2\fastdebug\jvm.dll.intermediate.manifest"
       BscMake:
         All outputs are up-to-date.
       FinalizeBuildStatus:
         Deleting file "E:\openjdk-jdk8u-jdk8u\hotspot\build\vs-amd64\compiler2\fastdebug\jvm.unsuccessfulbuild".
         Touching "E:\openjdk-jdk8u-jdk8u\hotspot\build\vs-amd64\compiler2\fastdebug\jvm.lastbuildstate".
     1>Done Building Project "E:\openjdk-jdk8u-jdk8u\hotspot\build\vs-amd64\jvm.vcxproj" (build target(s)).

Build succeeded.

Time Elapsed 00:00:08.90
